1.4942 	ERROR 	avbin.dll failed to load. Try importing psychopy.visual
  as the first library (before anything that uses scipy)
  and make sure that avbin is installed.
11.3170 	DATA 	version B
46.3455 	DATA 	Mouse: Left button down, pos=(98,651)
46.4253 	DATA 	Mouse:  Left button up, pos=(98,651)
48.1954 	DATA 	Keypress: space
48.1959 	DATA 	waiting for trigger
51.0122 	DATA 	Keypress: a
58.8288 	DATA 	Keypress: b
64.8788 	DATA 	Keypress: lshift
64.8793 	DATA 	Keypress: t
64.8804 	DATA 	TRIGGERED
64.9185 	DATA 	Begin trial
65.6594 	DATA 	Keypress: a
65.9273 	DATA 	Keypress: b
66.1930 	DATA 	Keypress: a
66.3786 	DATA 	Keypress: b
66.5290 	DATA 	Keypress: a
66.6954 	DATA 	Keypress: b
66.7955 	DATA 	Keypress: a
66.9287 	DATA 	Keypress: b
67.0289 	DATA 	Keypress: a
67.2288 	DATA 	Keypress: a
67.5953 	DATA 	Keypress: a
67.7955 	DATA 	Keypress: a
67.8789 	DATA 	Keypress: lshift
67.8795 	DATA 	Keypress: t
67.9787 	DATA 	Keypress: a
68.1454 	DATA 	Keypress: b
68.3788 	DATA 	Keypress: b
68.5456 	DATA 	Keypress: b
68.7459 	DATA 	Keypress: b
68.9636 	DATA 	Keypress: b
69.3288 	DATA 	Keypress: a
69.5289 	DATA 	Keypress: a
69.7122 	DATA 	Keypress: a
69.8788 	DATA 	Keypress: a
70.1290 	DATA 	Keypress: b
70.3794 	DATA 	Keypress: a
70.4956 	DATA 	Keypress: b
70.6126 	DATA 	Keypress: a
70.7787 	DATA 	Keypress: b
70.8788 	DATA 	Keypress: lshift
70.8793 	DATA 	Keypress: t
70.8955 	DATA 	Keypress: a
71.0455 	DATA 	Keypress: b
71.2456 	DATA 	Keypress: b
71.4289 	DATA 	Keypress: b
71.6121 	DATA 	Keypress: b
71.7955 	DATA 	Keypress: b
71.9621 	DATA 	Keypress: a
72.1288 	DATA 	Keypress: b
72.1786 	DATA 	Keypress: a
72.4306 	DATA 	Keypress: b
72.7788 	DATA 	Keypress: a
73.1792 	DATA 	Keypress: b
73.3953 	DATA 	Keypress: b
73.6454 	DATA 	Keypress: b
73.8788 	DATA 	Keypress: lshift
73.8797 	DATA 	Keypress: t
73.8816 	DATA 	Keypress: b
74.0289 	DATA 	Keypress: a
74.2308 	DATA 	Keypress: b
74.3787 	DATA 	Keypress: a
74.5290 	DATA 	Keypress: b
74.5788 	DATA 	Keypress: a
74.7454 	DATA 	Keypress: a
74.9121 	DATA 	Keypress: a
75.0621 	DATA 	Keypress: a
75.3121 	DATA 	Keypress: a
75.4622 	DATA 	Keypress: b
75.6956 	DATA 	Keypress: b
75.8955 	DATA 	Keypress: b
76.2124 	DATA 	Keypress: b
76.4121 	DATA 	Keypress: b
76.5953 	DATA 	Keypress: b
76.7457 	DATA 	Keypress: b
76.8786 	DATA 	Keypress: lshift
76.8791 	DATA 	Keypress: t
76.9303 	DATA 	Keypress: b
77.1122 	DATA 	Keypress: b
77.3787 	DATA 	Keypress: a
77.5620 	DATA 	Keypress: a
77.7122 	DATA 	Keypress: a
77.8788 	DATA 	Keypress: a
78.0124 	DATA 	Keypress: a
78.2286 	DATA 	Keypress: a
78.4287 	DATA 	Keypress: b
78.6121 	DATA 	Keypress: a
78.7456 	DATA 	Keypress: b
78.9621 	DATA 	Keypress: b
79.1289 	DATA 	Keypress: b
79.2956 	DATA 	Keypress: b
79.4624 	DATA 	Keypress: a
79.6789 	DATA 	Keypress: a
79.8457 	DATA 	Keypress: a
79.8787 	DATA 	Keypress: lshift
79.8792 	DATA 	Keypress: t
80.0125 	DATA 	Keypress: a
80.1637 	DATA 	Keypress: b
80.2975 	DATA 	Keypress: a
80.4622 	DATA 	Keypress: b
80.5289 	DATA 	Keypress: a
80.6788 	DATA 	Keypress: b
80.7455 	DATA 	Keypress: a
80.9643 	DATA 	End trial
81.0121 	DATA 	Keypress: b
81.1621 	DATA 	Keypress: a
81.6454 	DATA 	Keypress: a
82.8787 	DATA 	Keypress: lshift
82.8793 	DATA 	Keypress: t
84.0789 	DATA 	Keypress: a
84.3618 	DATA 	Keypress: b
85.8787 	DATA 	Keypress: lshift
85.8792 	DATA 	Keypress: t
88.8786 	DATA 	Keypress: lshift
88.8791 	DATA 	Keypress: t
88.8955 	DATA 	Keypress: a
89.1955 	DATA 	Keypress: b
91.8786 	DATA 	Keypress: lshift
91.8791 	DATA 	Keypress: t
94.8788 	DATA 	Keypress: lshift
94.8793 	DATA 	Keypress: t
94.9471 	DATA 	Begin trial
95.4952 	DATA 	Keypress: a
95.6456 	DATA 	Keypress: b
95.8620 	DATA 	Keypress: a
96.1120 	DATA 	Keypress: b
96.2622 	DATA 	Keypress: a
96.4460 	DATA 	Keypress: a
96.6288 	DATA 	Keypress: a
96.8289 	DATA 	Keypress: a
96.9788 	DATA 	Keypress: a
97.1622 	DATA 	Keypress: a
97.3622 	DATA 	Keypress: a
97.5787 	DATA 	Keypress: a
97.7957 	DATA 	Keypress: b
97.8787 	DATA 	Keypress: lshift
97.8792 	DATA 	Keypress: t
97.9953 	DATA 	Keypress: a
98.1642 	DATA 	Keypress: b
98.2453 	DATA 	Keypress: a
98.6125 	DATA 	Keypress: a
98.8121 	DATA 	Keypress: a
98.9786 	DATA 	Keypress: a
99.1620 	DATA 	Keypress: a
99.3453 	DATA 	Keypress: a
99.5454 	DATA 	Keypress: a
99.7291 	DATA 	Keypress: a
99.9120 	DATA 	Keypress: a
100.0292 	DATA 	Keypress: b
100.2288 	DATA 	Keypress: a
100.4293 	DATA 	Keypress: a
100.8121 	DATA 	Keypress: a
100.8787 	DATA 	Keypress: lshift
100.8792 	DATA 	Keypress: t
101.1787 	DATA 	Keypress: a
101.3455 	DATA 	Keypress: b
101.7953 	DATA 	Keypress: a
101.9874 	DATA 	End trial
102.0259 	DATA 	Keypress: a
103.8787 	DATA 	Keypress: lshift
103.8792 	DATA 	Keypress: t
106.8789 	DATA 	Keypress: lshift
106.8794 	DATA 	Keypress: t
109.8789 	DATA 	Keypress: lshift
109.8795 	DATA 	Keypress: t
112.8788 	DATA 	Keypress: lshift
112.8793 	DATA 	Keypress: t
115.8789 	DATA 	Keypress: lshift
115.8794 	DATA 	Keypress: t
118.8788 	DATA 	Keypress: lshift
118.8793 	DATA 	Keypress: t
121.8786 	DATA 	Keypress: lshift
121.8791 	DATA 	Keypress: t
124.8786 	DATA 	Keypress: lshift
124.8792 	DATA 	Keypress: t
124.9805 	DATA 	Begin trial
125.4456 	DATA 	Keypress: a
125.6456 	DATA 	Keypress: b
125.8622 	DATA 	Keypress: a
126.0121 	DATA 	Keypress: b
126.1287 	DATA 	Keypress: a
126.2953 	DATA 	Keypress: b
126.4120 	DATA 	Keypress: a
126.5622 	DATA 	Keypress: b
126.7287 	DATA 	Keypress: a
126.9954 	DATA 	Keypress: b
127.1955 	DATA 	Keypress: a
127.4456 	DATA 	Keypress: b
127.6452 	DATA 	Keypress: a
127.8122 	DATA 	Keypress: b
127.8787 	DATA 	Keypress: lshift
127.8792 	DATA 	Keypress: t
127.9620 	DATA 	Keypress: a
128.1123 	DATA 	Keypress: b
128.2619 	DATA 	Keypress: a
128.4287 	DATA 	Keypress: b
128.6287 	DATA 	Keypress: b
128.8619 	DATA 	Keypress: b
129.0453 	DATA 	Keypress: b
129.3290 	DATA 	Keypress: b
129.5289 	DATA 	Keypress: a
129.6955 	DATA 	Keypress: a
129.9120 	DATA 	Keypress: a
130.1125 	DATA 	Keypress: a
130.3285 	DATA 	Keypress: a
130.5790 	DATA 	Keypress: b
130.8120 	DATA 	Keypress: b
130.8786 	DATA 	Keypress: lshift
130.8791 	DATA 	Keypress: t
131.0287 	DATA 	Keypress: b
131.2289 	DATA 	Keypress: b
131.4125 	DATA 	Keypress: b
131.5955 	DATA 	Keypress: b
131.9956 	DATA 	Keypress: a
132.2287 	DATA 	Keypress: a
132.4785 	DATA 	Keypress: b
132.6121 	DATA 	Keypress: a
132.7622 	DATA 	Keypress: b
132.9456 	DATA 	Keypress: a
133.3795 	DATA 	Keypress: a
133.4787 	DATA 	Keypress: b
133.6789 	DATA 	Keypress: b
133.8456 	DATA 	Keypress: a
133.8787 	DATA 	Keypress: lshift
133.8792 	DATA 	Keypress: t
133.9959 	DATA 	Keypress: b
134.1458 	DATA 	Keypress: a
134.2955 	DATA 	Keypress: b
134.4470 	DATA 	Keypress: a
134.5955 	DATA 	Keypress: b
134.7287 	DATA 	Keypress: a
134.8787 	DATA 	Keypress: b
135.0171 	DATA 	End trial
135.0757 	DATA 	Keypress: a
136.8788 	DATA 	Keypress: lshift
136.8793 	DATA 	Keypress: t
139.8785 	DATA 	Keypress: lshift
139.8790 	DATA 	Keypress: t
142.8786 	DATA 	Keypress: lshift
142.8791 	DATA 	Keypress: t
145.8787 	DATA 	Keypress: lshift
145.8792 	DATA 	Keypress: t
148.8787 	DATA 	Keypress: lshift
148.8792 	DATA 	Keypress: t
151.8787 	DATA 	Keypress: lshift
151.8792 	DATA 	Keypress: t
154.8788 	DATA 	Keypress: lshift
154.8794 	DATA 	Keypress: t
155.0158 	DATA 	Begin trial
155.5292 	DATA 	Keypress: a
155.8289 	DATA 	Keypress: b
156.1746 	DATA 	Keypress: a
156.3621 	DATA 	Keypress: a
156.7287 	DATA 	Keypress: a
156.9956 	DATA 	Keypress: b
157.1288 	DATA 	Keypress: a
157.3119 	DATA 	Keypress: b
157.3955 	DATA 	Keypress: a
157.5620 	DATA 	Keypress: b
157.6639 	DATA 	Keypress: a
157.8288 	DATA 	Keypress: b
157.8788 	DATA 	Keypress: lshift
157.8793 	DATA 	Keypress: t
157.9287 	DATA 	Keypress: a
158.0808 	DATA 	Keypress: b
158.2123 	DATA 	Keypress: a
158.3620 	DATA 	Keypress: b
158.5127 	DATA 	Keypress: a
158.6789 	DATA 	Keypress: b
158.7957 	DATA 	Keypress: a
158.9476 	DATA 	Keypress: b
159.0788 	DATA 	Keypress: a
159.2288 	DATA 	Keypress: b
159.3455 	DATA 	Keypress: a
159.4792 	DATA 	Keypress: b
159.5787 	DATA 	Keypress: a
159.7288 	DATA 	Keypress: b
159.8623 	DATA 	Keypress: a
160.0955 	DATA 	Keypress: a
160.3119 	DATA 	Keypress: a
160.4621 	DATA 	Keypress: a
160.5621 	DATA 	Keypress: b
160.7454 	DATA 	Keypress: a
160.8139 	DATA 	Keypress: b
160.8787 	DATA 	Keypress: lshift
160.8792 	DATA 	Keypress: t
161.1120 	DATA 	Keypress: b
161.2473 	DATA 	Keypress: a
161.4119 	DATA 	Keypress: b
161.5286 	DATA 	Keypress: a
161.6784 	DATA 	Keypress: b
161.7622 	DATA 	Keypress: a
161.8955 	DATA 	Keypress: b
161.9955 	DATA 	Keypress: a
162.1460 	DATA 	Keypress: b
162.2624 	DATA 	Keypress: a
162.4125 	DATA 	Keypress: b
162.5122 	DATA 	Keypress: a
162.6622 	DATA 	Keypress: b
162.7620 	DATA 	Keypress: a
162.9121 	DATA 	Keypress: b
163.0288 	DATA 	Keypress: a
163.1791 	DATA 	Keypress: b
163.2792 	DATA 	Keypress: a
163.4289 	DATA 	Keypress: b
163.5288 	DATA 	Keypress: a
163.6952 	DATA 	Keypress: b
163.8288 	DATA 	Keypress: a
163.8785 	DATA 	Keypress: lshift
163.8790 	DATA 	Keypress: t
163.9790 	DATA 	Keypress: b
164.0955 	DATA 	Keypress: a
164.2121 	DATA 	Keypress: b
164.3955 	DATA 	Keypress: a
164.5620 	DATA 	Keypress: b
164.6806 	DATA 	Keypress: a
164.8956 	DATA 	Keypress: b
165.0455 	DATA 	Keypress: a
165.1626 	DATA 	Keypress: b
165.2642 	DATA 	Keypress: a
165.4121 	DATA 	Keypress: b
165.5287 	DATA 	Keypress: a
165.6790 	DATA 	Keypress: b
165.7788 	DATA 	Keypress: a
165.9306 	DATA 	Keypress: b
166.1122 	DATA 	Keypress: a
166.2620 	DATA 	Keypress: b
166.4456 	DATA 	Keypress: b
166.6304 	DATA 	Keypress: b
166.8455 	DATA 	Keypress: b
166.8788 	DATA 	Keypress: lshift
166.8794 	DATA 	Keypress: t
167.0126 	DATA 	Keypress: b
167.1955 	DATA 	Keypress: a
167.4309 	DATA 	Keypress: a
167.6288 	DATA 	Keypress: b
167.7785 	DATA 	Keypress: a
167.9459 	DATA 	Keypress: a
168.0953 	DATA 	Keypress: a
168.2953 	DATA 	Keypress: a
168.4788 	DATA 	Keypress: a
168.6621 	DATA 	Keypress: a
168.8788 	DATA 	Keypress: a
169.0472 	DATA 	Keypress: b
169.1623 	DATA 	Keypress: a
169.3288 	DATA 	Keypress: b
169.4289 	DATA 	Keypress: a
169.5956 	DATA 	Keypress: b
169.6935 	DATA 	Keypress: a
169.8621 	DATA 	Keypress: b
169.8788 	DATA 	Keypress: lshift
169.8793 	DATA 	Keypress: t
170.0288 	DATA 	Keypress: a
170.1639 	DATA 	Keypress: b
170.2622 	DATA 	Keypress: a
170.3956 	DATA 	Keypress: b
170.5142 	DATA 	Keypress: a
170.7122 	DATA 	Keypress: b
170.8953 	DATA 	Keypress: a
171.2456 	DATA 	Keypress: b
171.3953 	DATA 	Keypress: a
171.5954 	DATA 	Keypress: b
171.7310 	DATA 	Keypress: a
171.8621 	DATA 	Keypress: b
171.9792 	DATA 	Keypress: a
172.0562 	DATA 	End trial
172.1452 	DATA 	Keypress: b
172.2955 	DATA 	Keypress: a
172.8785 	DATA 	Keypress: lshift
172.8790 	DATA 	Keypress: t
175.8788 	DATA 	Keypress: lshift
175.8793 	DATA 	Keypress: t
178.8786 	DATA 	Keypress: lshift
178.8791 	DATA 	Keypress: t
181.8788 	DATA 	Keypress: lshift
181.8794 	DATA 	Keypress: t
184.8787 	DATA 	Keypress: lshift
184.8793 	DATA 	Keypress: t
185.0472 	DATA 	Begin trial
185.8622 	DATA 	Keypress: a
186.0954 	DATA 	Keypress: a
186.3456 	DATA 	Keypress: b
186.4787 	DATA 	Keypress: a
186.6789 	DATA 	Keypress: b
186.7956 	DATA 	Keypress: a
186.9788 	DATA 	Keypress: b
187.0955 	DATA 	Keypress: a
187.2788 	DATA 	Keypress: b
187.3956 	DATA 	Keypress: a
187.5620 	DATA 	Keypress: b
187.6623 	DATA 	Keypress: a
187.8126 	DATA 	Keypress: b
187.8787 	DATA 	Keypress: lshift
187.8792 	DATA 	Keypress: t
187.9622 	DATA 	Keypress: a
188.1287 	DATA 	Keypress: b
188.2621 	DATA 	Keypress: a
188.4287 	DATA 	Keypress: b
188.5455 	DATA 	Keypress: a
188.7145 	DATA 	Keypress: a
188.9124 	DATA 	Keypress: a
189.0788 	DATA 	Keypress: a
189.2788 	DATA 	Keypress: a
189.4457 	DATA 	Keypress: a
189.6454 	DATA 	Keypress: a
189.7956 	DATA 	Keypress: a
190.0955 	DATA 	Keypress: a
190.0966 	DATA 	Keypress: b
190.3456 	DATA 	Keypress: b
190.5453 	DATA 	Keypress: b
190.7620 	DATA 	Keypress: b
190.8788 	DATA 	Keypress: lshift
190.8793 	DATA 	Keypress: t
190.9623 	DATA 	Keypress: b
191.1618 	DATA 	Keypress: b
191.3454 	DATA 	Keypress: b
191.5454 	DATA 	Keypress: b
191.7286 	DATA 	Keypress: b
192.2955 	DATA 	Keypress: b
192.4971 	DATA 	Keypress: a
192.6953 	DATA 	Keypress: b
192.7791 	DATA 	Keypress: a
192.9455 	DATA 	Keypress: b
193.0122 	DATA 	Keypress: a
193.1623 	DATA 	Keypress: b
193.2288 	DATA 	Keypress: a
193.3454 	DATA 	Keypress: b
193.4455 	DATA 	Keypress: a
193.5954 	DATA 	Keypress: b
193.6642 	DATA 	Keypress: a
193.7954 	DATA 	Keypress: b
193.8789 	DATA 	Keypress: lshift
193.8794 	DATA 	Keypress: t
193.8807 	DATA 	Keypress: a
194.0789 	DATA 	Keypress: b
194.1620 	DATA 	Keypress: a
194.2954 	DATA 	Keypress: b
194.3953 	DATA 	Keypress: a
194.5286 	DATA 	Keypress: b
194.6121 	DATA 	Keypress: a
194.7621 	DATA 	Keypress: b
194.8787 	DATA 	Keypress: a
195.0954 	DATA 	Keypress: b
195.2288 	DATA 	Keypress: a
195.3954 	DATA 	Keypress: b
195.4791 	DATA 	Keypress: a
195.6622 	DATA 	Keypress: b
195.7622 	DATA 	Keypress: a
195.9286 	DATA 	Keypress: b
196.0288 	DATA 	Keypress: a
196.2287 	DATA 	Keypress: b
196.4786 	DATA 	Keypress: b
196.5791 	DATA 	Keypress: a
196.7622 	DATA 	Keypress: b
196.8453 	DATA 	Keypress: a
196.8789 	DATA 	Keypress: lshift
196.8795 	DATA 	Keypress: t
196.9976 	DATA 	Keypress: b
197.0626 	DATA 	Keypress: a
197.2288 	DATA 	Keypress: a
197.4126 	DATA 	Keypress: a
197.6953 	DATA 	Keypress: b
197.8623 	DATA 	Keypress: a
198.0287 	DATA 	Keypress: b
198.1454 	DATA 	Keypress: a
198.3458 	DATA 	Keypress: a
198.5289 	DATA 	Keypress: a
198.7123 	DATA 	Keypress: a
198.8955 	DATA 	Keypress: a
199.0790 	DATA 	Keypress: a
199.3289 	DATA 	Keypress: b
199.4454 	DATA 	Keypress: a
199.5956 	DATA 	Keypress: b
199.6971 	DATA 	Keypress: a
199.8640 	DATA 	Keypress: b
199.8789 	DATA 	Keypress: lshift
199.8794 	DATA 	Keypress: t
199.9787 	DATA 	Keypress: a
200.1454 	DATA 	Keypress: b
200.2788 	DATA 	Keypress: a
200.4453 	DATA 	Keypress: b
200.5808 	DATA 	Keypress: a
200.7955 	DATA 	Keypress: b
200.9454 	DATA 	Keypress: a
201.0881 	DATA 	End trial
201.1089 	DATA 	Keypress: b
201.2288 	DATA 	Keypress: a
201.3786 	DATA 	Keypress: b
201.4955 	DATA 	Keypress: a
202.8787 	DATA 	Keypress: lshift
202.8793 	DATA 	Keypress: t
205.8789 	DATA 	Keypress: lshift
205.8794 	DATA 	Keypress: t
208.8788 	DATA 	Keypress: lshift
208.8793 	DATA 	Keypress: t
211.8789 	DATA 	Keypress: lshift
211.8794 	DATA 	Keypress: t
214.8787 	DATA 	Keypress: lshift
214.8792 	DATA 	Keypress: t
215.0807 	DATA 	Begin trial
215.6788 	DATA 	Keypress: a
215.8622 	DATA 	Keypress: b
215.9954 	DATA 	Keypress: a
216.1793 	DATA 	Keypress: b
216.2954 	DATA 	Keypress: a
216.4454 	DATA 	Keypress: b
216.5621 	DATA 	Keypress: a
216.7455 	DATA 	Keypress: b
216.8622 	DATA 	Keypress: a
217.0288 	DATA 	Keypress: b
217.1435 	DATA 	Keypress: a
217.2934 	DATA 	Keypress: b
217.4100 	DATA 	Keypress: a
217.5600 	DATA 	Keypress: b
217.6767 	DATA 	Keypress: a
217.8267 	DATA 	Keypress: b
217.8766 	DATA 	Keypress: lshift
217.8770 	DATA 	Keypress: t
217.9433 	DATA 	Keypress: a
218.0804 	DATA 	Keypress: b
218.1787 	DATA 	Keypress: a
218.4119 	DATA 	Keypress: b
218.5453 	DATA 	Keypress: a
218.5465 	DATA 	Keypress: b
218.6954 	DATA 	Keypress: b
218.7974 	DATA 	Keypress: a
218.9620 	DATA 	Keypress: b
219.0454 	DATA 	Keypress: a
219.2121 	DATA 	Keypress: b
219.2788 	DATA 	Keypress: a
219.4288 	DATA 	Keypress: b
219.5120 	DATA 	Keypress: a
219.9454 	DATA 	Keypress: b
220.0120 	DATA 	Keypress: a
220.1788 	DATA 	Keypress: b
220.2789 	DATA 	Keypress: a
220.4120 	DATA 	Keypress: b
220.4954 	DATA 	Keypress: a
220.6788 	DATA 	Keypress: b
220.7621 	DATA 	Keypress: a
220.8787 	DATA 	Keypress: lshift
220.8792 	DATA 	Keypress: t
220.9120 	DATA 	Keypress: b
221.0122 	DATA 	Keypress: a
221.1788 	DATA 	Keypress: b
221.2954 	DATA 	Keypress: a
221.4121 	DATA 	Keypress: b
221.5285 	DATA 	Keypress: a
221.8460 	DATA 	Keypress: b
221.9789 	DATA 	Keypress: a
222.1289 	DATA 	Keypress: a
222.3287 	DATA 	Keypress: a
222.5954 	DATA 	Keypress: a
222.8621 	DATA 	Keypress: a
223.0959 	DATA 	Keypress: b
223.2286 	DATA 	Keypress: a
223.4454 	DATA 	Keypress: b
223.5952 	DATA 	Keypress: a
223.8120 	DATA 	Keypress: b
223.8787 	DATA 	Keypress: lshift
223.8792 	DATA 	Keypress: t
223.9119 	DATA 	Keypress: a
224.0621 	DATA 	Keypress: b
224.1788 	DATA 	Keypress: a
224.3454 	DATA 	Keypress: b
224.4620 	DATA 	Keypress: a
224.6452 	DATA 	Keypress: b
224.7804 	DATA 	Keypress: a
224.9453 	DATA 	Keypress: b
225.0788 	DATA 	Keypress: a
225.2620 	DATA 	Keypress: b
225.3804 	DATA 	Keypress: a
225.5641 	DATA 	Keypress: b
225.6954 	DATA 	Keypress: a
225.8618 	DATA 	Keypress: b
225.9785 	DATA 	Keypress: a
226.1286 	DATA 	Keypress: b
226.3141 	DATA 	Keypress: b
226.4454 	DATA 	Keypress: a
226.5952 	DATA 	Keypress: a
226.7954 	DATA 	Keypress: a
226.8789 	DATA 	Keypress: lshift
226.8794 	DATA 	Keypress: t
226.9787 	DATA 	Keypress: a
227.1206 	DATA 	End trial
227.1596 	DATA 	Keypress: a
229.8789 	DATA 	Keypress: lshift
229.8794 	DATA 	Keypress: t
232.8788 	DATA 	Keypress: lshift
232.8793 	DATA 	Keypress: t
235.8789 	DATA 	Keypress: lshift
235.8794 	DATA 	Keypress: t
238.8764 	DATA 	Keypress: lshift
238.8767 	DATA 	Keypress: t
241.8787 	DATA 	Keypress: lshift
241.8792 	DATA 	Keypress: t
244.8784 	DATA 	Keypress: lshift
244.8790 	DATA 	Keypress: t
245.1139 	DATA 	Begin trial
246.4790 	DATA 	Keypress: a
246.8121 	DATA 	Keypress: a
247.1954 	DATA 	Keypress: b
247.3120 	DATA 	Keypress: a
247.4956 	DATA 	Keypress: b
247.6141 	DATA 	Keypress: a
247.7954 	DATA 	Keypress: b
247.8788 	DATA 	Keypress: lshift
247.8793 	DATA 	Keypress: t
247.8952 	DATA 	Keypress: a
248.0786 	DATA 	Keypress: b
248.1955 	DATA 	Keypress: a
248.3456 	DATA 	Keypress: b
248.4954 	DATA 	Keypress: a
248.6121 	DATA 	Keypress: b
248.7288 	DATA 	Keypress: a
248.8476 	DATA 	Keypress: b
249.0119 	DATA 	Keypress: a
249.1507 	DATA 	End trial
249.1516 	DATA 	Keypress: b
249.2619 	DATA 	Keypress: a
249.4138 	DATA 	Keypress: b
250.8788 	DATA 	Keypress: lshift
250.8793 	DATA 	Keypress: t
253.8788 	DATA 	Keypress: lshift
253.8793 	DATA 	Keypress: t
256.8789 	DATA 	Keypress: lshift
256.8794 	DATA 	Keypress: t
259.8787 	DATA 	Keypress: lshift
259.8792 	DATA 	Keypress: t
260.3454 	DATA 	Keypress: a
260.5618 	DATA 	Keypress: b
260.6284 	DATA 	Keypress: a
262.8779 	DATA 	Keypress: lshift
262.8784 	DATA 	Keypress: t
265.8785 	DATA 	Keypress: lshift
265.8790 	DATA 	Keypress: t
268.8786 	DATA 	Keypress: lshift
268.8791 	DATA 	Keypress: t
271.8788 	DATA 	Keypress: lshift
271.8793 	DATA 	Keypress: t
274.8788 	DATA 	Keypress: lshift
274.8793 	DATA 	Keypress: t
275.1465 	DATA 	Begin trial
275.6954 	DATA 	Keypress: a
275.9289 	DATA 	Keypress: b
276.0954 	DATA 	Keypress: a
276.3622 	DATA 	Keypress: a
276.5787 	DATA 	Keypress: b
276.7122 	DATA 	Keypress: a
276.8959 	DATA 	Keypress: b
277.0288 	DATA 	Keypress: a
277.2123 	DATA 	Keypress: b
277.3288 	DATA 	Keypress: a
277.5121 	DATA 	Keypress: b
277.5953 	DATA 	Keypress: a
277.8287 	DATA 	Keypress: a
277.8788 	DATA 	Keypress: lshift
277.8793 	DATA 	Keypress: t
278.0788 	DATA 	Keypress: b
278.2287 	DATA 	Keypress: a
278.3787 	DATA 	Keypress: b
278.5954 	DATA 	Keypress: a
278.7793 	DATA 	Keypress: b
278.9121 	DATA 	Keypress: a
279.1621 	DATA 	Keypress: b
279.2788 	DATA 	Keypress: a
279.4787 	DATA 	Keypress: b
279.6455 	DATA 	Keypress: a
279.7952 	DATA 	Keypress: b
279.8954 	DATA 	Keypress: a
280.0789 	DATA 	Keypress: b
280.1954 	DATA 	Keypress: a
280.3291 	DATA 	Keypress: b
280.4453 	DATA 	Keypress: a
280.5122 	DATA 	Keypress: b
280.6122 	DATA 	Keypress: a
280.7973 	DATA 	Keypress: b
280.8621 	DATA 	Keypress: a
280.8787 	DATA 	Keypress: lshift
280.8792 	DATA 	Keypress: t
281.2955 	DATA 	Keypress: b
281.4790 	DATA 	Keypress: a
281.6286 	DATA 	Keypress: b
281.7454 	DATA 	Keypress: a
281.9287 	DATA 	Keypress: b
282.0121 	DATA 	Keypress: a
282.4125 	DATA 	Keypress: b
282.4623 	DATA 	Keypress: a
282.7127 	DATA 	Keypress: a
283.0305 	DATA 	Keypress: a
283.2453 	DATA 	Keypress: b
283.3620 	DATA 	Keypress: a
283.4954 	DATA 	Keypress: b
283.6453 	DATA 	Keypress: a
283.7788 	DATA 	Keypress: b
283.8788 	DATA 	Keypress: lshift
283.8793 	DATA 	Keypress: t
283.9458 	DATA 	Keypress: a
284.1621 	DATA 	Keypress: b
284.1820 	DATA 	End trial
284.2417 	DATA 	Keypress: a
284.4287 	DATA 	Keypress: b
286.8788 	DATA 	Keypress: lshift
286.8793 	DATA 	Keypress: t
289.8788 	DATA 	Keypress: lshift
289.8794 	DATA 	Keypress: t
292.8789 	DATA 	Keypress: lshift
292.8794 	DATA 	Keypress: t
295.8787 	DATA 	Keypress: lshift
295.8792 	DATA 	Keypress: t
298.8785 	DATA 	Keypress: lshift
298.8792 	DATA 	Keypress: t
301.8787 	DATA 	Keypress: lshift
301.8796 	DATA 	Keypress: t
304.8785 	DATA 	Keypress: lshift
304.8790 	DATA 	Keypress: t
305.1808 	DATA 	Begin trial
305.7454 	DATA 	Keypress: a
305.8619 	DATA 	Keypress: b
306.0125 	DATA 	Keypress: a
306.2123 	DATA 	Keypress: b
306.2788 	DATA 	Keypress: a
306.4623 	DATA 	Keypress: b
306.5620 	DATA 	Keypress: a
306.7285 	DATA 	Keypress: b
306.8120 	DATA 	Keypress: a
306.9787 	DATA 	Keypress: b
307.0621 	DATA 	Keypress: a
307.2620 	DATA 	Keypress: b
307.3790 	DATA 	Keypress: a
307.5288 	DATA 	Keypress: b
307.8120 	DATA 	Keypress: a
307.8785 	DATA 	Keypress: lshift
307.8790 	DATA 	Keypress: t
308.0456 	DATA 	Keypress: b
308.2289 	DATA 	Keypress: a
308.3620 	DATA 	Keypress: b
308.4956 	DATA 	Keypress: a
308.6621 	DATA 	Keypress: b
308.7621 	DATA 	Keypress: a
308.9458 	DATA 	Keypress: b
309.0622 	DATA 	Keypress: a
309.2186 	DATA 	End trial
309.2195 	DATA 	Keypress: b
309.2920 	DATA 	Keypress: a
309.5469 	DATA 	Keypress: a
310.8788 	DATA 	Keypress: lshift
310.8793 	DATA 	Keypress: t
313.8787 	DATA 	Keypress: lshift
313.8792 	DATA 	Keypress: t
316.8786 	DATA 	Keypress: lshift
316.8792 	DATA 	Keypress: t
319.8785 	DATA 	Keypress: lshift
319.8790 	DATA 	Keypress: t
322.8787 	DATA 	Keypress: lshift
322.8792 	DATA 	Keypress: t
325.8787 	DATA 	Keypress: lshift
325.8793 	DATA 	Keypress: t
328.8786 	DATA 	Keypress: lshift
328.8791 	DATA 	Keypress: t
331.8787 	DATA 	Keypress: lshift
331.8793 	DATA 	Keypress: t
334.8787 	DATA 	Keypress: lshift
334.8793 	DATA 	Keypress: t
335.2142 	DATA 	Begin trial
335.6122 	DATA 	Keypress: a
335.7286 	DATA 	Keypress: b
335.8454 	DATA 	Keypress: a
336.0287 	DATA 	Keypress: b
336.0958 	DATA 	Keypress: a
336.2291 	DATA 	Keypress: b
336.3588 	DATA 	Keypress: a
336.5422 	DATA 	Keypress: b
336.6256 	DATA 	Keypress: a
336.7924 	DATA 	Keypress: b
336.7929 	DATA 	Keypress: a
336.9454 	DATA 	Keypress: a
337.1125 	DATA 	Keypress: a
337.3621 	DATA 	Keypress: b
337.4788 	DATA 	Keypress: a
337.5958 	DATA 	Keypress: b
337.6623 	DATA 	Keypress: a
337.8121 	DATA 	Keypress: b
337.8788 	DATA 	Keypress: lshift
337.8793 	DATA 	Keypress: t
337.8829 	DATA 	Keypress: a
338.0124 	DATA 	Keypress: b
338.0953 	DATA 	Keypress: a
338.2286 	DATA 	Keypress: b
338.2952 	DATA 	Keypress: a
338.4786 	DATA 	Keypress: b
338.5454 	DATA 	Keypress: a
338.7119 	DATA 	Keypress: b
338.7786 	DATA 	Keypress: a
339.0953 	DATA 	Keypress: b
339.2287 	DATA 	Keypress: a
339.3622 	DATA 	Keypress: b
339.4456 	DATA 	Keypress: a
339.5958 	DATA 	Keypress: b
339.6787 	DATA 	Keypress: a
339.8647 	DATA 	Keypress: b
339.9621 	DATA 	Keypress: a
340.1120 	DATA 	Keypress: b
340.1954 	DATA 	Keypress: a
340.3786 	DATA 	Keypress: a
340.5787 	DATA 	Keypress: a
340.7621 	DATA 	Keypress: a
340.8786 	DATA 	Keypress: lshift
340.8791 	DATA 	Keypress: t
340.9287 	DATA 	Keypress: a
341.2129 	DATA 	Keypress: b
341.2571 	DATA 	End trial
341.4120 	DATA 	Keypress: b
343.8787 	DATA 	Keypress: lshift
343.8792 	DATA 	Keypress: t
346.8788 	DATA 	Keypress: lshift
346.8793 	DATA 	Keypress: t
349.8787 	DATA 	Keypress: lshift
349.8792 	DATA 	Keypress: t
352.8787 	DATA 	Keypress: lshift
352.8792 	DATA 	Keypress: t
355.8787 	DATA 	Keypress: lshift
355.8792 	DATA 	Keypress: t
358.8789 	DATA 	Keypress: lshift
358.8794 	DATA 	Keypress: t
361.8788 	DATA 	Keypress: lshift
361.8793 	DATA 	Keypress: t
364.8788 	DATA 	Keypress: lshift
364.8794 	DATA 	Keypress: t
365.2473 	DATA 	Begin trial
366.1622 	DATA 	Keypress: a
366.3623 	DATA 	Keypress: b
366.4792 	DATA 	Keypress: a
366.6299 	DATA 	Keypress: b
366.6954 	DATA 	Keypress: a
366.8287 	DATA 	Keypress: b
366.9120 	DATA 	Keypress: a
367.0121 	DATA 	Keypress: b
367.1119 	DATA 	Keypress: a
367.2454 	DATA 	Keypress: b
367.3120 	DATA 	Keypress: a
367.7121 	DATA 	Keypress: b
367.8453 	DATA 	Keypress: a
367.8789 	DATA 	Keypress: lshift
367.8794 	DATA 	Keypress: t
367.9955 	DATA 	Keypress: b
368.0785 	DATA 	Keypress: a
368.2454 	DATA 	Keypress: b
368.2957 	DATA 	Keypress: a
368.4120 	DATA 	Keypress: b
368.5787 	DATA 	Keypress: b
368.8122 	DATA 	Keypress: a
368.9788 	DATA 	Keypress: b
369.0787 	DATA 	Keypress: a
369.2453 	DATA 	Keypress: b
369.3454 	DATA 	Keypress: a
369.5289 	DATA 	Keypress: b
369.6455 	DATA 	Keypress: a
369.8959 	DATA 	Keypress: a
370.0620 	DATA 	Keypress: b
370.6120 	DATA 	Keypress: a
370.8647 	DATA 	Keypress: a
370.8788 	DATA 	Keypress: lshift
370.8793 	DATA 	Keypress: t
371.3453 	DATA 	Keypress: a
371.6147 	DATA 	Keypress: b
371.7620 	DATA 	Keypress: a
371.9639 	DATA 	Keypress: b
372.0954 	DATA 	Keypress: a
372.2952 	DATA 	Keypress: b
372.4290 	DATA 	Keypress: a
372.6287 	DATA 	Keypress: b
372.7454 	DATA 	Keypress: a
372.9120 	DATA 	Keypress: a
373.0953 	DATA 	Keypress: a
373.2960 	DATA 	Keypress: a
373.5122 	DATA 	Keypress: a
373.8122 	DATA 	Keypress: b
373.8786 	DATA 	Keypress: lshift
373.8791 	DATA 	Keypress: t
373.9789 	DATA 	Keypress: a
374.1787 	DATA 	Keypress: b
374.2961 	DATA 	Keypress: a
374.4620 	DATA 	Keypress: b
374.5788 	DATA 	Keypress: a
374.7121 	DATA 	Keypress: b
374.8143 	DATA 	Keypress: a
375.0288 	DATA 	Keypress: b
375.1142 	DATA 	Keypress: a
375.2620 	DATA 	Keypress: b
375.3786 	DATA 	Keypress: a
375.9788 	DATA 	Keypress: b
376.2287 	DATA 	Keypress: a
376.2886 	DATA 	End trial
376.3591 	DATA 	Keypress: b
376.5091 	DATA 	Keypress: a
376.8787 	DATA 	Keypress: lshift
376.8793 	DATA 	Keypress: t
379.8787 	DATA 	Keypress: lshift
379.8792 	DATA 	Keypress: t
382.8786 	DATA 	Keypress: lshift
382.8791 	DATA 	Keypress: t
385.8788 	DATA 	Keypress: lshift
385.8794 	DATA 	Keypress: t
388.8787 	DATA 	Keypress: lshift
388.8792 	DATA 	Keypress: t
391.8787 	DATA 	Keypress: lshift
391.8792 	DATA 	Keypress: t
394.8787 	DATA 	Keypress: lshift
394.8792 	DATA 	Keypress: t
395.2804 	DATA 	Begin trial
396.0620 	DATA 	Keypress: a
396.1787 	DATA 	Keypress: b
396.2959 	DATA 	Keypress: a
396.4620 	DATA 	Keypress: b
396.5286 	DATA 	Keypress: a
396.6786 	DATA 	Keypress: b
396.7620 	DATA 	Keypress: a
396.9621 	DATA 	Keypress: b
397.0786 	DATA 	Keypress: a
397.1975 	DATA 	Keypress: b
397.2953 	DATA 	Keypress: a
397.4286 	DATA 	Keypress: b
397.4953 	DATA 	Keypress: a
397.5981 	DATA 	Keypress: b
397.7122 	DATA 	Keypress: a
397.8120 	DATA 	Keypress: b
397.8786 	DATA 	Keypress: lshift
397.8792 	DATA 	Keypress: t
397.9119 	DATA 	Keypress: a
398.0620 	DATA 	Keypress: b
398.1453 	DATA 	Keypress: a
398.3121 	DATA 	Keypress: b
398.3620 	DATA 	Keypress: a
398.4956 	DATA 	Keypress: b
398.5954 	DATA 	Keypress: a
398.7619 	DATA 	Keypress: b
398.8122 	DATA 	Keypress: a
399.0286 	DATA 	Keypress: a
399.1952 	DATA 	Keypress: b
399.2955 	DATA 	Keypress: a
399.3203 	DATA 	End trial
399.4287 	DATA 	Keypress: b
399.5119 	DATA 	Keypress: a
400.8788 	DATA 	Keypress: lshift
400.8794 	DATA 	Keypress: t
403.8786 	DATA 	Keypress: lshift
403.8792 	DATA 	Keypress: t
406.8787 	DATA 	Keypress: lshift
406.8793 	DATA 	Keypress: t
409.8789 	DATA 	Keypress: lshift
409.8795 	DATA 	Keypress: t
412.8787 	DATA 	Keypress: lshift
412.8793 	DATA 	Keypress: t
415.8788 	DATA 	Keypress: lshift
415.8793 	DATA 	Keypress: t
418.8791 	DATA 	Keypress: lshift
418.8796 	DATA 	Keypress: t
421.8786 	DATA 	Keypress: lshift
421.8791 	DATA 	Keypress: t
425.3900 	DATA 	start rating A
429.7957 	DATA 	Keypress: a
432.4958 	DATA 	Keypress: b
446.9954 	DATA 	Keypress: a
448.3589 	DATA 	Keypress: b
448.6912 	DATA 	Keypress: b
449.1426 	DATA 	Keypress: a
458.8739 	DATA 	Keypress: return
458.8755 	DATA 	RatingScale rateA_scale: (key response) rating=4
458.8756 	DATA 	RatingScale rateA_scale: rating RT=33.485
458.8756 	DATA 	RatingScale rateA_scale: history=[(4.0, 0.0), (3, 4.411), (4, 7.112), (3, 21.612), (4, 22.972), (5, 23.303), (4, 23.756), (4, 33.485)]
458.8906 	DATA 	4.0
458.8906 	DATA 	end rating A
458.9664 	DATA 	start rating B
464.4090 	DATA 	Keypress: a
498.8241 	DATA 	Keypress: return
498.8257 	DATA 	RatingScale rateB_scale: (key response) rating=3
498.8257 	DATA 	RatingScale rateB_scale: rating RT=39.858
498.8258 	DATA 	RatingScale rateB_scale: history=[(4.0, 0.0), (3, 5.445), (3, 39.858)]
498.8406 	DATA 	3.0
498.8406 	DATA 	end rating B
