1.4820 	ERROR 	avbin.dll failed to load. Try importing psychopy.visual
  as the first library (before anything that uses scipy)
  and make sure that avbin is installed.
11.8646 	DATA 	version C
53.2142 	DATA 	Keypress: b
54.2644 	DATA 	Mouse: Left button down, pos=(354,677)
54.3424 	DATA 	Mouse:  Left button up, pos=(354,677)
56.0789 	DATA 	Keypress: space
56.0795 	DATA 	waiting for trigger
74.0143 	DATA 	Keypress: lshift
74.0148 	DATA 	Keypress: t
74.0160 	DATA 	TRIGGERED
74.0648 	DATA 	Begin trial
74.7781 	DATA 	Keypress: a
75.2781 	DATA 	Keypress: b
75.6282 	DATA 	Keypress: a
75.9116 	DATA 	Keypress: b
76.1143 	DATA 	Keypress: a
76.3828 	DATA 	Keypress: b
76.5143 	DATA 	Keypress: a
76.6641 	DATA 	Keypress: b
76.7640 	DATA 	Keypress: a
76.9474 	DATA 	Keypress: b
76.9815 	DATA 	Keypress: a
77.0139 	DATA 	Keypress: lshift
77.0145 	DATA 	Keypress: t
77.1643 	DATA 	Keypress: b
77.2142 	DATA 	Keypress: a
77.3806 	DATA 	Keypress: b
77.4322 	DATA 	Keypress: a
77.5994 	DATA 	Keypress: b
77.6807 	DATA 	Keypress: a
77.8143 	DATA 	Keypress: b
77.8809 	DATA 	Keypress: a
78.0474 	DATA 	Keypress: b
78.1140 	DATA 	Keypress: a
78.2476 	DATA 	Keypress: b
78.2977 	DATA 	Keypress: a
78.4476 	DATA 	Keypress: b
78.4975 	DATA 	Keypress: a
78.6142 	DATA 	Keypress: b
78.6975 	DATA 	Keypress: a
78.8473 	DATA 	Keypress: b
78.8973 	DATA 	Keypress: a
79.0475 	DATA 	Keypress: b
79.0976 	DATA 	Keypress: a
79.2641 	DATA 	Keypress: b
79.3141 	DATA 	Keypress: a
79.3152 	DATA 	Keypress: b
79.4644 	DATA 	Keypress: b
79.5163 	DATA 	Keypress: a
79.6811 	DATA 	Keypress: b
79.7474 	DATA 	Keypress: a
79.9141 	DATA 	Keypress: b
79.9645 	DATA 	Keypress: a
79.9809 	DATA 	Keypress: b
80.0142 	DATA 	Keypress: lshift
80.0147 	DATA 	Keypress: t
80.1307 	DATA 	Keypress: b
80.1977 	DATA 	Keypress: a
80.3660 	DATA 	Keypress: b
80.4326 	DATA 	Keypress: a
80.6141 	DATA 	Keypress: b
80.6809 	DATA 	Keypress: a
80.8478 	DATA 	Keypress: b
80.9144 	DATA 	Keypress: a
81.0645 	DATA 	Keypress: b
81.1476 	DATA 	Keypress: a
81.2973 	DATA 	Keypress: b
81.3808 	DATA 	Keypress: a
81.5476 	DATA 	Keypress: a
81.7309 	DATA 	Keypress: a
81.8978 	DATA 	Keypress: a
82.0643 	DATA 	Keypress: a
82.2148 	DATA 	Keypress: a
82.3977 	DATA 	Keypress: b
82.7644 	DATA 	Keypress: b
82.9307 	DATA 	Keypress: b
83.0143 	DATA 	Keypress: lshift
83.0149 	DATA 	Keypress: t
83.0990 	DATA 	Keypress: b
83.2806 	DATA 	Keypress: b
83.4307 	DATA 	Keypress: b
83.5975 	DATA 	Keypress: b
83.7640 	DATA 	Keypress: b
83.9146 	DATA 	Keypress: b
84.0975 	DATA 	Keypress: b
84.2808 	DATA 	Keypress: a
84.4309 	DATA 	Keypress: b
84.4974 	DATA 	Keypress: a
84.6479 	DATA 	Keypress: b
84.7140 	DATA 	Keypress: a
84.8809 	DATA 	Keypress: b
84.9806 	DATA 	Keypress: a
85.1308 	DATA 	Keypress: b
85.3308 	DATA 	Keypress: a
85.4981 	DATA 	Keypress: b
85.6639 	DATA 	Keypress: a
85.8473 	DATA 	Keypress: b
86.0139 	DATA 	Keypress: lshift
86.0144 	DATA 	Keypress: t
86.0160 	DATA 	Keypress: a
86.2482 	DATA 	Keypress: b
86.4642 	DATA 	Keypress: b
86.7141 	DATA 	Keypress: b
86.9308 	DATA 	Keypress: b
87.1306 	DATA 	Keypress: b
87.3645 	DATA 	Keypress: b
87.5808 	DATA 	Keypress: b
87.8141 	DATA 	Keypress: b
88.1149 	DATA 	End trial
88.1785 	DATA 	Keypress: b
88.3475 	DATA 	Keypress: a
89.0140 	DATA 	Keypress: lshift
89.0146 	DATA 	Keypress: t
92.0141 	DATA 	Keypress: lshift
92.0146 	DATA 	Keypress: t
95.0140 	DATA 	Keypress: lshift
95.0145 	DATA 	Keypress: t
98.0140 	DATA 	Keypress: lshift
98.0146 	DATA 	Keypress: t
101.0139 	DATA 	Keypress: lshift
101.0145 	DATA 	Keypress: t
104.0140 	DATA 	Keypress: lshift
104.0146 	DATA 	Keypress: t
104.1001 	DATA 	Begin trial
104.7308 	DATA 	Keypress: b
104.9973 	DATA 	Keypress: a
105.2642 	DATA 	Keypress: b
105.4307 	DATA 	Keypress: a
105.5979 	DATA 	Keypress: b
105.7145 	DATA 	Keypress: a
105.8975 	DATA 	Keypress: b
105.9642 	DATA 	Keypress: a
106.1642 	DATA 	Keypress: b
106.1810 	DATA 	Keypress: a
106.3642 	DATA 	Keypress: b
106.4307 	DATA 	Keypress: a
106.5974 	DATA 	Keypress: b
106.6474 	DATA 	Keypress: a
106.7976 	DATA 	Keypress: b
106.8642 	DATA 	Keypress: a
107.0141 	DATA 	Keypress: lshift
107.0146 	DATA 	Keypress: t
107.0309 	DATA 	Keypress: b
107.0975 	DATA 	Keypress: a
107.2641 	DATA 	Keypress: b
107.3142 	DATA 	Keypress: a
107.4829 	DATA 	Keypress: b
107.5828 	DATA 	Keypress: a
107.7474 	DATA 	Keypress: b
107.8476 	DATA 	Keypress: a
107.9973 	DATA 	Keypress: b
108.1139 	DATA 	Keypress: a
108.1398 	DATA 	End trial
108.2474 	DATA 	Keypress: b
108.3139 	DATA 	Keypress: a
110.0143 	DATA 	Keypress: lshift
110.0148 	DATA 	Keypress: t
113.0140 	DATA 	Keypress: lshift
113.0145 	DATA 	Keypress: t
116.0139 	DATA 	Keypress: lshift
116.0144 	DATA 	Keypress: t
119.0135 	DATA 	Keypress: lshift
119.0140 	DATA 	Keypress: t
122.0139 	DATA 	Keypress: lshift
122.0145 	DATA 	Keypress: t
125.0141 	DATA 	Keypress: lshift
125.0147 	DATA 	Keypress: t
128.0140 	DATA 	Keypress: lshift
128.0145 	DATA 	Keypress: t
131.0140 	DATA 	Keypress: lshift
131.0145 	DATA 	Keypress: t
134.0142 	DATA 	Keypress: lshift
134.0148 	DATA 	Keypress: t
134.1332 	DATA 	Begin trial
134.6476 	DATA 	Keypress: a
134.9142 	DATA 	Keypress: b
135.1641 	DATA 	Keypress: a
135.3640 	DATA 	Keypress: b
135.4647 	DATA 	Keypress: a
135.6478 	DATA 	Keypress: b
135.7475 	DATA 	Keypress: a
135.8976 	DATA 	Keypress: b
136.0142 	DATA 	Keypress: a
136.1640 	DATA 	Keypress: b
136.2476 	DATA 	Keypress: a
136.4142 	DATA 	Keypress: b
136.4973 	DATA 	Keypress: a
136.6475 	DATA 	Keypress: b
136.7307 	DATA 	Keypress: a
136.8973 	DATA 	Keypress: b
136.9648 	DATA 	Keypress: a
137.0140 	DATA 	Keypress: lshift
137.0145 	DATA 	Keypress: t
137.1146 	DATA 	Keypress: b
137.1808 	DATA 	Keypress: a
137.3474 	DATA 	Keypress: b
137.3975 	DATA 	Keypress: a
137.5641 	DATA 	Keypress: b
137.6141 	DATA 	Keypress: a
137.7640 	DATA 	Keypress: b
137.8143 	DATA 	Keypress: a
137.9972 	DATA 	Keypress: b
138.0657 	DATA 	Keypress: a
138.2306 	DATA 	Keypress: b
138.2807 	DATA 	Keypress: a
138.4807 	DATA 	Keypress: b
138.5471 	DATA 	Keypress: a
138.6975 	DATA 	Keypress: b
138.7806 	DATA 	Keypress: a
138.9475 	DATA 	Keypress: b
139.0474 	DATA 	Keypress: a
139.1974 	DATA 	Keypress: b
139.2641 	DATA 	Keypress: a
139.4141 	DATA 	Keypress: b
139.4639 	DATA 	Keypress: a
139.6307 	DATA 	Keypress: b
139.6640 	DATA 	Keypress: a
139.8311 	DATA 	Keypress: b
139.8975 	DATA 	Keypress: a
140.0139 	DATA 	Keypress: lshift
140.0144 	DATA 	Keypress: t
140.0640 	DATA 	Keypress: b
140.1306 	DATA 	Keypress: a
140.2808 	DATA 	Keypress: b
140.3641 	DATA 	Keypress: a
140.5309 	DATA 	Keypress: b
140.5808 	DATA 	Keypress: a
140.7639 	DATA 	Keypress: b
140.7973 	DATA 	Keypress: a
140.9641 	DATA 	Keypress: b
141.1482 	DATA 	Keypress: b
141.3313 	DATA 	Keypress: b
141.5143 	DATA 	Keypress: b
141.6639 	DATA 	Keypress: a
141.8306 	DATA 	Keypress: a
142.0141 	DATA 	Keypress: a
142.1474 	DATA 	Keypress: a
142.3306 	DATA 	Keypress: a
142.5325 	DATA 	Keypress: b
142.6642 	DATA 	Keypress: a
142.9490 	DATA 	Keypress: b
143.0141 	DATA 	Keypress: lshift
143.0147 	DATA 	Keypress: t
143.1141 	DATA 	Keypress: a
143.2973 	DATA 	Keypress: b
143.4306 	DATA 	Keypress: a
143.6807 	DATA 	Keypress: b
143.8142 	DATA 	Keypress: a
144.0307 	DATA 	Keypress: b
144.1146 	DATA 	Keypress: a
144.3473 	DATA 	Keypress: b
144.4475 	DATA 	Keypress: a
144.6975 	DATA 	Keypress: b
144.7995 	DATA 	Keypress: a
145.0140 	DATA 	Keypress: b
145.1307 	DATA 	Keypress: a
145.2975 	DATA 	Keypress: b
145.4309 	DATA 	Keypress: a
145.7645 	DATA 	Keypress: b
146.0141 	DATA 	Keypress: lshift
146.0147 	DATA 	Keypress: t
146.0160 	DATA 	Keypress: a
146.4164 	DATA 	Keypress: b
146.6993 	DATA 	Keypress: a
147.0307 	DATA 	Keypress: b
147.2139 	DATA 	Keypress: a
147.5140 	DATA 	Keypress: a
147.7310 	DATA 	Keypress: b
147.8641 	DATA 	Keypress: a
148.0475 	DATA 	Keypress: b
148.1745 	DATA 	End trial
148.1941 	DATA 	Keypress: a
148.4473 	DATA 	Keypress: b
149.0139 	DATA 	Keypress: lshift
149.0145 	DATA 	Keypress: t
152.0140 	DATA 	Keypress: lshift
152.0145 	DATA 	Keypress: t
155.0139 	DATA 	Keypress: lshift
155.0145 	DATA 	Keypress: t
158.0142 	DATA 	Keypress: lshift
158.0147 	DATA 	Keypress: t
161.0140 	DATA 	Keypress: lshift
161.0145 	DATA 	Keypress: t
164.0139 	DATA 	Keypress: lshift
164.0144 	DATA 	Keypress: t
164.1666 	DATA 	Begin trial
164.6161 	DATA 	Keypress: a
164.8806 	DATA 	Keypress: b
165.1140 	DATA 	Keypress: a
165.3139 	DATA 	Keypress: b
165.4645 	DATA 	Keypress: a
165.6162 	DATA 	Keypress: b
165.7473 	DATA 	Keypress: a
165.8975 	DATA 	Keypress: b
166.0142 	DATA 	Keypress: a
166.1640 	DATA 	Keypress: b
166.2474 	DATA 	Keypress: a
166.4307 	DATA 	Keypress: b
166.4973 	DATA 	Keypress: a
166.6662 	DATA 	Keypress: b
166.7807 	DATA 	Keypress: a
166.9309 	DATA 	Keypress: b
167.0140 	DATA 	Keypress: lshift
167.0145 	DATA 	Keypress: t
167.0307 	DATA 	Keypress: a
167.2140 	DATA 	Keypress: b
167.3141 	DATA 	Keypress: a
167.4808 	DATA 	Keypress: b
167.5664 	DATA 	Keypress: a
167.7639 	DATA 	Keypress: b
167.8647 	DATA 	Keypress: a
168.0308 	DATA 	Keypress: b
168.0975 	DATA 	Keypress: a
168.3639 	DATA 	Keypress: b
168.4975 	DATA 	Keypress: a
168.6640 	DATA 	Keypress: b
168.7473 	DATA 	Keypress: a
168.9308 	DATA 	Keypress: b
169.0473 	DATA 	Keypress: a
169.2305 	DATA 	Keypress: b
169.3473 	DATA 	Keypress: a
169.5312 	DATA 	Keypress: b
169.6476 	DATA 	Keypress: a
169.8475 	DATA 	Keypress: b
169.9640 	DATA 	Keypress: a
170.0140 	DATA 	Keypress: lshift
170.0146 	DATA 	Keypress: t
170.1472 	DATA 	Keypress: b
170.2474 	DATA 	Keypress: a
170.4473 	DATA 	Keypress: b
170.5477 	DATA 	Keypress: a
170.7640 	DATA 	Keypress: b
170.8973 	DATA 	Keypress: a
171.1140 	DATA 	Keypress: b
171.2472 	DATA 	Keypress: a
171.4325 	DATA 	Keypress: b
171.5658 	DATA 	Keypress: a
171.7642 	DATA 	Keypress: b
171.8976 	DATA 	Keypress: a
172.0808 	DATA 	Keypress: b
172.1974 	DATA 	Keypress: a
172.4158 	DATA 	Keypress: b
172.5499 	DATA 	Keypress: a
172.7476 	DATA 	Keypress: b
172.9140 	DATA 	Keypress: a
173.0140 	DATA 	Keypress: lshift
173.0145 	DATA 	Keypress: t
173.1141 	DATA 	Keypress: b
173.2307 	DATA 	Keypress: a
173.4473 	DATA 	Keypress: b
173.5639 	DATA 	Keypress: a
173.8139 	DATA 	Keypress: b
173.9306 	DATA 	Keypress: a
174.1309 	DATA 	Keypress: b
174.2328 	DATA 	Keypress: a
174.4639 	DATA 	Keypress: b
174.6161 	DATA 	Keypress: a
174.7992 	DATA 	Keypress: b
174.9139 	DATA 	Keypress: a
175.1640 	DATA 	Keypress: b
175.2975 	DATA 	Keypress: a
175.5142 	DATA 	Keypress: b
175.6323 	DATA 	Keypress: a
175.8641 	DATA 	Keypress: b
175.9973 	DATA 	Keypress: a
176.0139 	DATA 	Keypress: lshift
176.0144 	DATA 	Keypress: t
176.1980 	DATA 	Keypress: b
176.3141 	DATA 	Keypress: a
176.5141 	DATA 	Keypress: b
176.6308 	DATA 	Keypress: a
176.8472 	DATA 	Keypress: b
176.9641 	DATA 	Keypress: a
177.1474 	DATA 	Keypress: b
177.2324 	DATA 	Keypress: a
177.4308 	DATA 	Keypress: b
177.5141 	DATA 	Keypress: a
177.7141 	DATA 	Keypress: b
177.8306 	DATA 	Keypress: a
178.0806 	DATA 	Keypress: b
178.1807 	DATA 	Keypress: a
178.3642 	DATA 	Keypress: b
178.4808 	DATA 	Keypress: a
178.7141 	DATA 	Keypress: b
178.8140 	DATA 	Keypress: a
179.0143 	DATA 	Keypress: lshift
179.0149 	DATA 	Keypress: t
179.0184 	DATA 	Keypress: b
179.1140 	DATA 	Keypress: a
179.3475 	DATA 	Keypress: b
179.4642 	DATA 	Keypress: a
179.7141 	DATA 	Keypress: b
179.8141 	DATA 	Keypress: a
180.0140 	DATA 	Keypress: b
180.1473 	DATA 	Keypress: a
180.3641 	DATA 	Keypress: a
180.5810 	DATA 	Keypress: a
180.7974 	DATA 	Keypress: a
180.9994 	DATA 	Keypress: a
181.2029 	DATA 	End trial
181.3640 	DATA 	Keypress: b
182.0140 	DATA 	Keypress: lshift
182.0145 	DATA 	Keypress: t
185.0139 	DATA 	Keypress: lshift
185.0144 	DATA 	Keypress: t
188.0140 	DATA 	Keypress: lshift
188.0146 	DATA 	Keypress: t
191.0141 	DATA 	Keypress: lshift
191.0146 	DATA 	Keypress: t
194.0141 	DATA 	Keypress: lshift
194.0146 	DATA 	Keypress: t
194.1998 	DATA 	Begin trial
194.6974 	DATA 	Keypress: b
194.9473 	DATA 	Keypress: a
195.1643 	DATA 	Keypress: b
195.3139 	DATA 	Keypress: a
195.4809 	DATA 	Keypress: b
195.6309 	DATA 	Keypress: a
195.7991 	DATA 	Keypress: b
195.9475 	DATA 	Keypress: a
196.1308 	DATA 	Keypress: b
196.2475 	DATA 	Keypress: a
196.4306 	DATA 	Keypress: b
196.5479 	DATA 	Keypress: a
196.7478 	DATA 	Keypress: b
196.8640 	DATA 	Keypress: a
197.0139 	DATA 	Keypress: lshift
197.0146 	DATA 	Keypress: t
197.0473 	DATA 	Keypress: b
197.1473 	DATA 	Keypress: a
197.3494 	DATA 	Keypress: b
197.6140 	DATA 	Keypress: b
197.8972 	DATA 	Keypress: b
198.2140 	DATA 	Keypress: b
198.4804 	DATA 	Keypress: b
198.8646 	DATA 	Keypress: b
199.1473 	DATA 	Keypress: b
199.4641 	DATA 	Keypress: a
199.6308 	DATA 	Keypress: b
199.6973 	DATA 	Keypress: a
199.8640 	DATA 	Keypress: b
199.9472 	DATA 	Keypress: a
200.0140 	DATA 	Keypress: lshift
200.0145 	DATA 	Keypress: t
200.1308 	DATA 	Keypress: b
200.2473 	DATA 	Keypress: a
200.4640 	DATA 	Keypress: b
200.5638 	DATA 	Keypress: a
200.7646 	DATA 	Keypress: b
200.9159 	DATA 	Keypress: a
201.1805 	DATA 	Keypress: b
201.4810 	DATA 	Keypress: b
201.7825 	DATA 	Keypress: b
202.0312 	DATA 	Keypress: b
202.3167 	DATA 	Keypress: b
202.5973 	DATA 	Keypress: b
202.8805 	DATA 	Keypress: a
203.0139 	DATA 	Keypress: lshift
203.0145 	DATA 	Keypress: t
203.1305 	DATA 	Keypress: b
203.2640 	DATA 	Keypress: a
203.4306 	DATA 	Keypress: b
203.5142 	DATA 	Keypress: a
203.7141 	DATA 	Keypress: b
203.7969 	DATA 	Keypress: a
203.9805 	DATA 	Keypress: b
204.0639 	DATA 	Keypress: a
204.2305 	DATA 	Keypress: b
204.2809 	DATA 	Keypress: a
204.4983 	DATA 	Keypress: b
204.5808 	DATA 	Keypress: a
204.7641 	DATA 	Keypress: b
204.9307 	DATA 	Keypress: a
205.1140 	DATA 	Keypress: b
205.3141 	DATA 	Keypress: a
205.6641 	DATA 	Keypress: b
205.8308 	DATA 	Keypress: a
206.0142 	DATA 	Keypress: lshift
206.0147 	DATA 	Keypress: t
206.1140 	DATA 	Keypress: b
206.2418 	DATA 	End trial
206.3134 	DATA 	Keypress: a
206.6301 	DATA 	Keypress: b
209.0133 	DATA 	Keypress: lshift
209.0138 	DATA 	Keypress: t
212.0140 	DATA 	Keypress: lshift
212.0147 	DATA 	Keypress: t
215.0138 	DATA 	Keypress: lshift
215.0144 	DATA 	Keypress: t
218.0140 	DATA 	Keypress: lshift
218.0145 	DATA 	Keypress: t
221.0141 	DATA 	Keypress: lshift
221.0146 	DATA 	Keypress: t
224.0141 	DATA 	Keypress: lshift
224.0146 	DATA 	Keypress: t
224.2335 	DATA 	Begin trial
224.7141 	DATA 	Keypress: a
225.0975 	DATA 	Keypress: b
225.2976 	DATA 	Keypress: a
225.5305 	DATA 	Keypress: b
225.6644 	DATA 	Keypress: a
225.9140 	DATA 	Keypress: b
226.0473 	DATA 	Keypress: a
226.2974 	DATA 	Keypress: b
226.4311 	DATA 	Keypress: a
226.6989 	DATA 	Keypress: b
226.8476 	DATA 	Keypress: a
227.0141 	DATA 	Keypress: lshift
227.0146 	DATA 	Keypress: t
227.0807 	DATA 	Keypress: b
227.2304 	DATA 	Keypress: a
227.4310 	DATA 	Keypress: b
227.5326 	DATA 	Keypress: a
227.7306 	DATA 	Keypress: b
227.8640 	DATA 	Keypress: a
228.0811 	DATA 	Keypress: b
228.1974 	DATA 	Keypress: a
228.3973 	DATA 	Keypress: b
228.4640 	DATA 	Keypress: a
228.6493 	DATA 	Keypress: b
228.7638 	DATA 	Keypress: a
228.9160 	DATA 	Keypress: b
229.0159 	DATA 	Keypress: a
229.1993 	DATA 	Keypress: b
229.2711 	DATA 	End trial
229.3304 	DATA 	Keypress: a
229.5138 	DATA 	Keypress: b
230.0138 	DATA 	Keypress: lshift
230.0143 	DATA 	Keypress: t
233.0140 	DATA 	Keypress: lshift
233.0145 	DATA 	Keypress: t
236.0139 	DATA 	Keypress: lshift
236.0144 	DATA 	Keypress: t
239.0139 	DATA 	Keypress: lshift
239.0144 	DATA 	Keypress: t
242.0138 	DATA 	Keypress: lshift
242.0144 	DATA 	Keypress: t
245.0140 	DATA 	Keypress: lshift
245.0146 	DATA 	Keypress: t
248.0140 	DATA 	Keypress: lshift
248.0145 	DATA 	Keypress: t
251.0139 	DATA 	Keypress: lshift
251.0145 	DATA 	Keypress: t
254.0140 	DATA 	Keypress: lshift
254.0145 	DATA 	Keypress: t
254.2667 	DATA 	Begin trial
254.6975 	DATA 	Keypress: b
254.8978 	DATA 	Keypress: a
255.1309 	DATA 	Keypress: b
255.2641 	DATA 	Keypress: a
255.4307 	DATA 	Keypress: b
255.5612 	DATA 	Keypress: a
255.7295 	DATA 	Keypress: b
255.8461 	DATA 	Keypress: a
255.9962 	DATA 	Keypress: b
256.0961 	DATA 	Keypress: a
256.2630 	DATA 	Keypress: b
256.3629 	DATA 	Keypress: a
256.4976 	DATA 	Keypress: b
256.5809 	DATA 	Keypress: a
256.7629 	DATA 	Keypress: b
256.8295 	DATA 	Keypress: a
256.9795 	DATA 	Keypress: b
257.0128 	DATA 	Keypress: lshift
257.0133 	DATA 	Keypress: t
257.0467 	DATA 	Keypress: a
257.2131 	DATA 	Keypress: b
257.2628 	DATA 	Keypress: a
257.4294 	DATA 	Keypress: b
257.4964 	DATA 	Keypress: a
257.6463 	DATA 	Keypress: b
257.7130 	DATA 	Keypress: a
257.8458 	DATA 	Keypress: b
257.9126 	DATA 	Keypress: a
258.0796 	DATA 	Keypress: b
258.1296 	DATA 	Keypress: a
258.2979 	DATA 	Keypress: b
258.3628 	DATA 	Keypress: a
258.5292 	DATA 	Keypress: b
258.6297 	DATA 	Keypress: a
258.8312 	DATA 	Keypress: b
258.9812 	DATA 	Keypress: a
259.1640 	DATA 	Keypress: b
259.2974 	DATA 	Keypress: a
259.5472 	DATA 	Keypress: b
259.7141 	DATA 	Keypress: a
259.9305 	DATA 	Keypress: b
260.0140 	DATA 	Keypress: lshift
260.0145 	DATA 	Keypress: t
260.0973 	DATA 	Keypress: a
260.3490 	DATA 	Keypress: b
260.6306 	DATA 	Keypress: a
260.9638 	DATA 	Keypress: b
261.2804 	DATA 	Keypress: b
261.3086 	DATA 	End trial
263.0140 	DATA 	Keypress: lshift
263.0145 	DATA 	Keypress: t
266.0140 	DATA 	Keypress: lshift
266.0145 	DATA 	Keypress: t
269.0139 	DATA 	Keypress: lshift
269.0144 	DATA 	Keypress: t
272.0141 	DATA 	Keypress: lshift
272.0147 	DATA 	Keypress: t
275.0139 	DATA 	Keypress: lshift
275.0144 	DATA 	Keypress: t
278.0139 	DATA 	Keypress: lshift
278.0144 	DATA 	Keypress: t
281.0138 	DATA 	Keypress: lshift
281.0143 	DATA 	Keypress: t
284.0139 	DATA 	Keypress: lshift
284.0144 	DATA 	Keypress: t
284.3008 	DATA 	Begin trial
284.8140 	DATA 	Keypress: a
285.0640 	DATA 	Keypress: b
285.5643 	DATA 	Keypress: b
285.8143 	DATA 	Keypress: b
286.1478 	DATA 	Keypress: b
286.4139 	DATA 	Keypress: b
286.9144 	DATA 	Keypress: b
287.0140 	DATA 	Keypress: lshift
287.0146 	DATA 	Keypress: t
287.2304 	DATA 	Keypress: b
287.5140 	DATA 	Keypress: b
287.7306 	DATA 	Keypress: a
287.9807 	DATA 	Keypress: b
288.2805 	DATA 	Keypress: a
288.4805 	DATA 	Keypress: b
288.6473 	DATA 	Keypress: a
288.8640 	DATA 	Keypress: b
289.0642 	DATA 	Keypress: a
289.2978 	DATA 	Keypress: b
289.5140 	DATA 	Keypress: a
289.7305 	DATA 	Keypress: b
289.9138 	DATA 	Keypress: a
290.0138 	DATA 	Keypress: lshift
290.0143 	DATA 	Keypress: t
290.1305 	DATA 	Keypress: b
290.2972 	DATA 	Keypress: a
290.5138 	DATA 	Keypress: b
290.7639 	DATA 	Keypress: a
290.9806 	DATA 	Keypress: b
291.2137 	DATA 	Keypress: a
291.4472 	DATA 	Keypress: b
291.6474 	DATA 	Keypress: a
291.8308 	DATA 	Keypress: b
291.9974 	DATA 	Keypress: a
292.2139 	DATA 	Keypress: b
292.3646 	DATA 	Keypress: a
292.5472 	DATA 	Keypress: b
292.7639 	DATA 	Keypress: a
292.9972 	DATA 	Keypress: b
293.0139 	DATA 	Keypress: lshift
293.0145 	DATA 	Keypress: t
293.2805 	DATA 	Keypress: b
293.5970 	DATA 	Keypress: b
293.8660 	DATA 	Keypress: b
294.1638 	DATA 	Keypress: b
294.4139 	DATA 	Keypress: b
294.7144 	DATA 	Keypress: b
294.9971 	DATA 	Keypress: b
295.2971 	DATA 	Keypress: b
295.5471 	DATA 	Keypress: b
295.8139 	DATA 	Keypress: b
296.0140 	DATA 	Keypress: lshift
296.0145 	DATA 	Keypress: t
296.2308 	DATA 	Keypress: a
296.5138 	DATA 	Keypress: b
296.6324 	DATA 	Keypress: a
296.8305 	DATA 	Keypress: b
296.8826 	DATA 	Keypress: a
297.0973 	DATA 	Keypress: a
297.2805 	DATA 	Keypress: a
297.4640 	DATA 	Keypress: a
297.6805 	DATA 	Keypress: b
297.9139 	DATA 	Keypress: b
298.1804 	DATA 	Keypress: b
298.3807 	DATA 	Keypress: b
298.8971 	DATA 	Keypress: b
299.0138 	DATA 	Keypress: lshift
299.0143 	DATA 	Keypress: t
299.1806 	DATA 	Keypress: b
299.4805 	DATA 	Keypress: b
299.7480 	DATA 	Keypress: b
299.9807 	DATA 	Keypress: b
300.2471 	DATA 	Keypress: b
300.4826 	DATA 	Keypress: b
300.7306 	DATA 	Keypress: b
300.9639 	DATA 	Keypress: b
301.2139 	DATA 	Keypress: b
301.4473 	DATA 	Keypress: b
301.6973 	DATA 	Keypress: b
301.9473 	DATA 	Keypress: b
302.0138 	DATA 	Keypress: lshift
302.0143 	DATA 	Keypress: t
302.1659 	DATA 	Keypress: b
302.3432 	DATA 	End trial
302.3965 	DATA 	Keypress: b
305.0132 	DATA 	Keypress: lshift
305.0137 	DATA 	Keypress: t
308.0140 	DATA 	Keypress: lshift
308.0146 	DATA 	Keypress: t
311.0138 	DATA 	Keypress: lshift
311.0144 	DATA 	Keypress: t
314.0140 	DATA 	Keypress: lshift
314.0145 	DATA 	Keypress: t
314.3336 	DATA 	Begin trial
314.7475 	DATA 	Keypress: b
314.9806 	DATA 	Keypress: a
315.1971 	DATA 	Keypress: b
315.3140 	DATA 	Keypress: a
315.4972 	DATA 	Keypress: b
315.5973 	DATA 	Keypress: a
315.7646 	DATA 	Keypress: b
315.8804 	DATA 	Keypress: a
316.0472 	DATA 	Keypress: b
316.1474 	DATA 	Keypress: a
316.3137 	DATA 	Keypress: b
316.3972 	DATA 	Keypress: a
316.5643 	DATA 	Keypress: b
316.6310 	DATA 	Keypress: a
316.7975 	DATA 	Keypress: b
316.8805 	DATA 	Keypress: a
317.0140 	DATA 	Keypress: lshift
317.0145 	DATA 	Keypress: t
317.0471 	DATA 	Keypress: b
317.1137 	DATA 	Keypress: a
317.2974 	DATA 	Keypress: b
317.4307 	DATA 	Keypress: a
317.6145 	DATA 	Keypress: b
317.9306 	DATA 	Keypress: b
318.1806 	DATA 	Keypress: b
318.4472 	DATA 	Keypress: b
318.6805 	DATA 	Keypress: b
318.9139 	DATA 	Keypress: b
319.1496 	DATA 	Keypress: b
319.3476 	DATA 	Keypress: b
319.5307 	DATA 	Keypress: a
319.7474 	DATA 	Keypress: b
319.8471 	DATA 	Keypress: a
320.0141 	DATA 	Keypress: lshift
320.0146 	DATA 	Keypress: t
320.0159 	DATA 	Keypress: b
320.0995 	DATA 	Keypress: a
320.2807 	DATA 	Keypress: b
320.3640 	DATA 	Keypress: a
320.5472 	DATA 	Keypress: b
320.6306 	DATA 	Keypress: a
320.8139 	DATA 	Keypress: b
320.9306 	DATA 	Keypress: a
321.0657 	DATA 	Keypress: b
321.1643 	DATA 	Keypress: a
321.3640 	DATA 	Keypress: b
321.4971 	DATA 	Keypress: a
321.6473 	DATA 	Keypress: b
321.7470 	DATA 	Keypress: a
321.9143 	DATA 	Keypress: b
322.0473 	DATA 	Keypress: a
322.2474 	DATA 	Keypress: b
322.3471 	DATA 	Keypress: a
322.4995 	DATA 	Keypress: b
322.6138 	DATA 	Keypress: a
322.7973 	DATA 	Keypress: b
322.8973 	DATA 	Keypress: a
323.0143 	DATA 	Keypress: lshift
323.0148 	DATA 	Keypress: t
323.0639 	DATA 	Keypress: b
323.1473 	DATA 	Keypress: a
323.3305 	DATA 	Keypress: b
323.5975 	DATA 	Keypress: b
323.6659 	DATA 	Keypress: a
323.8140 	DATA 	Keypress: b
323.9141 	DATA 	Keypress: a
324.1641 	DATA 	Keypress: b
324.3473 	DATA 	Keypress: a
324.5142 	DATA 	Keypress: b
324.6974 	DATA 	Keypress: a
324.9306 	DATA 	Keypress: b
325.0309 	DATA 	Keypress: a
325.2305 	DATA 	Keypress: b
325.3472 	DATA 	Keypress: a
325.5970 	DATA 	Keypress: b
325.6806 	DATA 	Keypress: a
325.8807 	DATA 	Keypress: b
325.9972 	DATA 	Keypress: a
326.0138 	DATA 	Keypress: lshift
326.0143 	DATA 	Keypress: t
326.1971 	DATA 	Keypress: b
326.2640 	DATA 	Keypress: a
326.5307 	DATA 	Keypress: b
326.6807 	DATA 	Keypress: a
326.9140 	DATA 	Keypress: b
326.9807 	DATA 	Keypress: a
327.1473 	DATA 	Keypress: b
327.2639 	DATA 	Keypress: a
327.5139 	DATA 	Keypress: b
327.6158 	DATA 	Keypress: a
327.7974 	DATA 	Keypress: b
327.9323 	DATA 	Keypress: a
328.0972 	DATA 	Keypress: b
328.2472 	DATA 	Keypress: a
328.5971 	DATA 	Keypress: b
328.8470 	DATA 	Keypress: b
329.0138 	DATA 	Keypress: lshift
329.0143 	DATA 	Keypress: t
329.0973 	DATA 	Keypress: b
329.3303 	DATA 	Keypress: b
329.3688 	DATA 	End trial
329.5138 	DATA 	Keypress: b
332.0140 	DATA 	Keypress: lshift
332.0146 	DATA 	Keypress: t
335.0140 	DATA 	Keypress: lshift
335.0145 	DATA 	Keypress: t
338.0137 	DATA 	Keypress: lshift
338.0142 	DATA 	Keypress: t
341.0138 	DATA 	Keypress: lshift
341.0143 	DATA 	Keypress: t
344.0138 	DATA 	Keypress: lshift
344.0143 	DATA 	Keypress: t
344.3669 	DATA 	Begin trial
344.8806 	DATA 	Keypress: a
345.0308 	DATA 	Keypress: b
345.2479 	DATA 	Keypress: a
345.4141 	DATA 	Keypress: b
345.5473 	DATA 	Keypress: a
345.7141 	DATA 	Keypress: b
345.8141 	DATA 	Keypress: a
345.9973 	DATA 	Keypress: b
346.0641 	DATA 	Keypress: a
346.2326 	DATA 	Keypress: b
346.2977 	DATA 	Keypress: a
346.4642 	DATA 	Keypress: b
346.5474 	DATA 	Keypress: a
346.7307 	DATA 	Keypress: b
346.8306 	DATA 	Keypress: a
347.0141 	DATA 	Keypress: lshift
347.0151 	DATA 	Keypress: t
347.0165 	DATA 	Keypress: b
347.1640 	DATA 	Keypress: a
347.3143 	DATA 	Keypress: b
347.4308 	DATA 	Keypress: a
347.5804 	DATA 	Keypress: b
347.6975 	DATA 	Keypress: a
347.8639 	DATA 	Keypress: b
347.9638 	DATA 	Keypress: a
348.1303 	DATA 	Keypress: b
348.2471 	DATA 	Keypress: a
348.3975 	DATA 	Keypress: b
348.5138 	DATA 	Keypress: a
348.6805 	DATA 	Keypress: b
348.7639 	DATA 	Keypress: a
348.9162 	DATA 	Keypress: b
349.0469 	DATA 	Keypress: a
349.2803 	DATA 	Keypress: a
349.4662 	DATA 	Keypress: a
349.6639 	DATA 	Keypress: a
349.8304 	DATA 	Keypress: a
350.0139 	DATA 	Keypress: lshift
350.0144 	DATA 	Keypress: t
350.0160 	DATA 	Keypress: a
350.2472 	DATA 	Keypress: b
350.4638 	DATA 	Keypress: b
350.8803 	DATA 	Keypress: b
351.0973 	DATA 	Keypress: b
351.3306 	DATA 	Keypress: b
351.5471 	DATA 	Keypress: b
351.7970 	DATA 	Keypress: b
352.0140 	DATA 	Keypress: b
352.2308 	DATA 	Keypress: a
352.3971 	DATA 	Keypress: b
352.4806 	DATA 	Keypress: a
352.6472 	DATA 	Keypress: b
352.7137 	DATA 	Keypress: a
352.8807 	DATA 	Keypress: b
352.9640 	DATA 	Keypress: a
353.0138 	DATA 	Keypress: lshift
353.0143 	DATA 	Keypress: t
353.1805 	DATA 	Keypress: b
353.2805 	DATA 	Keypress: a
353.4304 	DATA 	Keypress: b
353.5160 	DATA 	Keypress: a
353.7138 	DATA 	Keypress: b
353.7971 	DATA 	Keypress: a
353.9638 	DATA 	Keypress: b
354.0805 	DATA 	Keypress: a
354.2638 	DATA 	Keypress: b
354.3473 	DATA 	Keypress: a
354.5637 	DATA 	Keypress: b
354.6307 	DATA 	Keypress: a
354.7994 	DATA 	Keypress: b
354.8657 	DATA 	Keypress: a
355.0805 	DATA 	Keypress: b
355.1639 	DATA 	Keypress: a
355.3473 	DATA 	Keypress: b
355.4305 	DATA 	Keypress: a
355.5804 	DATA 	Keypress: b
355.6639 	DATA 	Keypress: a
355.8309 	DATA 	Keypress: b
355.9306 	DATA 	Keypress: a
356.0137 	DATA 	Keypress: lshift
356.0142 	DATA 	Keypress: t
356.1137 	DATA 	Keypress: b
356.1640 	DATA 	Keypress: a
356.3473 	DATA 	Keypress: b
356.3979 	DATA 	Keypress: a
356.6138 	DATA 	Keypress: b
356.7141 	DATA 	Keypress: a
356.9304 	DATA 	Keypress: b
357.0141 	DATA 	Keypress: a
357.1973 	DATA 	Keypress: b
357.3140 	DATA 	Keypress: a
357.5638 	DATA 	Keypress: b
357.6312 	DATA 	Keypress: a
357.8470 	DATA 	Keypress: b
357.9305 	DATA 	Keypress: a
358.1308 	DATA 	Keypress: b
358.1806 	DATA 	Keypress: a
358.4139 	DATA 	Keypress: b
358.4811 	DATA 	Keypress: a
358.6806 	DATA 	Keypress: b
358.7325 	DATA 	Keypress: a
358.9470 	DATA 	Keypress: b
359.0139 	DATA 	Keypress: lshift
359.0144 	DATA 	Keypress: t
359.0306 	DATA 	Keypress: a
359.2639 	DATA 	Keypress: b
359.3472 	DATA 	Keypress: a
359.5470 	DATA 	Keypress: b
359.6136 	DATA 	Keypress: a
359.7970 	DATA 	Keypress: b
359.8474 	DATA 	Keypress: a
360.0639 	DATA 	Keypress: b
360.1472 	DATA 	Keypress: a
360.4040 	DATA 	End trial
360.4044 	DATA 	Keypress: b
360.4804 	DATA 	Keypress: a
362.0133 	DATA 	Keypress: lshift
362.0138 	DATA 	Keypress: t
365.0132 	DATA 	Keypress: lshift
365.0137 	DATA 	Keypress: t
368.0137 	DATA 	Keypress: lshift
368.0142 	DATA 	Keypress: t
371.0138 	DATA 	Keypress: lshift
371.0143 	DATA 	Keypress: t
374.0136 	DATA 	Keypress: lshift
374.0142 	DATA 	Keypress: t
374.3999 	DATA 	Begin trial
374.8639 	DATA 	Keypress: a
375.0636 	DATA 	Keypress: b
375.2471 	DATA 	Keypress: a
375.4305 	DATA 	Keypress: b
375.5806 	DATA 	Keypress: a
375.7473 	DATA 	Keypress: b
375.8809 	DATA 	Keypress: a
376.0311 	DATA 	Keypress: b
376.1472 	DATA 	Keypress: a
376.2974 	DATA 	Keypress: b
376.4136 	DATA 	Keypress: a
376.5804 	DATA 	Keypress: b
376.6640 	DATA 	Keypress: a
376.8140 	DATA 	Keypress: b
376.8971 	DATA 	Keypress: a
377.0137 	DATA 	Keypress: lshift
377.0142 	DATA 	Keypress: t
377.0641 	DATA 	Keypress: b
377.1471 	DATA 	Keypress: a
377.3139 	DATA 	Keypress: b
377.3640 	DATA 	Keypress: a
377.5472 	DATA 	Keypress: b
377.5972 	DATA 	Keypress: a
377.7972 	DATA 	Keypress: b
377.8637 	DATA 	Keypress: a
378.0305 	DATA 	Keypress: b
378.1137 	DATA 	Keypress: a
378.2971 	DATA 	Keypress: b
378.3472 	DATA 	Keypress: a
378.4996 	DATA 	Keypress: b
378.5808 	DATA 	Keypress: a
378.7805 	DATA 	Keypress: b
378.8471 	DATA 	Keypress: a
379.0303 	DATA 	Keypress: b
379.1470 	DATA 	Keypress: a
379.3139 	DATA 	Keypress: b
379.4469 	DATA 	Keypress: a
379.6971 	DATA 	Keypress: a
379.8804 	DATA 	Keypress: a
380.0137 	DATA 	Keypress: lshift
380.0142 	DATA 	Keypress: t
380.0637 	DATA 	Keypress: a
380.3308 	DATA 	Keypress: b
380.5471 	DATA 	Keypress: b
380.7470 	DATA 	Keypress: b
380.9472 	DATA 	Keypress: b
381.1637 	DATA 	Keypress: a
381.4138 	DATA 	Keypress: b
381.5304 	DATA 	Keypress: a
381.6825 	DATA 	Keypress: b
381.7807 	DATA 	Keypress: a
381.9804 	DATA 	Keypress: b
382.0971 	DATA 	Keypress: a
382.2971 	DATA 	Keypress: b
382.3972 	DATA 	Keypress: a
382.5805 	DATA 	Keypress: b
382.6806 	DATA 	Keypress: a
382.8806 	DATA 	Keypress: b
382.9972 	DATA 	Keypress: a
383.0138 	DATA 	Keypress: lshift
383.0143 	DATA 	Keypress: t
383.2474 	DATA 	Keypress: b
383.3993 	DATA 	Keypress: a
383.6140 	DATA 	Keypress: b
383.6970 	DATA 	Keypress: a
383.8972 	DATA 	Keypress: b
383.9973 	DATA 	Keypress: a
384.2139 	DATA 	Keypress: b
384.3304 	DATA 	Keypress: a
384.5306 	DATA 	Keypress: b
384.6137 	DATA 	Keypress: a
384.7976 	DATA 	Keypress: b
384.8803 	DATA 	Keypress: a
385.0636 	DATA 	Keypress: b
385.1473 	DATA 	Keypress: a
385.4303 	DATA 	Keypress: b
385.5806 	DATA 	Keypress: a
385.7472 	DATA 	Keypress: b
385.8637 	DATA 	Keypress: a
386.0141 	DATA 	Keypress: lshift
386.0148 	DATA 	Keypress: t
386.0805 	DATA 	Keypress: b
386.1635 	DATA 	Keypress: a
386.3806 	DATA 	Keypress: b
386.4804 	DATA 	Keypress: a
386.6805 	DATA 	Keypress: b
386.7804 	DATA 	Keypress: a
387.0138 	DATA 	Keypress: b
387.1472 	DATA 	Keypress: a
387.3664 	DATA 	Keypress: b
387.4663 	DATA 	Keypress: a
387.6474 	DATA 	Keypress: a
387.8472 	DATA 	Keypress: a
388.0305 	DATA 	Keypress: a
388.2140 	DATA 	Keypress: a
388.4136 	DATA 	Keypress: a
388.7137 	DATA 	Keypress: b
388.9473 	DATA 	Keypress: b
389.0139 	DATA 	Keypress: lshift
389.0144 	DATA 	Keypress: t
389.1638 	DATA 	Keypress: b
389.3992 	DATA 	Keypress: b
389.6305 	DATA 	Keypress: b
389.8804 	DATA 	Keypress: a
390.1139 	DATA 	Keypress: b
390.2469 	DATA 	Keypress: a
390.4139 	DATA 	Keypress: b
390.4979 	DATA 	Keypress: a
390.7139 	DATA 	Keypress: b
390.7970 	DATA 	Keypress: a
390.9971 	DATA 	Keypress: b
391.0471 	DATA 	Keypress: a
391.2804 	DATA 	Keypress: b
391.3140 	DATA 	Keypress: a
391.5304 	DATA 	Keypress: b
391.5970 	DATA 	Keypress: a
391.8304 	DATA 	Keypress: b
391.9636 	DATA 	Keypress: a
392.0137 	DATA 	Keypress: lshift
392.0142 	DATA 	Keypress: t
392.1806 	DATA 	Keypress: b
392.2635 	DATA 	Keypress: a
392.4805 	DATA 	Keypress: b
392.5801 	DATA 	Keypress: a
392.7972 	DATA 	Keypress: b
392.8641 	DATA 	Keypress: a
393.0636 	DATA 	Keypress: b
393.1645 	DATA 	Keypress: a
393.3804 	DATA 	Keypress: b
393.4478 	DATA 	End trial
393.4765 	DATA 	Keypress: a
393.6970 	DATA 	Keypress: b
395.0139 	DATA 	Keypress: lshift
395.0144 	DATA 	Keypress: t
398.0139 	DATA 	Keypress: lshift
398.0144 	DATA 	Keypress: t
401.0137 	DATA 	Keypress: lshift
401.0142 	DATA 	Keypress: t
404.0137 	DATA 	Keypress: lshift
404.0142 	DATA 	Keypress: t
404.4332 	DATA 	Begin trial
404.9493 	DATA 	Keypress: a
405.1303 	DATA 	Keypress: b
405.3803 	DATA 	Keypress: a
405.6137 	DATA 	Keypress: b
405.7807 	DATA 	Keypress: a
405.9477 	DATA 	Keypress: b
406.0806 	DATA 	Keypress: a
406.2327 	DATA 	Keypress: b
406.3471 	DATA 	Keypress: a
406.5470 	DATA 	Keypress: b
406.6470 	DATA 	Keypress: a
406.8325 	DATA 	Keypress: b
406.9304 	DATA 	Keypress: a
407.0137 	DATA 	Keypress: lshift
407.0142 	DATA 	Keypress: t
407.1139 	DATA 	Keypress: b
407.1805 	DATA 	Keypress: a
407.3665 	DATA 	Keypress: b
407.4471 	DATA 	Keypress: a
407.6471 	DATA 	Keypress: b
407.7165 	DATA 	Keypress: a
407.9138 	DATA 	Keypress: b
407.9658 	DATA 	Keypress: a
408.1970 	DATA 	Keypress: b
408.2639 	DATA 	Keypress: a
408.4496 	DATA 	Keypress: b
408.5805 	DATA 	Keypress: a
408.9804 	DATA 	Keypress: b
409.3805 	DATA 	Keypress: b
409.6310 	DATA 	Keypress: a
409.9491 	DATA 	Keypress: a
410.0138 	DATA 	Keypress: lshift
410.0143 	DATA 	Keypress: t
410.2806 	DATA 	Keypress: a
410.5137 	DATA 	Keypress: a
410.7139 	DATA 	Keypress: a
410.9305 	DATA 	Keypress: a
411.1304 	DATA 	Keypress: a
411.3136 	DATA 	Keypress: a
411.5308 	DATA 	Keypress: a
411.8806 	DATA 	Keypress: b
412.0806 	DATA 	Keypress: b
412.3470 	DATA 	Keypress: b
412.5970 	DATA 	Keypress: b
412.8474 	DATA 	Keypress: b
413.0137 	DATA 	Keypress: lshift
413.0142 	DATA 	Keypress: t
413.1138 	DATA 	Keypress: b
413.3638 	DATA 	Keypress: b
413.6306 	DATA 	Keypress: b
413.8807 	DATA 	Keypress: b
414.0805 	DATA 	Keypress: a
414.3474 	DATA 	Keypress: a
414.6305 	DATA 	Keypress: a
414.8971 	DATA 	Keypress: b
415.0970 	DATA 	Keypress: a
415.2972 	DATA 	Keypress: b
415.4307 	DATA 	Keypress: a
415.6470 	DATA 	Keypress: b
415.7807 	DATA 	Keypress: a
415.9970 	DATA 	Keypress: b
416.0138 	DATA 	Keypress: lshift
416.0143 	DATA 	Keypress: t
416.1139 	DATA 	Keypress: a
416.3472 	DATA 	Keypress: b
416.4476 	DATA 	Keypress: a
416.6973 	DATA 	Keypress: b
416.7972 	DATA 	Keypress: a
417.0308 	DATA 	Keypress: b
417.1638 	DATA 	Keypress: a
417.3804 	DATA 	Keypress: b
417.4806 	DATA 	Keypress: a
417.6638 	DATA 	Keypress: b
417.7826 	DATA 	Keypress: a
418.0135 	DATA 	Keypress: b
418.1804 	DATA 	Keypress: a
418.3804 	DATA 	Keypress: b
418.5135 	DATA 	Keypress: a
418.7137 	DATA 	Keypress: b
418.8303 	DATA 	Keypress: a
419.0135 	DATA 	Keypress: lshift
419.0141 	DATA 	Keypress: t
419.0472 	DATA 	Keypress: b
419.1638 	DATA 	Keypress: a
419.3308 	DATA 	Keypress: b
419.4637 	DATA 	Keypress: a
419.6804 	DATA 	Keypress: b
419.7666 	DATA 	Keypress: a
419.9968 	DATA 	Keypress: b
420.0972 	DATA 	Keypress: a
420.2972 	DATA 	Keypress: b
420.3829 	DATA 	Keypress: a
420.5971 	DATA 	Keypress: b
420.7638 	DATA 	Keypress: a
420.9640 	DATA 	Keypress: b
421.0972 	DATA 	Keypress: a
421.2969 	DATA 	Keypress: b
421.4140 	DATA 	Keypress: a
421.4772 	DATA 	End trial
421.6320 	DATA 	Keypress: b
421.7637 	DATA 	Keypress: a
422.0137 	DATA 	Keypress: lshift
422.0143 	DATA 	Keypress: t
425.0137 	DATA 	Keypress: lshift
425.0143 	DATA 	Keypress: t
428.0140 	DATA 	Keypress: lshift
428.0145 	DATA 	Keypress: t
431.0140 	DATA 	Keypress: lshift
431.0145 	DATA 	Keypress: t
434.5568 	DATA 	start rating A
437.6948 	DATA 	Keypress: a
438.1969 	DATA 	Keypress: a
446.6270 	DATA 	Keypress: a
447.1961 	DATA 	Keypress: a
447.5102 	DATA 	Keypress: b
449.1611 	DATA 	Keypress: a
456.5268 	DATA 	Keypress: space
458.8318 	DATA 	Mouse: Left button down, pos=(109,264)
458.9274 	DATA 	Mouse:  Left button up, pos=(109,264)
459.5308 	DATA 	Keypress: space
460.3586 	DATA 	Keypress: return
460.3604 	DATA 	RatingScale rateA_scale: (key response) rating=1
460.3604 	DATA 	RatingScale rateA_scale: rating RT=25.803
460.3604 	DATA 	RatingScale rateA_scale: history=[(4.0, 0.0), (3, 3.141), (2, 3.64), (1, 12.073), (2, 12.956), (1, 14.608), (1, 25.803)]
460.3753 	DATA 	1.0
460.3753 	DATA 	end rating A
460.4349 	DATA 	start rating B
464.6962 	DATA 	Keypress: a
465.5195 	DATA 	Keypress: a
469.8921 	DATA 	Keypress: return
469.8937 	DATA 	RatingScale rateB_scale: (key response) rating=2
469.8938 	DATA 	RatingScale rateB_scale: rating RT=9.458
469.8938 	DATA 	RatingScale rateB_scale: history=[(4.0, 0.0), (3, 4.261), (2, 5.085), (2, 9.458)]
469.9084 	DATA 	2.0
469.9084 	DATA 	end rating B
