1.5231 	ERROR 	avbin.dll failed to load. Try importing psychopy.visual
  as the first library (before anything that uses scipy)
  and make sure that avbin is installed.
10.9901 	DATA 	version B
37.5759 	DATA 	Mouse: Left button down, pos=(22,198)
37.6692 	DATA 	Mouse:  Left button up, pos=(22,198)
40.0778 	DATA 	Keypress: space
40.0922 	DATA 	waiting for trigger
231.0755 	DATA 	Keypress: lshift
231.0761 	DATA 	Keypress: t
231.0772 	DATA 	TRIGGERED
231.1144 	DATA 	Begin trial
233.8923 	DATA 	Keypress: a
234.0757 	DATA 	Keypress: lshift
234.0762 	DATA 	Keypress: t
234.5259 	DATA 	Keypress: a
235.0584 	DATA 	Keypress: a
235.5939 	DATA 	Keypress: a
236.0753 	DATA 	Keypress: a
237.0756 	DATA 	Keypress: lshift
237.0761 	DATA 	Keypress: t
237.1425 	DATA 	Keypress: a
238.4259 	DATA 	Keypress: a
239.5435 	DATA 	Keypress: a
240.0753 	DATA 	Keypress: lshift
240.0760 	DATA 	Keypress: t
240.1772 	DATA 	Keypress: a
240.5584 	DATA 	Keypress: a
241.9420 	DATA 	Keypress: a
242.3589 	DATA 	Keypress: a
242.8590 	DATA 	Keypress: a
243.0751 	DATA 	Keypress: lshift
243.0758 	DATA 	Keypress: t
243.4096 	DATA 	Keypress: a
244.1756 	DATA 	Keypress: a
246.0757 	DATA 	Keypress: lshift
246.0764 	DATA 	Keypress: t
246.2260 	DATA 	Keypress: a
246.6927 	DATA 	Keypress: a
247.1927 	DATA 	Keypress: a
248.8589 	DATA 	Keypress: a
249.0757 	DATA 	Keypress: lshift
249.0762 	DATA 	Keypress: t
249.5760 	DATA 	Keypress: a
250.1520 	DATA 	End trial
250.1916 	DATA 	Keypress: a
252.0756 	DATA 	Keypress: lshift
252.0761 	DATA 	Keypress: t
255.0755 	DATA 	Keypress: lshift
255.0760 	DATA 	Keypress: t
258.0759 	DATA 	Keypress: lshift
258.0764 	DATA 	Keypress: t
261.0758 	DATA 	Keypress: lshift
261.0763 	DATA 	Keypress: t
261.1444 	DATA 	Begin trial
263.2589 	DATA 	Keypress: a
263.8275 	DATA 	Keypress: a
264.0757 	DATA 	Keypress: lshift
264.0762 	DATA 	Keypress: t
265.5422 	DATA 	Keypress: a
266.9759 	DATA 	Keypress: a
267.0757 	DATA 	Keypress: lshift
267.0762 	DATA 	Keypress: t
267.6420 	DATA 	Keypress: a
268.3092 	DATA 	Keypress: a
269.6755 	DATA 	Keypress: a
270.0758 	DATA 	Keypress: lshift
270.0763 	DATA 	Keypress: t
272.5916 	DATA 	Keypress: a
273.0746 	DATA 	Keypress: lshift
273.0751 	DATA 	Keypress: t
273.1252 	DATA 	Keypress: a
273.6251 	DATA 	Keypress: a
274.1807 	DATA 	End trial
274.1812 	DATA 	Keypress: a
276.0757 	DATA 	Keypress: lshift
276.0762 	DATA 	Keypress: t
279.0753 	DATA 	Keypress: lshift
279.0760 	DATA 	Keypress: t
282.0758 	DATA 	Keypress: lshift
282.0763 	DATA 	Keypress: t
285.0756 	DATA 	Keypress: lshift
285.0764 	DATA 	Keypress: t
288.0754 	DATA 	Keypress: lshift
288.0761 	DATA 	Keypress: t
291.0751 	DATA 	Keypress: lshift
291.0759 	DATA 	Keypress: t
291.1788 	DATA 	Begin trial
292.2756 	DATA 	Keypress: a
292.7756 	DATA 	Keypress: a
293.5262 	DATA 	Keypress: a
294.0424 	DATA 	Keypress: a
294.0754 	DATA 	Keypress: lshift
294.0762 	DATA 	Keypress: t
294.3923 	DATA 	Keypress: a
294.7923 	DATA 	Keypress: a
295.2148 	DATA 	End trial
297.0762 	DATA 	Keypress: lshift
297.0769 	DATA 	Keypress: t
300.0760 	DATA 	Keypress: lshift
300.0765 	DATA 	Keypress: t
303.0757 	DATA 	Keypress: lshift
303.0762 	DATA 	Keypress: t
306.0758 	DATA 	Keypress: lshift
306.0763 	DATA 	Keypress: t
309.0755 	DATA 	Keypress: lshift
309.0760 	DATA 	Keypress: t
312.0756 	DATA 	Keypress: lshift
312.0761 	DATA 	Keypress: t
315.0755 	DATA 	Keypress: lshift
315.0760 	DATA 	Keypress: t
318.0753 	DATA 	Keypress: lshift
318.0760 	DATA 	Keypress: t
321.0757 	DATA 	Keypress: lshift
321.0763 	DATA 	Keypress: t
321.2105 	DATA 	Begin trial
321.9254 	DATA 	Keypress: a
323.4424 	DATA 	Keypress: a
323.8421 	DATA 	Keypress: a
324.0750 	DATA 	Keypress: lshift
324.0757 	DATA 	Keypress: t
324.1424 	DATA 	Keypress: a
324.4594 	DATA 	Keypress: a
325.2094 	DATA 	Keypress: a
325.8091 	DATA 	Keypress: a
326.5091 	DATA 	Keypress: a
327.0753 	DATA 	Keypress: lshift
327.0759 	DATA 	Keypress: t
327.4924 	DATA 	Keypress: a
328.1086 	DATA 	Keypress: a
328.6258 	DATA 	Keypress: a
329.0251 	DATA 	Keypress: a
329.4442 	DATA 	Keypress: a
329.8259 	DATA 	Keypress: a
330.0753 	DATA 	Keypress: lshift
330.0760 	DATA 	Keypress: t
330.2425 	DATA 	Keypress: a
330.6420 	DATA 	Keypress: a
331.0754 	DATA 	Keypress: a
331.4427 	DATA 	Keypress: a
331.7440 	DATA 	Keypress: a
332.0084 	DATA 	Keypress: a
332.5589 	DATA 	Keypress: a
332.8423 	DATA 	Keypress: a
333.0758 	DATA 	Keypress: lshift
333.0763 	DATA 	Keypress: t
333.1917 	DATA 	Keypress: a
333.5585 	DATA 	Keypress: a
335.1756 	DATA 	Keypress: a
335.7756 	DATA 	Keypress: a
336.0754 	DATA 	Keypress: lshift
336.0761 	DATA 	Keypress: t
336.3752 	DATA 	Keypress: a
337.0918 	DATA 	Keypress: a
337.7582 	DATA 	Keypress: a
338.2511 	DATA 	End trial
339.0759 	DATA 	Keypress: lshift
339.0765 	DATA 	Keypress: t
342.0756 	DATA 	Keypress: lshift
342.0764 	DATA 	Keypress: t
345.0756 	DATA 	Keypress: lshift
345.0761 	DATA 	Keypress: t
348.0760 	DATA 	Keypress: lshift
348.0765 	DATA 	Keypress: t
351.0754 	DATA 	Keypress: lshift
351.0760 	DATA 	Keypress: t
351.2443 	DATA 	Begin trial
352.0920 	DATA 	Keypress: a
352.4752 	DATA 	Keypress: a
352.7587 	DATA 	Keypress: a
353.0593 	DATA 	Keypress: a
353.4418 	DATA 	Keypress: a
353.8757 	DATA 	Keypress: b
354.0758 	DATA 	Keypress: lshift
354.0763 	DATA 	Keypress: t
354.3424 	DATA 	Keypress: a
354.7088 	DATA 	Keypress: a
355.0106 	DATA 	Keypress: a
355.3586 	DATA 	Keypress: a
355.8591 	DATA 	Keypress: a
356.4092 	DATA 	Keypress: a
357.0422 	DATA 	Keypress: a
357.0756 	DATA 	Keypress: lshift
357.0761 	DATA 	Keypress: t
357.4771 	DATA 	Keypress: a
357.9757 	DATA 	Keypress: a
358.4257 	DATA 	Keypress: a
359.0089 	DATA 	Keypress: a
359.7090 	DATA 	Keypress: a
360.0755 	DATA 	Keypress: lshift
360.0761 	DATA 	Keypress: t
360.3924 	DATA 	Keypress: a
360.9272 	DATA 	Keypress: a
361.3595 	DATA 	Keypress: a
361.9251 	DATA 	Keypress: a
362.5420 	DATA 	Keypress: a
363.0757 	DATA 	Keypress: lshift
363.0764 	DATA 	Keypress: t
363.2089 	DATA 	Keypress: a
364.0085 	DATA 	Keypress: a
364.4920 	DATA 	Keypress: a
365.0091 	DATA 	Keypress: a
365.4589 	DATA 	Keypress: a
365.8925 	DATA 	Keypress: a
366.0752 	DATA 	Keypress: lshift
366.0760 	DATA 	Keypress: t
366.5258 	DATA 	Keypress: a
367.3757 	DATA 	Keypress: a
368.4771 	DATA 	Keypress: a
368.9756 	DATA 	Keypress: a
369.0753 	DATA 	Keypress: lshift
369.0758 	DATA 	Keypress: t
369.2832 	DATA 	End trial
372.0762 	DATA 	Keypress: lshift
372.0768 	DATA 	Keypress: t
375.0764 	DATA 	Keypress: lshift
375.0769 	DATA 	Keypress: t
378.0754 	DATA 	Keypress: lshift
378.0761 	DATA 	Keypress: t
381.0759 	DATA 	Keypress: lshift
381.0764 	DATA 	Keypress: t
381.2769 	DATA 	Begin trial
381.8259 	DATA 	Keypress: a
382.2091 	DATA 	Keypress: a
382.6255 	DATA 	Keypress: a
382.9088 	DATA 	Keypress: a
383.2108 	DATA 	Keypress: a
383.4930 	DATA 	Keypress: a
383.7922 	DATA 	Keypress: a
384.0758 	DATA 	Keypress: lshift
384.0764 	DATA 	Keypress: t
384.1586 	DATA 	Keypress: a
384.7091 	DATA 	Keypress: a
385.1759 	DATA 	Keypress: a
385.5422 	DATA 	Keypress: a
385.9755 	DATA 	Keypress: a
386.4418 	DATA 	Keypress: a
386.9424 	DATA 	Keypress: a
387.0752 	DATA 	Keypress: lshift
387.0757 	DATA 	Keypress: t
387.3424 	DATA 	Keypress: a
387.7257 	DATA 	Keypress: a
388.1111 	DATA 	Keypress: a
388.5418 	DATA 	Keypress: a
389.0420 	DATA 	Keypress: a
389.8420 	DATA 	Keypress: a
390.0755 	DATA 	Keypress: lshift
390.0760 	DATA 	Keypress: t
390.2420 	DATA 	Keypress: a
390.7263 	DATA 	Keypress: a
391.1750 	DATA 	Keypress: a
391.5781 	DATA 	Keypress: a
392.0251 	DATA 	Keypress: a
392.4089 	DATA 	Keypress: a
392.8611 	DATA 	Keypress: a
393.0757 	DATA 	Keypress: lshift
393.0764 	DATA 	Keypress: t
393.2921 	DATA 	Keypress: a
393.7253 	DATA 	Keypress: a
394.1755 	DATA 	Keypress: a
394.6267 	DATA 	Keypress: a
395.0594 	DATA 	Keypress: a
395.4764 	DATA 	Keypress: a
395.9421 	DATA 	Keypress: a
396.0764 	DATA 	Keypress: lshift
396.0770 	DATA 	Keypress: t
396.4922 	DATA 	Keypress: a
397.0258 	DATA 	Keypress: a
397.3178 	DATA 	End trial
397.4923 	DATA 	Keypress: a
399.0757 	DATA 	Keypress: lshift
399.0762 	DATA 	Keypress: t
402.0757 	DATA 	Keypress: lshift
402.0764 	DATA 	Keypress: t
405.0761 	DATA 	Keypress: lshift
405.0766 	DATA 	Keypress: t
408.0757 	DATA 	Keypress: lshift
408.0762 	DATA 	Keypress: t
411.0753 	DATA 	Keypress: lshift
411.0758 	DATA 	Keypress: t
411.3117 	DATA 	Begin trial
411.7589 	DATA 	Keypress: a
412.2921 	DATA 	Keypress: a
412.6423 	DATA 	Keypress: a
412.9925 	DATA 	Keypress: a
413.3092 	DATA 	Keypress: a
413.6424 	DATA 	Keypress: a
413.9751 	DATA 	Keypress: a
414.0755 	DATA 	Keypress: lshift
414.0762 	DATA 	Keypress: t
414.3089 	DATA 	Keypress: a
414.6422 	DATA 	Keypress: a
414.9423 	DATA 	Keypress: a
415.5257 	DATA 	Keypress: a
415.8591 	DATA 	Keypress: a
416.1925 	DATA 	Keypress: a
417.0586 	DATA 	Keypress: a
417.0758 	DATA 	Keypress: lshift
417.0765 	DATA 	Keypress: t
417.3496 	DATA 	End trial
417.3726 	DATA 	Keypress: a
420.0754 	DATA 	Keypress: lshift
420.0759 	DATA 	Keypress: t
423.0755 	DATA 	Keypress: lshift
423.0761 	DATA 	Keypress: t
426.0757 	DATA 	Keypress: lshift
426.0765 	DATA 	Keypress: t
429.0756 	DATA 	Keypress: lshift
429.0763 	DATA 	Keypress: t
432.0756 	DATA 	Keypress: lshift
432.0762 	DATA 	Keypress: t
435.0756 	DATA 	Keypress: lshift
435.0761 	DATA 	Keypress: t
438.0760 	DATA 	Keypress: lshift
438.0766 	DATA 	Keypress: t
441.0758 	DATA 	Keypress: lshift
441.0764 	DATA 	Keypress: t
441.3446 	DATA 	Begin trial
441.9250 	DATA 	Keypress: a
442.2760 	DATA 	Keypress: a
442.5588 	DATA 	Keypress: a
442.8420 	DATA 	Keypress: a
443.3921 	DATA 	Keypress: a
443.6922 	DATA 	Keypress: a
444.0086 	DATA 	Keypress: a
444.0755 	DATA 	Keypress: lshift
444.0761 	DATA 	Keypress: t
444.3421 	DATA 	Keypress: a
444.6921 	DATA 	Keypress: a
445.0103 	DATA 	Keypress: a
445.3420 	DATA 	Keypress: a
445.6589 	DATA 	Keypress: a
446.1256 	DATA 	Keypress: a
446.4759 	DATA 	Keypress: a
446.8758 	DATA 	Keypress: a
447.0757 	DATA 	Keypress: lshift
447.0763 	DATA 	Keypress: t
447.2753 	DATA 	Keypress: a
447.7420 	DATA 	Keypress: a
448.2086 	DATA 	Keypress: a
448.6090 	DATA 	Keypress: a
448.9589 	DATA 	Keypress: a
449.2758 	DATA 	Keypress: a
449.6090 	DATA 	Keypress: a
449.9256 	DATA 	Keypress: a
450.0762 	DATA 	Keypress: lshift
450.0767 	DATA 	Keypress: t
450.2252 	DATA 	Keypress: a
450.5418 	DATA 	Keypress: a
450.8755 	DATA 	Keypress: a
451.2257 	DATA 	Keypress: a
451.5922 	DATA 	Keypress: a
451.9922 	DATA 	Keypress: a
452.3597 	DATA 	Keypress: a
452.7418 	DATA 	Keypress: a
453.0761 	DATA 	Keypress: lshift
453.0766 	DATA 	Keypress: t
453.0924 	DATA 	Keypress: a
453.4433 	DATA 	Keypress: a
453.8091 	DATA 	Keypress: a
454.1932 	DATA 	Keypress: a
454.6440 	DATA 	Keypress: a
455.3088 	DATA 	Keypress: a
455.8588 	DATA 	Keypress: a
456.0757 	DATA 	Keypress: lshift
456.0763 	DATA 	Keypress: t
456.3839 	DATA 	End trial
459.0758 	DATA 	Keypress: lshift
459.0763 	DATA 	Keypress: t
462.0762 	DATA 	Keypress: lshift
462.0767 	DATA 	Keypress: t
465.0758 	DATA 	Keypress: lshift
465.0764 	DATA 	Keypress: t
468.0756 	DATA 	Keypress: lshift
468.0761 	DATA 	Keypress: t
471.0757 	DATA 	Keypress: lshift
471.0765 	DATA 	Keypress: t
471.3790 	DATA 	Begin trial
471.8089 	DATA 	Keypress: a
472.1585 	DATA 	Keypress: a
472.4089 	DATA 	Keypress: a
472.6591 	DATA 	Keypress: a
472.9089 	DATA 	Keypress: a
473.1590 	DATA 	Keypress: a
473.4250 	DATA 	Keypress: a
473.6919 	DATA 	Keypress: a
473.9589 	DATA 	Keypress: a
474.0758 	DATA 	Keypress: lshift
474.0764 	DATA 	Keypress: t
474.2094 	DATA 	Keypress: a
474.4750 	DATA 	Keypress: a
474.7422 	DATA 	Keypress: a
475.0090 	DATA 	Keypress: a
475.2771 	DATA 	Keypress: a
475.5591 	DATA 	Keypress: a
475.8419 	DATA 	Keypress: a
476.1087 	DATA 	Keypress: a
476.4107 	DATA 	Keypress: a
476.6755 	DATA 	Keypress: a
477.0752 	DATA 	Keypress: lshift
477.0759 	DATA 	Keypress: t
477.1925 	DATA 	Keypress: a
477.4926 	DATA 	Keypress: a
477.7257 	DATA 	Keypress: a
478.2756 	DATA 	Keypress: a
478.5595 	DATA 	Keypress: a
478.8757 	DATA 	Keypress: a
479.2257 	DATA 	Keypress: a
479.6422 	DATA 	Keypress: a
480.0766 	DATA 	Keypress: lshift
480.0771 	DATA 	Keypress: t
480.4158 	DATA 	End trial
483.0761 	DATA 	Keypress: lshift
483.0768 	DATA 	Keypress: t
486.0757 	DATA 	Keypress: lshift
486.0762 	DATA 	Keypress: t
489.0756 	DATA 	Keypress: lshift
489.0761 	DATA 	Keypress: t
492.0759 	DATA 	Keypress: lshift
492.0764 	DATA 	Keypress: t
495.0758 	DATA 	Keypress: lshift
495.0764 	DATA 	Keypress: t
496.9427 	DATA 	Keypress: a
497.2088 	DATA 	Keypress: a
497.4585 	DATA 	Keypress: a
498.0762 	DATA 	Keypress: lshift
498.0767 	DATA 	Keypress: t
501.0766 	DATA 	Keypress: lshift
501.0773 	DATA 	Keypress: t
501.4121 	DATA 	Begin trial
502.1756 	DATA 	Keypress: a
502.5586 	DATA 	Keypress: a
502.8925 	DATA 	Keypress: a
503.3085 	DATA 	Keypress: a
503.6760 	DATA 	Keypress: a
504.0755 	DATA 	Keypress: a
504.0767 	DATA 	Keypress: lshift
504.0773 	DATA 	Keypress: t
504.5257 	DATA 	Keypress: a
505.0754 	DATA 	Keypress: a
505.5256 	DATA 	Keypress: a
505.9585 	DATA 	Keypress: a
506.4422 	DATA 	Keypress: a
506.8755 	DATA 	Keypress: a
507.0754 	DATA 	Keypress: lshift
507.0759 	DATA 	Keypress: t
507.8587 	DATA 	Keypress: a
509.4252 	DATA 	Keypress: a
509.4502 	DATA 	End trial
510.0759 	DATA 	Keypress: lshift
510.0765 	DATA 	Keypress: t
513.0764 	DATA 	Keypress: lshift
513.0770 	DATA 	Keypress: t
516.0755 	DATA 	Keypress: lshift
516.0760 	DATA 	Keypress: t
519.0751 	DATA 	Keypress: lshift
519.0757 	DATA 	Keypress: t
522.0761 	DATA 	Keypress: lshift
522.0766 	DATA 	Keypress: t
525.0763 	DATA 	Keypress: lshift
525.0768 	DATA 	Keypress: t
528.0754 	DATA 	Keypress: lshift
528.0759 	DATA 	Keypress: t
531.0758 	DATA 	Keypress: lshift
531.0765 	DATA 	Keypress: t
531.4438 	DATA 	Begin trial
532.0924 	DATA 	Keypress: a
532.4757 	DATA 	Keypress: a
532.7585 	DATA 	Keypress: a
532.9927 	DATA 	Keypress: a
533.2423 	DATA 	Keypress: a
534.0769 	DATA 	Keypress: lshift
534.0774 	DATA 	Keypress: t
534.2590 	DATA 	Keypress: a
535.3420 	DATA 	Keypress: a
535.7587 	DATA 	Keypress: a
536.8090 	DATA 	Keypress: a
537.0767 	DATA 	Keypress: lshift
537.0772 	DATA 	Keypress: t
540.0736 	DATA 	Keypress: lshift
540.0741 	DATA 	Keypress: t
540.7589 	DATA 	Keypress: a
541.1925 	DATA 	Keypress: a
541.5252 	DATA 	Keypress: a
541.8589 	DATA 	Keypress: a
542.4428 	DATA 	Keypress: a
542.9423 	DATA 	Keypress: a
543.0756 	DATA 	Keypress: lshift
543.0761 	DATA 	Keypress: t
543.3588 	DATA 	Keypress: a
543.8921 	DATA 	Keypress: a
544.3417 	DATA 	Keypress: a
545.5585 	DATA 	Keypress: a
546.0765 	DATA 	Keypress: lshift
546.0771 	DATA 	Keypress: t
546.9752 	DATA 	Keypress: a
547.4832 	DATA 	End trial
547.6259 	DATA 	Keypress: a
549.0764 	DATA 	Keypress: lshift
549.0771 	DATA 	Keypress: t
552.0756 	DATA 	Keypress: lshift
552.0762 	DATA 	Keypress: t
555.0765 	DATA 	Keypress: lshift
555.0771 	DATA 	Keypress: t
558.0763 	DATA 	Keypress: lshift
558.0769 	DATA 	Keypress: t
558.5917 	DATA 	Keypress: a
561.0754 	DATA 	Keypress: lshift
561.0759 	DATA 	Keypress: t
561.4789 	DATA 	Begin trial
561.8757 	DATA 	Keypress: a
562.2609 	DATA 	Keypress: a
562.6254 	DATA 	Keypress: a
562.9922 	DATA 	Keypress: a
563.3256 	DATA 	Keypress: a
563.6928 	DATA 	Keypress: a
564.0752 	DATA 	Keypress: a
564.0765 	DATA 	Keypress: lshift
564.0770 	DATA 	Keypress: t
564.4084 	DATA 	Keypress: a
564.7253 	DATA 	Keypress: a
565.0756 	DATA 	Keypress: a
565.4756 	DATA 	Keypress: a
565.9085 	DATA 	Keypress: a
566.2757 	DATA 	Keypress: a
566.6756 	DATA 	Keypress: a
567.0252 	DATA 	Keypress: a
567.0769 	DATA 	Keypress: lshift
567.0774 	DATA 	Keypress: t
567.3750 	DATA 	Keypress: a
567.7587 	DATA 	Keypress: a
568.1254 	DATA 	Keypress: a
568.5256 	DATA 	Keypress: a
568.9085 	DATA 	Keypress: a
569.2920 	DATA 	Keypress: a
569.7255 	DATA 	Keypress: a
570.0754 	DATA 	Keypress: lshift
570.0759 	DATA 	Keypress: t
570.1415 	DATA 	Keypress: a
570.5755 	DATA 	Keypress: a
570.9588 	DATA 	Keypress: a
571.3921 	DATA 	Keypress: a
571.7921 	DATA 	Keypress: a
572.1918 	DATA 	Keypress: a
572.5186 	DATA 	End trial
572.5922 	DATA 	Keypress: a
573.0751 	DATA 	Keypress: lshift
573.0758 	DATA 	Keypress: t
576.0768 	DATA 	Keypress: lshift
576.0774 	DATA 	Keypress: t
577.2084 	DATA 	Keypress: a
579.0755 	DATA 	Keypress: lshift
579.0760 	DATA 	Keypress: t
582.0752 	DATA 	Keypress: lshift
582.0757 	DATA 	Keypress: t
585.0754 	DATA 	Keypress: lshift
585.0760 	DATA 	Keypress: t
588.0766 	DATA 	Keypress: lshift
588.0771 	DATA 	Keypress: t
591.6045 	DATA 	start rating A
608.2143 	DATA 	Keypress: a
616.6066 	DATA 	Keypress: return
616.6082 	DATA 	RatingScale rateA_scale: (key response) rating=3
616.6083 	DATA 	RatingScale rateA_scale: rating RT=25.003
616.6083 	DATA 	RatingScale rateA_scale: history=[(4.0, 0.0), (3, 16.61), (3, 25.003)]
616.6191 	DATA 	3.0
616.6191 	DATA 	end rating A
616.6866 	DATA 	start rating B
620.1752 	DATA 	Keypress: a
622.0257 	DATA 	Keypress: a
623.8087 	DATA 	Keypress: a
627.9748 	DATA 	Keypress: return
627.9764 	DATA 	RatingScale rateB_scale: (key response) rating=1
627.9765 	DATA 	RatingScale rateB_scale: rating RT=11.289
627.9765 	DATA 	RatingScale rateB_scale: history=[(4.0, 0.0), (3, 3.494), (2, 5.345), (1, 7.128), (1, 11.289)]
627.9877 	DATA 	1.0
627.9877 	DATA 	end rating B
