1.4882 	ERROR 	avbin.dll failed to load. Try importing psychopy.visual
  as the first library (before anything that uses scipy)
  and make sure that avbin is installed.
9.7386 	DATA 	version C
36.2147 	DATA 	Mouse: Left button down, pos=(218,43)
36.2963 	DATA 	Mouse:  Left button up, pos=(218,43)
38.0315 	DATA 	Keypress: space
38.0320 	DATA 	waiting for trigger
76.0483 	DATA 	Keypress: lshift
76.0488 	DATA 	Keypress: t
76.0500 	DATA 	TRIGGERED
76.0962 	DATA 	Begin trial
78.1980 	DATA 	Keypress: b
78.8818 	DATA 	Keypress: b
79.0480 	DATA 	Keypress: lshift
79.0485 	DATA 	Keypress: t
79.2648 	DATA 	Keypress: b
79.5980 	DATA 	Keypress: b
79.9148 	DATA 	Keypress: b
80.1980 	DATA 	Keypress: b
80.5147 	DATA 	Keypress: b
80.7814 	DATA 	Keypress: b
81.0479 	DATA 	Keypress: b
81.3315 	DATA 	Keypress: b
81.6146 	DATA 	Keypress: b
81.8814 	DATA 	Keypress: b
82.0480 	DATA 	Keypress: lshift
82.0485 	DATA 	Keypress: t
82.0981 	DATA 	Keypress: b
82.4168 	DATA 	Keypress: b
82.8981 	DATA 	Keypress: b
83.1313 	DATA 	Keypress: b
83.3313 	DATA 	Keypress: b
83.5157 	DATA 	Keypress: b
83.6979 	DATA 	Keypress: b
83.8814 	DATA 	Keypress: b
84.0647 	DATA 	Keypress: b
84.2647 	DATA 	Keypress: b
84.4645 	DATA 	Keypress: b
84.6647 	DATA 	Keypress: b
84.8311 	DATA 	Keypress: b
85.0482 	DATA 	Keypress: b
85.0492 	DATA 	Keypress: lshift
85.0497 	DATA 	Keypress: t
85.2646 	DATA 	Keypress: b
85.4815 	DATA 	Keypress: b
85.6982 	DATA 	Keypress: b
85.9312 	DATA 	Keypress: b
86.1481 	DATA 	Keypress: b
86.4151 	DATA 	Keypress: b
86.8147 	DATA 	Keypress: b
87.0147 	DATA 	Keypress: b
87.2147 	DATA 	Keypress: b
87.4147 	DATA 	Keypress: b
87.6148 	DATA 	Keypress: b
87.8147 	DATA 	Keypress: b
88.0314 	DATA 	Keypress: b
88.0487 	DATA 	Keypress: lshift
88.0492 	DATA 	Keypress: t
88.2484 	DATA 	Keypress: b
88.4813 	DATA 	Keypress: b
88.6815 	DATA 	Keypress: b
88.8813 	DATA 	Keypress: b
89.0982 	DATA 	Keypress: b
89.3312 	DATA 	Keypress: b
89.5320 	DATA 	Keypress: b
89.7479 	DATA 	Keypress: b
89.9647 	DATA 	Keypress: b
90.1999 	DATA 	Keypress: b
90.4314 	DATA 	Keypress: b
90.6645 	DATA 	Keypress: b
90.8819 	DATA 	Keypress: b
91.0481 	DATA 	Keypress: lshift
91.0487 	DATA 	Keypress: t
91.0979 	DATA 	Keypress: b
91.1300 	DATA 	End trial
91.2980 	DATA 	Keypress: b
94.0479 	DATA 	Keypress: lshift
94.0484 	DATA 	Keypress: t
97.0486 	DATA 	Keypress: lshift
97.0491 	DATA 	Keypress: t
100.0485 	DATA 	Keypress: lshift
100.0490 	DATA 	Keypress: t
103.0480 	DATA 	Keypress: lshift
103.0485 	DATA 	Keypress: t
106.0481 	DATA 	Keypress: lshift
106.0486 	DATA 	Keypress: t
106.1163 	DATA 	Begin trial
106.8812 	DATA 	Keypress: b
107.1648 	DATA 	Keypress: b
107.3815 	DATA 	Keypress: b
107.5832 	DATA 	Keypress: b
107.7814 	DATA 	Keypress: b
107.9604 	DATA 	Keypress: b
108.1458 	DATA 	Keypress: b
108.3479 	DATA 	Keypress: b
108.5149 	DATA 	Keypress: b
108.7314 	DATA 	Keypress: b
108.9481 	DATA 	Keypress: b
109.0485 	DATA 	Keypress: lshift
109.0490 	DATA 	Keypress: t
109.1979 	DATA 	Keypress: b
109.4148 	DATA 	Keypress: b
109.6485 	DATA 	Keypress: b
109.8485 	DATA 	Keypress: b
110.0485 	DATA 	Keypress: b
110.1530 	DATA 	End trial
110.2480 	DATA 	Keypress: b
112.0480 	DATA 	Keypress: lshift
112.0486 	DATA 	Keypress: t
115.0480 	DATA 	Keypress: lshift
115.0486 	DATA 	Keypress: t
118.0487 	DATA 	Keypress: lshift
118.0492 	DATA 	Keypress: t
121.0482 	DATA 	Keypress: lshift
121.0487 	DATA 	Keypress: t
124.0481 	DATA 	Keypress: lshift
124.0487 	DATA 	Keypress: t
127.0316 	DATA 	Keypress: b
127.0487 	DATA 	Keypress: lshift
127.0492 	DATA 	Keypress: t
130.0487 	DATA 	Keypress: lshift
130.0492 	DATA 	Keypress: t
133.0479 	DATA 	Keypress: lshift
133.0484 	DATA 	Keypress: t
136.0478 	DATA 	Keypress: lshift
136.0484 	DATA 	Keypress: t
136.1496 	DATA 	Begin trial
136.6314 	DATA 	Keypress: b
136.8813 	DATA 	Keypress: b
137.0978 	DATA 	Keypress: b
137.2813 	DATA 	Keypress: b
137.5313 	DATA 	Keypress: b
137.7147 	DATA 	Keypress: b
137.9147 	DATA 	Keypress: b
138.0981 	DATA 	Keypress: b
138.2813 	DATA 	Keypress: b
138.4481 	DATA 	Keypress: b
138.6314 	DATA 	Keypress: b
138.8146 	DATA 	Keypress: b
138.9983 	DATA 	Keypress: b
139.0485 	DATA 	Keypress: lshift
139.0490 	DATA 	Keypress: t
139.1980 	DATA 	Keypress: b
139.3649 	DATA 	Keypress: b
139.5648 	DATA 	Keypress: b
139.7312 	DATA 	Keypress: b
139.8980 	DATA 	Keypress: b
140.0812 	DATA 	Keypress: b
140.2814 	DATA 	Keypress: b
140.4815 	DATA 	Keypress: b
140.6980 	DATA 	Keypress: b
140.8983 	DATA 	Keypress: b
141.0981 	DATA 	Keypress: b
141.2978 	DATA 	Keypress: b
141.4816 	DATA 	Keypress: b
141.6813 	DATA 	Keypress: b
141.8980 	DATA 	Keypress: b
142.0481 	DATA 	Keypress: lshift
142.0487 	DATA 	Keypress: t
142.0977 	DATA 	Keypress: b
142.3147 	DATA 	Keypress: b
142.5144 	DATA 	Keypress: b
142.6978 	DATA 	Keypress: b
142.8815 	DATA 	Keypress: b
143.0648 	DATA 	Keypress: b
143.2480 	DATA 	Keypress: b
143.4149 	DATA 	Keypress: b
143.7646 	DATA 	Keypress: a
143.9479 	DATA 	Keypress: a
144.2150 	DATA 	Keypress: a
144.5312 	DATA 	Keypress: a
144.7480 	DATA 	Keypress: a
144.9645 	DATA 	Keypress: a
145.0479 	DATA 	Keypress: lshift
145.0484 	DATA 	Keypress: t
145.1648 	DATA 	Keypress: a
145.3979 	DATA 	Keypress: a
145.6312 	DATA 	Keypress: a
145.8646 	DATA 	Keypress: a
146.0645 	DATA 	Keypress: a
146.2814 	DATA 	Keypress: a
146.4814 	DATA 	Keypress: a
146.6812 	DATA 	Keypress: a
146.8812 	DATA 	Keypress: a
147.0650 	DATA 	Keypress: a
147.2669 	DATA 	Keypress: a
147.4151 	DATA 	Keypress: b
147.6148 	DATA 	Keypress: b
147.8147 	DATA 	Keypress: b
147.9813 	DATA 	Keypress: b
148.0483 	DATA 	Keypress: lshift
148.0488 	DATA 	Keypress: t
148.1482 	DATA 	Keypress: b
148.3311 	DATA 	Keypress: b
148.4814 	DATA 	Keypress: b
148.6978 	DATA 	Keypress: b
148.8979 	DATA 	Keypress: b
149.1144 	DATA 	Keypress: b
149.3150 	DATA 	Keypress: b
149.5150 	DATA 	Keypress: b
149.7312 	DATA 	Keypress: b
149.9144 	DATA 	Keypress: b
150.1146 	DATA 	Keypress: b
150.3162 	DATA 	Keypress: b
150.5310 	DATA 	Keypress: b
150.7145 	DATA 	Keypress: b
150.8841 	DATA 	Keypress: b
151.0485 	DATA 	Keypress: lshift
151.0490 	DATA 	Keypress: t
151.0981 	DATA 	Keypress: b
151.2813 	DATA 	Keypress: b
151.4815 	DATA 	Keypress: b
151.6811 	DATA 	Keypress: b
151.8980 	DATA 	Keypress: b
152.1146 	DATA 	Keypress: b
152.3146 	DATA 	Keypress: b
152.5312 	DATA 	Keypress: b
152.7146 	DATA 	Keypress: b
152.8979 	DATA 	Keypress: b
153.0813 	DATA 	Keypress: b
153.1914 	DATA 	End trial
153.2812 	DATA 	Keypress: b
154.0482 	DATA 	Keypress: lshift
154.0487 	DATA 	Keypress: t
157.0479 	DATA 	Keypress: lshift
157.0485 	DATA 	Keypress: t
160.0483 	DATA 	Keypress: lshift
160.0488 	DATA 	Keypress: t
163.0490 	DATA 	Keypress: lshift
163.0495 	DATA 	Keypress: t
164.7311 	DATA 	Keypress: b
166.0479 	DATA 	Keypress: lshift
166.0485 	DATA 	Keypress: t
166.1828 	DATA 	Begin trial
166.7314 	DATA 	Keypress: b
166.9980 	DATA 	Keypress: b
167.1980 	DATA 	Keypress: b
167.3978 	DATA 	Keypress: b
167.6147 	DATA 	Keypress: b
167.7813 	DATA 	Keypress: b
167.9829 	DATA 	Keypress: b
168.1813 	DATA 	Keypress: b
168.3811 	DATA 	Keypress: b
168.5980 	DATA 	Keypress: b
168.8145 	DATA 	Keypress: b
169.0149 	DATA 	Keypress: b
169.0483 	DATA 	Keypress: lshift
169.0488 	DATA 	Keypress: t
169.2310 	DATA 	Keypress: b
169.4479 	DATA 	Keypress: b
169.6148 	DATA 	Keypress: b
169.8147 	DATA 	Keypress: b
169.9983 	DATA 	Keypress: b
170.1980 	DATA 	Keypress: b
170.3978 	DATA 	Keypress: b
170.5982 	DATA 	Keypress: b
170.8144 	DATA 	Keypress: b
171.0146 	DATA 	Keypress: b
171.2313 	DATA 	Keypress: b
171.4483 	DATA 	Keypress: b
171.6810 	DATA 	Keypress: b
171.8982 	DATA 	Keypress: b
172.0480 	DATA 	Keypress: lshift
172.0486 	DATA 	Keypress: t
172.1312 	DATA 	Keypress: b
172.3483 	DATA 	Keypress: b
172.5649 	DATA 	Keypress: b
172.7980 	DATA 	Keypress: b
173.0144 	DATA 	Keypress: b
173.2313 	DATA 	Keypress: b
173.4646 	DATA 	Keypress: b
173.6646 	DATA 	Keypress: b
173.8982 	DATA 	Keypress: b
174.1314 	DATA 	Keypress: b
174.3644 	DATA 	Keypress: b
174.5813 	DATA 	Keypress: b
174.7977 	DATA 	Keypress: b
175.0146 	DATA 	Keypress: b
175.0483 	DATA 	Keypress: lshift
175.0488 	DATA 	Keypress: t
175.2313 	DATA 	Keypress: b
175.4331 	DATA 	Keypress: b
175.6648 	DATA 	Keypress: b
175.8812 	DATA 	Keypress: b
176.1149 	DATA 	Keypress: b
176.3479 	DATA 	Keypress: b
176.5644 	DATA 	Keypress: b
176.7814 	DATA 	Keypress: b
177.0151 	DATA 	Keypress: b
177.3479 	DATA 	Keypress: b
177.5644 	DATA 	Keypress: b
177.7646 	DATA 	Keypress: b
177.9480 	DATA 	Keypress: b
178.0480 	DATA 	Keypress: lshift
178.0485 	DATA 	Keypress: t
178.1645 	DATA 	Keypress: b
178.3311 	DATA 	Keypress: b
178.5145 	DATA 	Keypress: b
178.7145 	DATA 	Keypress: b
178.9147 	DATA 	Keypress: b
179.1146 	DATA 	Keypress: b
179.2979 	DATA 	Keypress: b
179.5312 	DATA 	Keypress: b
179.7313 	DATA 	Keypress: b
179.9312 	DATA 	Keypress: b
180.1317 	DATA 	Keypress: b
180.3478 	DATA 	Keypress: b
180.5312 	DATA 	Keypress: b
180.7646 	DATA 	Keypress: b
180.9480 	DATA 	Keypress: b
181.0487 	DATA 	Keypress: lshift
181.0492 	DATA 	Keypress: t
181.1149 	DATA 	Keypress: b
181.3311 	DATA 	Keypress: b
181.5144 	DATA 	Keypress: b
181.7146 	DATA 	Keypress: b
181.8646 	DATA 	Keypress: b
182.0644 	DATA 	Keypress: b
182.2478 	DATA 	Keypress: b
182.4310 	DATA 	Keypress: b
182.6482 	DATA 	Keypress: b
182.8481 	DATA 	Keypress: b
183.0481 	DATA 	Keypress: b
183.2310 	DATA 	Keypress: b
183.4481 	DATA 	Keypress: b
183.6334 	DATA 	Keypress: b
183.8479 	DATA 	Keypress: b
184.0486 	DATA 	Keypress: lshift
184.0493 	DATA 	Keypress: t
184.0507 	DATA 	Keypress: b
184.2238 	DATA 	End trial
184.2780 	DATA 	Keypress: b
184.4979 	DATA 	Keypress: b
187.0478 	DATA 	Keypress: lshift
187.0483 	DATA 	Keypress: t
190.0482 	DATA 	Keypress: lshift
190.0487 	DATA 	Keypress: t
191.1811 	DATA 	Keypress: b
193.0484 	DATA 	Keypress: lshift
193.0489 	DATA 	Keypress: t
193.5312 	DATA 	Keypress: b
196.0483 	DATA 	Keypress: lshift
196.0489 	DATA 	Keypress: t
196.2211 	DATA 	Begin trial
196.6645 	DATA 	Keypress: b
196.8979 	DATA 	Keypress: b
197.0981 	DATA 	Keypress: b
197.2812 	DATA 	Keypress: b
197.4478 	DATA 	Keypress: b
197.6498 	DATA 	Keypress: b
197.8479 	DATA 	Keypress: b
198.0812 	DATA 	Keypress: b
198.2812 	DATA 	Keypress: b
198.4811 	DATA 	Keypress: b
198.7144 	DATA 	Keypress: b
198.9312 	DATA 	Keypress: b
199.0478 	DATA 	Keypress: lshift
199.0483 	DATA 	Keypress: t
199.1314 	DATA 	Keypress: b
199.3311 	DATA 	Keypress: b
199.5313 	DATA 	Keypress: b
199.7479 	DATA 	Keypress: b
199.9313 	DATA 	Keypress: b
200.1145 	DATA 	Keypress: b
200.3146 	DATA 	Keypress: b
200.4976 	DATA 	Keypress: b
200.6979 	DATA 	Keypress: b
200.8811 	DATA 	Keypress: b
201.0820 	DATA 	Keypress: b
201.2811 	DATA 	Keypress: b
201.5978 	DATA 	Keypress: b
201.7479 	DATA 	Keypress: b
201.9812 	DATA 	Keypress: b
202.0487 	DATA 	Keypress: lshift
202.0492 	DATA 	Keypress: t
202.1977 	DATA 	Keypress: b
202.3998 	DATA 	Keypress: b
202.5979 	DATA 	Keypress: b
202.7979 	DATA 	Keypress: b
202.9977 	DATA 	Keypress: b
203.1809 	DATA 	Keypress: b
203.3979 	DATA 	Keypress: b
203.5815 	DATA 	Keypress: b
203.7977 	DATA 	Keypress: b
203.9978 	DATA 	Keypress: b
204.1980 	DATA 	Keypress: b
204.3982 	DATA 	Keypress: b
204.5982 	DATA 	Keypress: b
204.7812 	DATA 	Keypress: b
204.9646 	DATA 	Keypress: b
205.0484 	DATA 	Keypress: lshift
205.0490 	DATA 	Keypress: t
205.1646 	DATA 	Keypress: b
205.3479 	DATA 	Keypress: b
205.5479 	DATA 	Keypress: b
205.7313 	DATA 	Keypress: b
205.9310 	DATA 	Keypress: b
206.1149 	DATA 	Keypress: b
206.2977 	DATA 	Keypress: b
206.4979 	DATA 	Keypress: b
206.6984 	DATA 	Keypress: b
206.8982 	DATA 	Keypress: b
207.0978 	DATA 	Keypress: b
207.2549 	DATA 	End trial
207.2774 	DATA 	Keypress: b
207.4810 	DATA 	Keypress: b
208.0478 	DATA 	Keypress: lshift
208.0483 	DATA 	Keypress: t
211.0470 	DATA 	Keypress: lshift
211.0474 	DATA 	Keypress: t
212.8146 	DATA 	Keypress: b
214.0485 	DATA 	Keypress: lshift
214.0490 	DATA 	Keypress: t
217.0491 	DATA 	Keypress: lshift
217.0496 	DATA 	Keypress: t
220.0478 	DATA 	Keypress: lshift
220.0483 	DATA 	Keypress: t
221.9145 	DATA 	Keypress: b
223.0482 	DATA 	Keypress: lshift
223.0487 	DATA 	Keypress: t
226.0480 	DATA 	Keypress: lshift
226.0485 	DATA 	Keypress: t
226.2494 	DATA 	Begin trial
226.7979 	DATA 	Keypress: b
227.0147 	DATA 	Keypress: b
227.2315 	DATA 	Keypress: b
227.4645 	DATA 	Keypress: b
227.6642 	DATA 	Keypress: b
227.8644 	DATA 	Keypress: b
228.0978 	DATA 	Keypress: b
228.3145 	DATA 	Keypress: b
228.5142 	DATA 	Keypress: b
228.7143 	DATA 	Keypress: b
228.9145 	DATA 	Keypress: b
229.0478 	DATA 	Keypress: lshift
229.0483 	DATA 	Keypress: t
229.1146 	DATA 	Keypress: b
229.3316 	DATA 	Keypress: b
229.5477 	DATA 	Keypress: b
229.7812 	DATA 	Keypress: b
229.9811 	DATA 	Keypress: b
230.1812 	DATA 	Keypress: b
230.3649 	DATA 	Keypress: b
230.5646 	DATA 	Keypress: b
230.7645 	DATA 	Keypress: b
230.9813 	DATA 	Keypress: b
231.1647 	DATA 	Keypress: b
231.3646 	DATA 	Keypress: b
231.5644 	DATA 	Keypress: b
231.7477 	DATA 	Keypress: b
231.9483 	DATA 	Keypress: b
232.0479 	DATA 	Keypress: lshift
232.0484 	DATA 	Keypress: t
232.1646 	DATA 	Keypress: b
232.3481 	DATA 	Keypress: b
232.5497 	DATA 	Keypress: b
232.7480 	DATA 	Keypress: b
232.9648 	DATA 	Keypress: b
233.1481 	DATA 	Keypress: b
233.3475 	DATA 	Keypress: b
233.5646 	DATA 	Keypress: b
233.7819 	DATA 	Keypress: b
234.0144 	DATA 	Keypress: b
234.1977 	DATA 	Keypress: b
234.4312 	DATA 	Keypress: b
234.6146 	DATA 	Keypress: b
234.8312 	DATA 	Keypress: b
235.0312 	DATA 	Keypress: b
235.0486 	DATA 	Keypress: lshift
235.0491 	DATA 	Keypress: t
235.2310 	DATA 	Keypress: b
235.4143 	DATA 	Keypress: b
235.5977 	DATA 	Keypress: b
235.8148 	DATA 	Keypress: b
236.0147 	DATA 	Keypress: b
236.2479 	DATA 	Keypress: b
236.4480 	DATA 	Keypress: b
236.6646 	DATA 	Keypress: b
236.8810 	DATA 	Keypress: b
237.0978 	DATA 	Keypress: b
237.2645 	DATA 	Keypress: b
237.4812 	DATA 	Keypress: b
237.6978 	DATA 	Keypress: b
237.9145 	DATA 	Keypress: b
238.0476 	DATA 	Keypress: lshift
238.0482 	DATA 	Keypress: t
238.1313 	DATA 	Keypress: b
238.3163 	DATA 	Keypress: b
238.5495 	DATA 	Keypress: b
238.7646 	DATA 	Keypress: b
238.9810 	DATA 	Keypress: b
239.1812 	DATA 	Keypress: b
239.3977 	DATA 	Keypress: b
239.6146 	DATA 	Keypress: b
239.8312 	DATA 	Keypress: b
240.0479 	DATA 	Keypress: b
240.2645 	DATA 	Keypress: b
240.4310 	DATA 	Keypress: b
240.5978 	DATA 	Keypress: b
240.7998 	DATA 	Keypress: b
241.0146 	DATA 	Keypress: b
241.0480 	DATA 	Keypress: lshift
241.0485 	DATA 	Keypress: t
241.2646 	DATA 	Keypress: b
241.2945 	DATA 	End trial
241.4645 	DATA 	Keypress: b
244.0486 	DATA 	Keypress: lshift
244.0491 	DATA 	Keypress: t
247.0480 	DATA 	Keypress: lshift
247.0485 	DATA 	Keypress: t
250.0478 	DATA 	Keypress: lshift
250.0483 	DATA 	Keypress: t
253.0479 	DATA 	Keypress: lshift
253.0484 	DATA 	Keypress: t
255.3477 	DATA 	Keypress: b
256.0486 	DATA 	Keypress: lshift
256.0491 	DATA 	Keypress: t
256.2829 	DATA 	Begin trial
256.7478 	DATA 	Keypress: b
256.9999 	DATA 	Keypress: b
257.1982 	DATA 	Keypress: b
257.4146 	DATA 	Keypress: b
257.6478 	DATA 	Keypress: b
257.8314 	DATA 	Keypress: b
258.0643 	DATA 	Keypress: b
258.2813 	DATA 	Keypress: a
258.4812 	DATA 	Keypress: a
258.6809 	DATA 	Keypress: a
258.8490 	DATA 	Keypress: a
259.0486 	DATA 	Keypress: a
259.0497 	DATA 	Keypress: lshift
259.0501 	DATA 	Keypress: t
259.2646 	DATA 	Keypress: b
259.4811 	DATA 	Keypress: b
259.6646 	DATA 	Keypress: b
259.8478 	DATA 	Keypress: b
260.0310 	DATA 	Keypress: b
260.2145 	DATA 	Keypress: b
260.3811 	DATA 	Keypress: b
260.5979 	DATA 	Keypress: b
260.7644 	DATA 	Keypress: b
260.9812 	DATA 	Keypress: b
261.1647 	DATA 	Keypress: b
261.3811 	DATA 	Keypress: b
261.5644 	DATA 	Keypress: b
261.7645 	DATA 	Keypress: b
261.9144 	DATA 	Keypress: b
262.0479 	DATA 	Keypress: lshift
262.0485 	DATA 	Keypress: t
262.0977 	DATA 	Keypress: b
262.2646 	DATA 	Keypress: b
262.4312 	DATA 	Keypress: b
262.5812 	DATA 	Keypress: b
262.7146 	DATA 	Keypress: b
262.8814 	DATA 	Keypress: b
263.0479 	DATA 	Keypress: b
263.2311 	DATA 	Keypress: b
263.3218 	DATA 	End trial
263.3975 	DATA 	Keypress: b
263.5809 	DATA 	Keypress: b
265.0484 	DATA 	Keypress: lshift
265.0489 	DATA 	Keypress: t
268.0479 	DATA 	Keypress: lshift
268.0484 	DATA 	Keypress: t
271.0477 	DATA 	Keypress: lshift
271.0482 	DATA 	Keypress: t
274.0484 	DATA 	Keypress: lshift
274.0489 	DATA 	Keypress: t
277.0480 	DATA 	Keypress: lshift
277.0485 	DATA 	Keypress: t
280.0487 	DATA 	Keypress: lshift
280.0493 	DATA 	Keypress: t
283.0478 	DATA 	Keypress: lshift
283.0483 	DATA 	Keypress: t
286.0483 	DATA 	Keypress: lshift
286.0489 	DATA 	Keypress: t
286.3161 	DATA 	Begin trial
286.9475 	DATA 	Keypress: b
287.1978 	DATA 	Keypress: b
287.4151 	DATA 	Keypress: b
287.6311 	DATA 	Keypress: b
287.8477 	DATA 	Keypress: b
288.0146 	DATA 	Keypress: b
288.1978 	DATA 	Keypress: b
288.3813 	DATA 	Keypress: b
288.5644 	DATA 	Keypress: b
288.7651 	DATA 	Keypress: b
288.9331 	DATA 	Keypress: b
289.0485 	DATA 	Keypress: lshift
289.0490 	DATA 	Keypress: t
289.1644 	DATA 	Keypress: b
289.3810 	DATA 	Keypress: b
289.5979 	DATA 	Keypress: b
289.8143 	DATA 	Keypress: b
290.0147 	DATA 	Keypress: b
290.2145 	DATA 	Keypress: b
290.4308 	DATA 	Keypress: b
290.6644 	DATA 	Keypress: b
290.8978 	DATA 	Keypress: b
291.1144 	DATA 	Keypress: b
291.3145 	DATA 	Keypress: b
291.5309 	DATA 	Keypress: b
291.7310 	DATA 	Keypress: b
291.9311 	DATA 	Keypress: b
292.0482 	DATA 	Keypress: lshift
292.0487 	DATA 	Keypress: t
292.1477 	DATA 	Keypress: b
292.3645 	DATA 	Keypress: b
292.5664 	DATA 	Keypress: b
292.7811 	DATA 	Keypress: b
292.9811 	DATA 	Keypress: b
293.1809 	DATA 	Keypress: b
293.3644 	DATA 	Keypress: b
293.5477 	DATA 	Keypress: b
293.7144 	DATA 	Keypress: b
293.8978 	DATA 	Keypress: b
294.0652 	DATA 	Keypress: b
294.2647 	DATA 	Keypress: b
294.4477 	DATA 	Keypress: b
294.6476 	DATA 	Keypress: b
294.8975 	DATA 	Keypress: b
295.0479 	DATA 	Keypress: lshift
295.0484 	DATA 	Keypress: t
295.0665 	DATA 	Keypress: b
295.2810 	DATA 	Keypress: b
295.4646 	DATA 	Keypress: b
295.6647 	DATA 	Keypress: b
295.8479 	DATA 	Keypress: b
296.0318 	DATA 	Keypress: b
296.2477 	DATA 	Keypress: b
296.4644 	DATA 	Keypress: b
296.6643 	DATA 	Keypress: b
296.8813 	DATA 	Keypress: b
297.0645 	DATA 	Keypress: b
297.2809 	DATA 	Keypress: b
297.4978 	DATA 	Keypress: b
297.6977 	DATA 	Keypress: b
297.9312 	DATA 	Keypress: b
298.0481 	DATA 	Keypress: lshift
298.0487 	DATA 	Keypress: t
298.1498 	DATA 	Keypress: b
298.3829 	DATA 	Keypress: b
298.6000 	DATA 	Keypress: b
298.7997 	DATA 	Keypress: b
299.0147 	DATA 	Keypress: b
299.2308 	DATA 	Keypress: b
299.4646 	DATA 	Keypress: b
299.6977 	DATA 	Keypress: b
299.9144 	DATA 	Keypress: b
300.1148 	DATA 	Keypress: b
300.3477 	DATA 	Keypress: b
300.5811 	DATA 	Keypress: b
300.7999 	DATA 	Keypress: a
301.0145 	DATA 	Keypress: a
301.0486 	DATA 	Keypress: lshift
301.0491 	DATA 	Keypress: t
301.2148 	DATA 	Keypress: a
301.4144 	DATA 	Keypress: a
301.5813 	DATA 	Keypress: a
301.7811 	DATA 	Keypress: a
301.9653 	DATA 	Keypress: a
302.1811 	DATA 	Keypress: a
302.3811 	DATA 	Keypress: a
302.5645 	DATA 	Keypress: b
302.7810 	DATA 	Keypress: b
302.9979 	DATA 	Keypress: b
303.1976 	DATA 	Keypress: b
303.3981 	DATA 	Keypress: b
303.6165 	DATA 	Keypress: b
303.8502 	DATA 	Keypress: b
304.0480 	DATA 	Keypress: lshift
304.0485 	DATA 	Keypress: t
304.0978 	DATA 	Keypress: b
304.3144 	DATA 	Keypress: b
304.3612 	DATA 	End trial
304.5642 	DATA 	Keypress: b
307.0482 	DATA 	Keypress: lshift
307.0487 	DATA 	Keypress: t
310.0485 	DATA 	Keypress: lshift
310.0491 	DATA 	Keypress: t
312.9831 	DATA 	Keypress: b
313.0486 	DATA 	Keypress: lshift
313.0491 	DATA 	Keypress: t
316.0480 	DATA 	Keypress: lshift
316.0485 	DATA 	Keypress: t
316.3495 	DATA 	Begin trial
316.9317 	DATA 	Keypress: b
317.1809 	DATA 	Keypress: b
317.3643 	DATA 	Keypress: b
317.5311 	DATA 	Keypress: b
317.7816 	DATA 	Keypress: b
317.9809 	DATA 	Keypress: b
318.1643 	DATA 	Keypress: b
318.3812 	DATA 	Keypress: b
318.5810 	DATA 	Keypress: b
318.7977 	DATA 	Keypress: b
319.0150 	DATA 	Keypress: b
319.0486 	DATA 	Keypress: lshift
319.0492 	DATA 	Keypress: t
319.2314 	DATA 	Keypress: b
319.4644 	DATA 	Keypress: b
319.6645 	DATA 	Keypress: b
319.8810 	DATA 	Keypress: b
320.0812 	DATA 	Keypress: b
320.2979 	DATA 	Keypress: b
320.5311 	DATA 	Keypress: b
320.7329 	DATA 	Keypress: b
320.9313 	DATA 	Keypress: b
321.1644 	DATA 	Keypress: b
321.3813 	DATA 	Keypress: b
321.5977 	DATA 	Keypress: b
321.8145 	DATA 	Keypress: b
322.0484 	DATA 	Keypress: b
322.0497 	DATA 	Keypress: lshift
322.0501 	DATA 	Keypress: t
322.2642 	DATA 	Keypress: b
322.4643 	DATA 	Keypress: b
322.6810 	DATA 	Keypress: b
322.8811 	DATA 	Keypress: b
323.0811 	DATA 	Keypress: b
323.2831 	DATA 	Keypress: b
323.5144 	DATA 	Keypress: b
323.7312 	DATA 	Keypress: b
323.9478 	DATA 	Keypress: b
324.1475 	DATA 	Keypress: b
324.3645 	DATA 	Keypress: b
324.3912 	DATA 	End trial
324.5477 	DATA 	Keypress: a
324.7809 	DATA 	Keypress: a
325.0481 	DATA 	Keypress: lshift
325.0486 	DATA 	Keypress: t
328.0479 	DATA 	Keypress: lshift
328.0484 	DATA 	Keypress: t
331.0477 	DATA 	Keypress: lshift
331.0482 	DATA 	Keypress: t
334.0487 	DATA 	Keypress: lshift
334.0493 	DATA 	Keypress: t
337.0482 	DATA 	Keypress: lshift
337.0487 	DATA 	Keypress: t
340.0483 	DATA 	Keypress: lshift
340.0488 	DATA 	Keypress: t
342.8309 	DATA 	Keypress: b
343.0481 	DATA 	Keypress: lshift
343.0486 	DATA 	Keypress: t
346.0480 	DATA 	Keypress: lshift
346.0486 	DATA 	Keypress: t
346.3826 	DATA 	Begin trial
346.8640 	DATA 	Keypress: b
347.1477 	DATA 	Keypress: b
347.3645 	DATA 	Keypress: b
347.5308 	DATA 	Keypress: b
347.7482 	DATA 	Keypress: b
347.9311 	DATA 	Keypress: b
348.1316 	DATA 	Keypress: b
348.3477 	DATA 	Keypress: b
348.5642 	DATA 	Keypress: b
348.7810 	DATA 	Keypress: b
348.9974 	DATA 	Keypress: b
349.0485 	DATA 	Keypress: lshift
349.0492 	DATA 	Keypress: t
349.2311 	DATA 	Keypress: b
349.4644 	DATA 	Keypress: b
349.6986 	DATA 	Keypress: b
349.9142 	DATA 	Keypress: b
350.1335 	DATA 	Keypress: b
350.3810 	DATA 	Keypress: b
350.5979 	DATA 	Keypress: b
350.8148 	DATA 	Keypress: b
351.0643 	DATA 	Keypress: b
351.2811 	DATA 	Keypress: b
351.4812 	DATA 	Keypress: b
351.6811 	DATA 	Keypress: b
351.8655 	DATA 	Keypress: b
352.0482 	DATA 	Keypress: lshift
352.0487 	DATA 	Keypress: t
352.1000 	DATA 	Keypress: b
352.3477 	DATA 	Keypress: b
352.5976 	DATA 	Keypress: b
352.7977 	DATA 	Keypress: b
353.0144 	DATA 	Keypress: b
353.2500 	DATA 	Keypress: b
353.4813 	DATA 	Keypress: b
353.6976 	DATA 	Keypress: b
353.9144 	DATA 	Keypress: b
354.1309 	DATA 	Keypress: b
354.3478 	DATA 	Keypress: b
354.5477 	DATA 	Keypress: b
354.8143 	DATA 	Keypress: a
354.9645 	DATA 	Keypress: a
355.0482 	DATA 	Keypress: lshift
355.0487 	DATA 	Keypress: t
355.3643 	DATA 	Keypress: a
355.6641 	DATA 	Keypress: b
355.9144 	DATA 	Keypress: b
356.1144 	DATA 	Keypress: b
356.3153 	DATA 	Keypress: b
356.5311 	DATA 	Keypress: b
356.7642 	DATA 	Keypress: b
357.0144 	DATA 	Keypress: b
357.2476 	DATA 	Keypress: b
357.4645 	DATA 	Keypress: b
357.6812 	DATA 	Keypress: b
357.8977 	DATA 	Keypress: b
358.0476 	DATA 	Keypress: lshift
358.0489 	DATA 	Keypress: t
358.1310 	DATA 	Keypress: b
358.3494 	DATA 	Keypress: b
358.5812 	DATA 	Keypress: b
358.8333 	DATA 	Keypress: b
359.0809 	DATA 	Keypress: b
359.3308 	DATA 	Keypress: b
359.5811 	DATA 	Keypress: b
359.8142 	DATA 	Keypress: b
360.0641 	DATA 	Keypress: b
360.2976 	DATA 	Keypress: b
360.4249 	DATA 	End trial
360.5477 	DATA 	Keypress: b
360.8309 	DATA 	Keypress: b
361.0482 	DATA 	Keypress: lshift
361.0487 	DATA 	Keypress: t
364.0481 	DATA 	Keypress: lshift
364.0486 	DATA 	Keypress: t
367.0478 	DATA 	Keypress: lshift
367.0484 	DATA 	Keypress: t
368.2809 	DATA 	Keypress: b
368.5140 	DATA 	Keypress: b
368.6818 	DATA 	Keypress: b
370.0485 	DATA 	Keypress: lshift
370.0491 	DATA 	Keypress: t
373.0482 	DATA 	Keypress: lshift
373.0487 	DATA 	Keypress: t
376.0485 	DATA 	Keypress: lshift
376.0490 	DATA 	Keypress: t
376.4159 	DATA 	Begin trial
376.9476 	DATA 	Keypress: b
377.1811 	DATA 	Keypress: b
377.3814 	DATA 	Keypress: b
377.5977 	DATA 	Keypress: b
377.7809 	DATA 	Keypress: b
377.9645 	DATA 	Keypress: b
378.1310 	DATA 	Keypress: b
378.3163 	DATA 	Keypress: b
378.4983 	DATA 	Keypress: b
378.6979 	DATA 	Keypress: b
378.8832 	DATA 	Keypress: b
379.0476 	DATA 	Keypress: lshift
379.0486 	DATA 	Keypress: t
379.0815 	DATA 	Keypress: b
379.3146 	DATA 	Keypress: b
379.5152 	DATA 	Keypress: b
379.7312 	DATA 	Keypress: b
379.9642 	DATA 	Keypress: b
380.1476 	DATA 	Keypress: b
380.3644 	DATA 	Keypress: b
380.5644 	DATA 	Keypress: b
380.8141 	DATA 	Keypress: b
381.0311 	DATA 	Keypress: b
381.2477 	DATA 	Keypress: b
381.4476 	DATA 	Keypress: b
381.6809 	DATA 	Keypress: b
381.8814 	DATA 	Keypress: b
382.0487 	DATA 	Keypress: lshift
382.0493 	DATA 	Keypress: t
382.1143 	DATA 	Keypress: b
382.3143 	DATA 	Keypress: b
382.5315 	DATA 	Keypress: b
382.7642 	DATA 	Keypress: b
382.9814 	DATA 	Keypress: b
383.2165 	DATA 	Keypress: b
383.4550 	DATA 	End trial
383.4559 	DATA 	Keypress: b
383.6974 	DATA 	Keypress: b
385.0480 	DATA 	Keypress: lshift
385.0485 	DATA 	Keypress: t
388.0484 	DATA 	Keypress: lshift
388.0489 	DATA 	Keypress: t
391.0483 	DATA 	Keypress: lshift
391.0488 	DATA 	Keypress: t
394.0491 	DATA 	Keypress: lshift
394.0496 	DATA 	Keypress: t
397.0483 	DATA 	Keypress: lshift
397.0488 	DATA 	Keypress: t
400.0486 	DATA 	Keypress: lshift
400.0492 	DATA 	Keypress: t
403.0487 	DATA 	Keypress: lshift
403.0493 	DATA 	Keypress: t
406.0491 	DATA 	Keypress: lshift
406.0496 	DATA 	Keypress: t
406.4493 	DATA 	Begin trial
406.9644 	DATA 	Keypress: b
407.2144 	DATA 	Keypress: b
407.4000 	DATA 	Keypress: b
407.5976 	DATA 	Keypress: b
407.7811 	DATA 	Keypress: b
407.9977 	DATA 	Keypress: b
408.1980 	DATA 	Keypress: b
408.3975 	DATA 	Keypress: b
408.5980 	DATA 	Keypress: b
408.7979 	DATA 	Keypress: b
408.9977 	DATA 	Keypress: b
409.0484 	DATA 	Keypress: lshift
409.0490 	DATA 	Keypress: t
409.1810 	DATA 	Keypress: b
409.3980 	DATA 	Keypress: b
409.6169 	DATA 	Keypress: b
409.8478 	DATA 	Keypress: b
410.0642 	DATA 	Keypress: b
410.6477 	DATA 	Keypress: b
410.8975 	DATA 	Keypress: b
411.0976 	DATA 	Keypress: b
411.3143 	DATA 	Keypress: b
411.5141 	DATA 	Keypress: b
411.7142 	DATA 	Keypress: b
411.9312 	DATA 	Keypress: b
412.0483 	DATA 	Keypress: lshift
412.0488 	DATA 	Keypress: t
412.1476 	DATA 	Keypress: b
412.3480 	DATA 	Keypress: b
412.5313 	DATA 	Keypress: b
412.7645 	DATA 	Keypress: b
412.9808 	DATA 	Keypress: b
413.1641 	DATA 	Keypress: b
413.3642 	DATA 	Keypress: b
413.4868 	DATA 	End trial
413.5809 	DATA 	Keypress: b
413.7642 	DATA 	Keypress: b
415.0490 	DATA 	Keypress: lshift
415.0495 	DATA 	Keypress: t
418.0493 	DATA 	Keypress: lshift
418.0498 	DATA 	Keypress: t
421.0483 	DATA 	Keypress: lshift
421.0488 	DATA 	Keypress: t
424.0487 	DATA 	Keypress: lshift
424.0493 	DATA 	Keypress: t
427.0490 	DATA 	Keypress: lshift
427.0495 	DATA 	Keypress: t
430.0495 	DATA 	Keypress: lshift
430.0500 	DATA 	Keypress: t
433.0486 	DATA 	Keypress: lshift
433.0491 	DATA 	Keypress: t
436.5854 	DATA 	start rating A
439.7974 	DATA 	Keypress: a
440.6316 	DATA 	Keypress: a
454.3490 	DATA 	Keypress: return
454.3491 	DATA 	RatingScale rateA_scale: (key response) rating=2
454.3491 	DATA 	RatingScale rateA_scale: rating RT=17.763
454.3491 	DATA 	RatingScale rateA_scale: history=[(4.0, 0.0), (3, 3.217), (2, 4.052), (2, 17.763)]
454.3595 	DATA 	2.0
454.3595 	DATA 	end rating A
454.4227 	DATA 	start rating B
455.3144 	DATA 	Keypress: b
455.7895 	DATA 	Keypress: b
460.7096 	DATA 	Keypress: return
460.7112 	DATA 	RatingScale rateB_scale: (key response) rating=6
460.7113 	DATA 	RatingScale rateB_scale: rating RT=6.288
460.7113 	DATA 	RatingScale rateB_scale: history=[(4.0, 0.0), (5, 0.896), (6, 1.38), (6, 6.288)]
460.7263 	DATA 	6.0
460.7263 	DATA 	end rating B
