1.7464 	ERROR 	avbin.dll failed to load. Try importing psychopy.visual
  as the first library (before anything that uses scipy)
  and make sure that avbin is installed.
11.7120 	DATA 	version C
16.4803 	DATA 	Keypress: a
47.7462 	DATA 	Mouse: Left button down, pos=(87,124)
47.8289 	DATA 	Mouse:  Left button up, pos=(87,124)
50.3627 	DATA 	Keypress: space
50.3631 	DATA 	waiting for trigger
66.2304 	DATA 	Keypress: lshift
66.2310 	DATA 	Keypress: t
66.2322 	DATA 	TRIGGERED
66.2684 	DATA 	Begin trial
67.0636 	DATA 	Keypress: b
67.4467 	DATA 	Keypress: b
67.6627 	DATA 	Keypress: b
67.8966 	DATA 	Keypress: b
68.0962 	DATA 	Keypress: b
68.3132 	DATA 	Keypress: b
68.5460 	DATA 	Keypress: b
68.7640 	DATA 	Keypress: b
68.9649 	DATA 	Keypress: b
69.1629 	DATA 	Keypress: b
69.2299 	DATA 	Keypress: lshift
69.2304 	DATA 	Keypress: t
69.3627 	DATA 	Keypress: b
69.5629 	DATA 	Keypress: b
69.8127 	DATA 	Keypress: b
70.0297 	DATA 	Keypress: b
70.2639 	DATA 	Keypress: b
70.4635 	DATA 	Keypress: b
70.6795 	DATA 	Keypress: b
70.9135 	DATA 	Keypress: b
71.1967 	DATA 	Keypress: b
71.4133 	DATA 	Keypress: b
71.6638 	DATA 	Keypress: b
71.9137 	DATA 	Keypress: b
72.1129 	DATA 	Keypress: b
72.2297 	DATA 	Keypress: lshift
72.2302 	DATA 	Keypress: t
72.3462 	DATA 	Keypress: b
72.5798 	DATA 	Keypress: b
72.7796 	DATA 	Keypress: b
73.0128 	DATA 	Keypress: b
73.2464 	DATA 	Keypress: b
73.4801 	DATA 	Keypress: b
73.6803 	DATA 	Keypress: b
73.9133 	DATA 	Keypress: b
74.1463 	DATA 	Keypress: b
74.3632 	DATA 	Keypress: b
74.5966 	DATA 	Keypress: b
74.8294 	DATA 	Keypress: b
75.0460 	DATA 	Keypress: b
75.2293 	DATA 	Keypress: lshift
75.2299 	DATA 	Keypress: t
75.2628 	DATA 	Keypress: b
75.4793 	DATA 	Keypress: b
75.7130 	DATA 	Keypress: b
75.9319 	DATA 	Keypress: b
76.1630 	DATA 	Keypress: b
76.3817 	DATA 	Keypress: b
76.6299 	DATA 	Keypress: b
76.8794 	DATA 	Keypress: b
77.1133 	DATA 	Keypress: b
77.3973 	DATA 	Keypress: b
77.6301 	DATA 	Keypress: b
77.8473 	DATA 	Keypress: b
78.0632 	DATA 	Keypress: b
78.2294 	DATA 	Keypress: lshift
78.2299 	DATA 	Keypress: t
78.2968 	DATA 	Keypress: b
78.5461 	DATA 	Keypress: b
78.7800 	DATA 	Keypress: b
79.0468 	DATA 	Keypress: b
79.2799 	DATA 	Keypress: b
79.4967 	DATA 	Keypress: b
79.7464 	DATA 	Keypress: b
79.9804 	DATA 	Keypress: b
80.2131 	DATA 	Keypress: b
80.4467 	DATA 	Keypress: b
80.6795 	DATA 	Keypress: b
80.9305 	DATA 	Keypress: b
81.1312 	DATA 	Keypress: b
81.2302 	DATA 	Keypress: lshift
81.2307 	DATA 	Keypress: t
81.3635 	DATA 	Keypress: b
81.6137 	DATA 	Keypress: b
81.8469 	DATA 	Keypress: b
82.0811 	DATA 	Keypress: b
82.3127 	DATA 	Keypress: b
82.5468 	DATA 	Keypress: b
82.7968 	DATA 	Keypress: b
83.0633 	DATA 	Keypress: b
83.2971 	DATA 	Keypress: b
83.5302 	DATA 	Keypress: b
83.7465 	DATA 	Keypress: b
83.9640 	DATA 	Keypress: b
84.1962 	DATA 	Keypress: b
84.2293 	DATA 	Keypress: lshift
84.2299 	DATA 	Keypress: t
84.3172 	DATA 	End trial
84.3961 	DATA 	Keypress: b
84.6127 	DATA 	Keypress: b
87.2295 	DATA 	Keypress: lshift
87.2301 	DATA 	Keypress: t
90.2295 	DATA 	Keypress: lshift
90.2301 	DATA 	Keypress: t
93.2298 	DATA 	Keypress: lshift
93.2303 	DATA 	Keypress: t
96.2295 	DATA 	Keypress: lshift
96.2301 	DATA 	Keypress: t
96.2984 	DATA 	Begin trial
96.8802 	DATA 	Keypress: b
97.1463 	DATA 	Keypress: b
97.3797 	DATA 	Keypress: b
97.5978 	DATA 	Keypress: b
97.8471 	DATA 	Keypress: b
98.0634 	DATA 	Keypress: b
98.2967 	DATA 	Keypress: b
98.5295 	DATA 	Keypress: b
98.7464 	DATA 	Keypress: b
98.9460 	DATA 	Keypress: b
99.1961 	DATA 	Keypress: b
99.2296 	DATA 	Keypress: lshift
99.2302 	DATA 	Keypress: t
99.4136 	DATA 	Keypress: b
99.6295 	DATA 	Keypress: b
99.8626 	DATA 	Keypress: b
100.0802 	DATA 	Keypress: b
100.3132 	DATA 	Keypress: b
100.5301 	DATA 	Keypress: b
100.7636 	DATA 	Keypress: b
100.9971 	DATA 	Keypress: b
101.2472 	DATA 	Keypress: b
101.4969 	DATA 	Keypress: b
101.7302 	DATA 	Keypress: b
101.9798 	DATA 	Keypress: b
102.2130 	DATA 	Keypress: b
102.2299 	DATA 	Keypress: lshift
102.2304 	DATA 	Keypress: t
102.4295 	DATA 	Keypress: b
102.6792 	DATA 	Keypress: b
102.8970 	DATA 	Keypress: b
103.1132 	DATA 	Keypress: b
103.3316 	DATA 	Keypress: b
103.5960 	DATA 	Keypress: b
103.8136 	DATA 	Keypress: b
104.0470 	DATA 	Keypress: b
104.2802 	DATA 	Keypress: b
104.5131 	DATA 	Keypress: b
104.7631 	DATA 	Keypress: b
104.9969 	DATA 	Keypress: b
105.2306 	DATA 	Keypress: lshift
105.2312 	DATA 	Keypress: t
105.2326 	DATA 	Keypress: b
105.4802 	DATA 	Keypress: b
105.7298 	DATA 	Keypress: b
105.9467 	DATA 	Keypress: b
106.1963 	DATA 	Keypress: b
106.4469 	DATA 	Keypress: b
106.6797 	DATA 	Keypress: b
106.9300 	DATA 	Keypress: b
107.1964 	DATA 	Keypress: b
107.4297 	DATA 	Keypress: b
107.6801 	DATA 	Keypress: b
107.9137 	DATA 	Keypress: b
108.0976 	DATA 	Keypress: b
108.2296 	DATA 	Keypress: lshift
108.2302 	DATA 	Keypress: t
108.3131 	DATA 	Keypress: b
108.5148 	DATA 	Keypress: b
108.6984 	DATA 	Keypress: b
108.8963 	DATA 	Keypress: b
109.0972 	DATA 	Keypress: b
109.2981 	DATA 	Keypress: b
109.3352 	DATA 	End trial
109.5133 	DATA 	Keypress: b
111.2300 	DATA 	Keypress: lshift
111.2305 	DATA 	Keypress: t
114.2301 	DATA 	Keypress: lshift
114.2307 	DATA 	Keypress: t
117.2299 	DATA 	Keypress: lshift
117.2304 	DATA 	Keypress: t
120.2302 	DATA 	Keypress: lshift
120.2308 	DATA 	Keypress: t
123.2304 	DATA 	Keypress: lshift
123.2309 	DATA 	Keypress: t
126.2297 	DATA 	Keypress: lshift
126.2303 	DATA 	Keypress: t
126.3322 	DATA 	Begin trial
126.7966 	DATA 	Keypress: b
127.0461 	DATA 	Keypress: b
127.2464 	DATA 	Keypress: b
127.4296 	DATA 	Keypress: b
127.6136 	DATA 	Keypress: b
127.7965 	DATA 	Keypress: b
127.9627 	DATA 	Keypress: b
128.1467 	DATA 	Keypress: b
128.3469 	DATA 	Keypress: b
128.5635 	DATA 	Keypress: b
128.7802 	DATA 	Keypress: b
128.9967 	DATA 	Keypress: b
129.1798 	DATA 	Keypress: b
129.2306 	DATA 	Keypress: lshift
129.2311 	DATA 	Keypress: t
129.3655 	DATA 	Keypress: b
129.5796 	DATA 	Keypress: b
129.7630 	DATA 	Keypress: b
129.9633 	DATA 	Keypress: b
130.1467 	DATA 	Keypress: b
130.3134 	DATA 	Keypress: b
130.3684 	DATA 	End trial
130.4966 	DATA 	Keypress: b
132.2296 	DATA 	Keypress: lshift
132.2301 	DATA 	Keypress: t
135.2304 	DATA 	Keypress: lshift
135.2310 	DATA 	Keypress: t
138.2304 	DATA 	Keypress: lshift
138.2309 	DATA 	Keypress: t
141.2306 	DATA 	Keypress: lshift
141.2312 	DATA 	Keypress: t
144.2298 	DATA 	Keypress: lshift
144.2304 	DATA 	Keypress: t
147.2309 	DATA 	Keypress: lshift
147.2314 	DATA 	Keypress: t
150.2298 	DATA 	Keypress: lshift
150.2304 	DATA 	Keypress: t
153.2302 	DATA 	Keypress: lshift
153.2308 	DATA 	Keypress: t
156.2301 	DATA 	Keypress: lshift
156.2307 	DATA 	Keypress: t
156.3658 	DATA 	Begin trial
156.7134 	DATA 	Keypress: b
156.9463 	DATA 	Keypress: b
157.1296 	DATA 	Keypress: b
157.2965 	DATA 	Keypress: b
157.4795 	DATA 	Keypress: b
157.6463 	DATA 	Keypress: b
157.8638 	DATA 	Keypress: b
158.0634 	DATA 	Keypress: b
158.2797 	DATA 	Keypress: b
158.4638 	DATA 	Keypress: b
158.5792 	DATA 	Keypress: b
158.7968 	DATA 	Keypress: b
159.0128 	DATA 	Keypress: b
159.2132 	DATA 	Keypress: b
159.2300 	DATA 	Keypress: lshift
159.2306 	DATA 	Keypress: t
159.4136 	DATA 	Keypress: b
159.5629 	DATA 	Keypress: b
159.7467 	DATA 	Keypress: b
159.9304 	DATA 	Keypress: b
160.0807 	DATA 	Keypress: b
160.2631 	DATA 	Keypress: b
160.4465 	DATA 	Keypress: b
160.6300 	DATA 	Keypress: b
160.8132 	DATA 	Keypress: b
160.9964 	DATA 	Keypress: b
161.1961 	DATA 	Keypress: b
161.3473 	DATA 	Keypress: b
161.4987 	DATA 	Keypress: b
161.6802 	DATA 	Keypress: b
161.8635 	DATA 	Keypress: b
162.0472 	DATA 	Keypress: b
162.2299 	DATA 	Keypress: lshift
162.2304 	DATA 	Keypress: t
162.2462 	DATA 	Keypress: b
162.4796 	DATA 	Keypress: b
162.6800 	DATA 	Keypress: b
162.8965 	DATA 	Keypress: b
163.0802 	DATA 	Keypress: b
163.2637 	DATA 	Keypress: b
163.4627 	DATA 	Keypress: b
163.6805 	DATA 	Keypress: b
163.8635 	DATA 	Keypress: b
164.0472 	DATA 	Keypress: b
164.3635 	DATA 	Keypress: b
164.5150 	DATA 	Keypress: b
164.7136 	DATA 	Keypress: b
164.9136 	DATA 	Keypress: b
165.0966 	DATA 	Keypress: b
165.2301 	DATA 	Keypress: lshift
165.2307 	DATA 	Keypress: t
165.2978 	DATA 	Keypress: b
165.4031 	DATA 	End trial
165.4808 	DATA 	Keypress: b
165.6636 	DATA 	Keypress: b
168.2303 	DATA 	Keypress: lshift
168.2308 	DATA 	Keypress: t
171.2296 	DATA 	Keypress: lshift
171.2302 	DATA 	Keypress: t
174.2295 	DATA 	Keypress: lshift
174.2301 	DATA 	Keypress: t
177.2295 	DATA 	Keypress: lshift
177.2300 	DATA 	Keypress: t
180.2303 	DATA 	Keypress: lshift
180.2308 	DATA 	Keypress: t
181.8473 	DATA 	Keypress: b
183.2295 	DATA 	Keypress: lshift
183.2301 	DATA 	Keypress: t
186.2303 	DATA 	Keypress: lshift
186.2309 	DATA 	Keypress: t
186.3998 	DATA 	Begin trial
186.8988 	DATA 	Keypress: b
187.1463 	DATA 	Keypress: b
187.3469 	DATA 	Keypress: b
187.5630 	DATA 	Keypress: b
187.7641 	DATA 	Keypress: b
187.9464 	DATA 	Keypress: b
188.1296 	DATA 	Keypress: b
188.3304 	DATA 	Keypress: b
188.5296 	DATA 	Keypress: b
188.7135 	DATA 	Keypress: b
188.9151 	DATA 	Keypress: b
189.1139 	DATA 	Keypress: b
189.2303 	DATA 	Keypress: lshift
189.2308 	DATA 	Keypress: t
189.2988 	DATA 	Keypress: b
189.5308 	DATA 	Keypress: b
189.7466 	DATA 	Keypress: b
189.9464 	DATA 	Keypress: b
190.1305 	DATA 	Keypress: b
190.3296 	DATA 	Keypress: b
190.5471 	DATA 	Keypress: b
190.7473 	DATA 	Keypress: b
190.9630 	DATA 	Keypress: b
191.1798 	DATA 	Keypress: b
191.4145 	DATA 	Keypress: b
191.6299 	DATA 	Keypress: b
191.8300 	DATA 	Keypress: b
192.0303 	DATA 	Keypress: b
192.2306 	DATA 	Keypress: lshift
192.2311 	DATA 	Keypress: t
192.2336 	DATA 	Keypress: b
192.4470 	DATA 	Keypress: b
192.6469 	DATA 	Keypress: b
192.8472 	DATA 	Keypress: b
193.0640 	DATA 	Keypress: b
193.2636 	DATA 	Keypress: b
193.4804 	DATA 	Keypress: b
193.6806 	DATA 	Keypress: b
193.9137 	DATA 	Keypress: b
194.1324 	DATA 	Keypress: b
194.3636 	DATA 	Keypress: b
194.5796 	DATA 	Keypress: b
194.7963 	DATA 	Keypress: b
195.0137 	DATA 	Keypress: b
195.2157 	DATA 	Keypress: b
195.2301 	DATA 	Keypress: lshift
195.2307 	DATA 	Keypress: t
195.4296 	DATA 	Keypress: b
195.6300 	DATA 	Keypress: b
195.8631 	DATA 	Keypress: b
196.0796 	DATA 	Keypress: b
196.2819 	DATA 	Keypress: b
196.5128 	DATA 	Keypress: b
196.7301 	DATA 	Keypress: b
196.9299 	DATA 	Keypress: b
197.1296 	DATA 	Keypress: b
197.3473 	DATA 	Keypress: b
197.5628 	DATA 	Keypress: b
197.7631 	DATA 	Keypress: b
197.9798 	DATA 	Keypress: b
198.1800 	DATA 	Keypress: b
198.2303 	DATA 	Keypress: lshift
198.2309 	DATA 	Keypress: t
198.3966 	DATA 	Keypress: b
198.6127 	DATA 	Keypress: b
198.8298 	DATA 	Keypress: b
199.0296 	DATA 	Keypress: b
199.2487 	DATA 	Keypress: b
199.4810 	DATA 	Keypress: b
199.7470 	DATA 	Keypress: b
199.9806 	DATA 	Keypress: b
200.1462 	DATA 	Keypress: b
200.3136 	DATA 	Keypress: b
200.4967 	DATA 	Keypress: b
200.6797 	DATA 	Keypress: b
200.8637 	DATA 	Keypress: b
201.0636 	DATA 	Keypress: b
201.2294 	DATA 	Keypress: lshift
201.2300 	DATA 	Keypress: t
201.2636 	DATA 	Keypress: b
201.4794 	DATA 	Keypress: b
201.6809 	DATA 	Keypress: b
201.8963 	DATA 	Keypress: b
202.0962 	DATA 	Keypress: b
202.2972 	DATA 	Keypress: b
202.5135 	DATA 	Keypress: b
202.7297 	DATA 	Keypress: b
202.9298 	DATA 	Keypress: b
203.1302 	DATA 	Keypress: b
203.3470 	DATA 	Keypress: b
203.5639 	DATA 	Keypress: b
203.7803 	DATA 	Keypress: b
203.9794 	DATA 	Keypress: b
204.1801 	DATA 	Keypress: b
204.2295 	DATA 	Keypress: lshift
204.2300 	DATA 	Keypress: t
204.3972 	DATA 	Keypress: b
204.4347 	DATA 	End trial
204.6132 	DATA 	Keypress: b
207.2295 	DATA 	Keypress: lshift
207.2300 	DATA 	Keypress: t
210.2295 	DATA 	Keypress: lshift
210.2300 	DATA 	Keypress: t
213.2300 	DATA 	Keypress: lshift
213.2305 	DATA 	Keypress: t
216.2300 	DATA 	Keypress: lshift
216.2306 	DATA 	Keypress: t
216.4341 	DATA 	Begin trial
216.9961 	DATA 	Keypress: b
217.2471 	DATA 	Keypress: b
217.4301 	DATA 	Keypress: b
217.6131 	DATA 	Keypress: b
217.7962 	DATA 	Keypress: b
217.9796 	DATA 	Keypress: b
218.1637 	DATA 	Keypress: b
218.3800 	DATA 	Keypress: b
218.5807 	DATA 	Keypress: b
218.7629 	DATA 	Keypress: b
218.9469 	DATA 	Keypress: b
219.1301 	DATA 	Keypress: b
219.2297 	DATA 	Keypress: lshift
219.2302 	DATA 	Keypress: t
219.3130 	DATA 	Keypress: b
219.4803 	DATA 	Keypress: b
219.6643 	DATA 	Keypress: b
219.8467 	DATA 	Keypress: b
220.0472 	DATA 	Keypress: b
220.2470 	DATA 	Keypress: b
220.3962 	DATA 	Keypress: b
220.5809 	DATA 	Keypress: b
220.7801 	DATA 	Keypress: b
220.9794 	DATA 	Keypress: b
221.1631 	DATA 	Keypress: b
221.3461 	DATA 	Keypress: b
221.5128 	DATA 	Keypress: b
221.6974 	DATA 	Keypress: b
221.8801 	DATA 	Keypress: b
222.0633 	DATA 	Keypress: b
222.2298 	DATA 	Keypress: b
222.2309 	DATA 	Keypress: lshift
222.2314 	DATA 	Keypress: t
222.4134 	DATA 	Keypress: b
222.5965 	DATA 	Keypress: b
222.7803 	DATA 	Keypress: b
222.9630 	DATA 	Keypress: b
223.1465 	DATA 	Keypress: b
223.3296 	DATA 	Keypress: b
223.4963 	DATA 	Keypress: b
223.6639 	DATA 	Keypress: b
223.8478 	DATA 	Keypress: b
224.0139 	DATA 	Keypress: b
224.1966 	DATA 	Keypress: b
224.3637 	DATA 	Keypress: b
224.6808 	DATA 	Keypress: b
224.8465 	DATA 	Keypress: b
225.0136 	DATA 	Keypress: b
225.1965 	DATA 	Keypress: b
225.2296 	DATA 	Keypress: lshift
225.2302 	DATA 	Keypress: t
225.5300 	DATA 	Keypress: b
225.8964 	DATA 	Keypress: b
226.0967 	DATA 	Keypress: b
226.2969 	DATA 	Keypress: b
226.4628 	DATA 	Keypress: b
226.6460 	DATA 	Keypress: b
226.8139 	DATA 	Keypress: b
226.9804 	DATA 	Keypress: b
227.1658 	DATA 	Keypress: b
227.3134 	DATA 	Keypress: b
227.4810 	DATA 	Keypress: b
227.6295 	DATA 	Keypress: b
227.7969 	DATA 	Keypress: b
228.0133 	DATA 	Keypress: b
228.2132 	DATA 	Keypress: b
228.2295 	DATA 	Keypress: lshift
228.2300 	DATA 	Keypress: t
228.4137 	DATA 	Keypress: b
228.6151 	DATA 	Keypress: b
228.8305 	DATA 	Keypress: b
228.9988 	DATA 	Keypress: b
229.3632 	DATA 	Keypress: b
229.7308 	DATA 	Keypress: b
229.9968 	DATA 	Keypress: b
230.2798 	DATA 	Keypress: b
230.5634 	DATA 	Keypress: b
230.8130 	DATA 	Keypress: b
231.0630 	DATA 	Keypress: b
231.2302 	DATA 	Keypress: lshift
231.2308 	DATA 	Keypress: t
231.3299 	DATA 	Keypress: b
231.5965 	DATA 	Keypress: b
231.9129 	DATA 	Keypress: b
232.1132 	DATA 	Keypress: b
232.2970 	DATA 	Keypress: b
232.4965 	DATA 	Keypress: b
232.7141 	DATA 	Keypress: b
232.9467 	DATA 	Keypress: b
233.1635 	DATA 	Keypress: b
233.3636 	DATA 	Keypress: b
233.4742 	DATA 	End trial
233.5796 	DATA 	Keypress: b
234.2304 	DATA 	Keypress: lshift
234.2309 	DATA 	Keypress: t
237.2299 	DATA 	Keypress: lshift
237.2304 	DATA 	Keypress: t
240.2305 	DATA 	Keypress: lshift
240.2310 	DATA 	Keypress: t
243.2303 	DATA 	Keypress: lshift
243.2308 	DATA 	Keypress: t
246.2307 	DATA 	Keypress: lshift
246.2312 	DATA 	Keypress: t
246.4674 	DATA 	Begin trial
247.2129 	DATA 	Keypress: b
247.6656 	DATA 	Keypress: b
247.9307 	DATA 	Keypress: b
248.1801 	DATA 	Keypress: b
248.4134 	DATA 	Keypress: b
248.6634 	DATA 	Keypress: b
248.8804 	DATA 	Keypress: b
249.1133 	DATA 	Keypress: b
249.2295 	DATA 	Keypress: lshift
249.2300 	DATA 	Keypress: t
249.3150 	DATA 	Keypress: b
249.5473 	DATA 	Keypress: b
249.7801 	DATA 	Keypress: b
249.9968 	DATA 	Keypress: b
250.2302 	DATA 	Keypress: b
250.4635 	DATA 	Keypress: b
250.6808 	DATA 	Keypress: b
250.8801 	DATA 	Keypress: b
251.0965 	DATA 	Keypress: b
251.3300 	DATA 	Keypress: b
251.5461 	DATA 	Keypress: b
251.7469 	DATA 	Keypress: b
251.9635 	DATA 	Keypress: b
252.1629 	DATA 	Keypress: b
252.2302 	DATA 	Keypress: lshift
252.2307 	DATA 	Keypress: t
252.3797 	DATA 	Keypress: b
252.5962 	DATA 	Keypress: b
252.7821 	DATA 	Keypress: b
252.9970 	DATA 	Keypress: b
253.2129 	DATA 	Keypress: b
253.4633 	DATA 	Keypress: b
253.7302 	DATA 	Keypress: b
253.9635 	DATA 	Keypress: b
254.1803 	DATA 	Keypress: b
254.3797 	DATA 	Keypress: b
254.6133 	DATA 	Keypress: b
254.7960 	DATA 	Keypress: b
254.9968 	DATA 	Keypress: b
255.1806 	DATA 	Keypress: b
255.2300 	DATA 	Keypress: lshift
255.2306 	DATA 	Keypress: t
255.3657 	DATA 	Keypress: b
255.5636 	DATA 	Keypress: b
255.7637 	DATA 	Keypress: b
255.9653 	DATA 	Keypress: b
256.1802 	DATA 	Keypress: b
256.4134 	DATA 	Keypress: b
256.6134 	DATA 	Keypress: b
256.7968 	DATA 	Keypress: b
256.9794 	DATA 	Keypress: b
257.1495 	DATA 	Keypress: b
257.3467 	DATA 	Keypress: b
257.5299 	DATA 	Keypress: b
257.6967 	DATA 	Keypress: b
257.8633 	DATA 	Keypress: b
258.0483 	DATA 	Keypress: b
258.2296 	DATA 	Keypress: lshift
258.2302 	DATA 	Keypress: t
258.2316 	DATA 	Keypress: b
258.4143 	DATA 	Keypress: b
258.5651 	DATA 	Keypress: b
258.8303 	DATA 	Keypress: b
259.0298 	DATA 	Keypress: b
259.1964 	DATA 	Keypress: b
259.3632 	DATA 	Keypress: b
259.5298 	DATA 	Keypress: b
259.7136 	DATA 	Keypress: b
259.8970 	DATA 	Keypress: b
260.0801 	DATA 	Keypress: b
260.2303 	DATA 	Keypress: b
260.3976 	DATA 	Keypress: b
260.5794 	DATA 	Keypress: b
260.7804 	DATA 	Keypress: b
260.9634 	DATA 	Keypress: b
261.1964 	DATA 	Keypress: b
261.2305 	DATA 	Keypress: lshift
261.2310 	DATA 	Keypress: t
261.3820 	DATA 	Keypress: b
261.5637 	DATA 	Keypress: b
261.7803 	DATA 	Keypress: b
261.9800 	DATA 	Keypress: b
262.1974 	DATA 	Keypress: b
262.3961 	DATA 	Keypress: b
262.5106 	DATA 	End trial
262.5965 	DATA 	Keypress: b
262.7488 	DATA 	Keypress: b
264.2294 	DATA 	Keypress: lshift
264.2299 	DATA 	Keypress: t
267.2298 	DATA 	Keypress: lshift
267.2303 	DATA 	Keypress: t
270.2295 	DATA 	Keypress: lshift
270.2300 	DATA 	Keypress: t
273.2298 	DATA 	Keypress: lshift
273.2303 	DATA 	Keypress: t
276.2299 	DATA 	Keypress: lshift
276.2305 	DATA 	Keypress: t
276.4991 	DATA 	Begin trial
276.9148 	DATA 	Keypress: b
277.2132 	DATA 	Keypress: b
277.4307 	DATA 	Keypress: b
277.6133 	DATA 	Keypress: b
277.8136 	DATA 	Keypress: b
278.0142 	DATA 	Keypress: b
278.1966 	DATA 	Keypress: b
278.3965 	DATA 	Keypress: b
278.5965 	DATA 	Keypress: b
278.7796 	DATA 	Keypress: b
278.9796 	DATA 	Keypress: b
279.1823 	DATA 	Keypress: b
279.2305 	DATA 	Keypress: lshift
279.2310 	DATA 	Keypress: t
279.4137 	DATA 	Keypress: b
279.6137 	DATA 	Keypress: b
279.7985 	DATA 	Keypress: b
279.9972 	DATA 	Keypress: b
280.2139 	DATA 	Keypress: b
280.4138 	DATA 	Keypress: b
280.6472 	DATA 	Keypress: b
280.8637 	DATA 	Keypress: b
281.0647 	DATA 	Keypress: b
281.2632 	DATA 	Keypress: b
281.4803 	DATA 	Keypress: b
281.6971 	DATA 	Keypress: b
281.8964 	DATA 	Keypress: b
282.1297 	DATA 	Keypress: b
282.2299 	DATA 	Keypress: lshift
282.2304 	DATA 	Keypress: t
282.3138 	DATA 	Keypress: b
282.5295 	DATA 	Keypress: b
282.7298 	DATA 	Keypress: b
282.8991 	DATA 	Keypress: b
283.0808 	DATA 	Keypress: b
283.2653 	DATA 	Keypress: b
283.4634 	DATA 	Keypress: b
283.6463 	DATA 	Keypress: b
283.8471 	DATA 	Keypress: b
284.0137 	DATA 	Keypress: b
284.1972 	DATA 	Keypress: b
284.3639 	DATA 	Keypress: b
284.5759 	DATA 	Keypress: b
284.7640 	DATA 	Keypress: b
284.9629 	DATA 	Keypress: b
285.1471 	DATA 	Keypress: b
285.2300 	DATA 	Keypress: lshift
285.2306 	DATA 	Keypress: t
285.3635 	DATA 	Keypress: b
285.6635 	DATA 	Keypress: b
285.8639 	DATA 	Keypress: b
286.0633 	DATA 	Keypress: b
286.2462 	DATA 	Keypress: b
286.4466 	DATA 	Keypress: b
286.6298 	DATA 	Keypress: b
286.8298 	DATA 	Keypress: b
287.0299 	DATA 	Keypress: b
287.2130 	DATA 	Keypress: b
287.3966 	DATA 	Keypress: b
287.5973 	DATA 	Keypress: b
287.7646 	DATA 	Keypress: b
287.9469 	DATA 	Keypress: b
288.1301 	DATA 	Keypress: b
288.2296 	DATA 	Keypress: lshift
288.2302 	DATA 	Keypress: t
288.3139 	DATA 	Keypress: b
288.5379 	DATA 	End trial
291.2299 	DATA 	Keypress: lshift
291.2305 	DATA 	Keypress: t
294.2298 	DATA 	Keypress: lshift
294.2303 	DATA 	Keypress: t
297.2300 	DATA 	Keypress: lshift
297.2305 	DATA 	Keypress: t
300.2297 	DATA 	Keypress: lshift
300.2302 	DATA 	Keypress: t
303.2303 	DATA 	Keypress: lshift
303.2309 	DATA 	Keypress: t
306.2307 	DATA 	Keypress: lshift
306.2313 	DATA 	Keypress: t
306.5321 	DATA 	Begin trial
307.1137 	DATA 	Keypress: b
307.3634 	DATA 	Keypress: b
307.5974 	DATA 	Keypress: b
307.7806 	DATA 	Keypress: b
307.9641 	DATA 	Keypress: b
308.1469 	DATA 	Keypress: b
308.3629 	DATA 	Keypress: b
308.5302 	DATA 	Keypress: b
308.7303 	DATA 	Keypress: b
308.8972 	DATA 	Keypress: b
309.0636 	DATA 	Keypress: b
309.2298 	DATA 	Keypress: lshift
309.2303 	DATA 	Keypress: t
309.2486 	DATA 	Keypress: b
309.4470 	DATA 	Keypress: b
309.6307 	DATA 	Keypress: b
309.7965 	DATA 	Keypress: b
309.9806 	DATA 	Keypress: b
310.1634 	DATA 	Keypress: b
310.3469 	DATA 	Keypress: b
310.5129 	DATA 	Keypress: b
310.6964 	DATA 	Keypress: b
310.8632 	DATA 	Keypress: b
311.0463 	DATA 	Keypress: b
311.2296 	DATA 	Keypress: b
311.4144 	DATA 	Keypress: b
311.5967 	DATA 	Keypress: b
311.7799 	DATA 	Keypress: b
311.9629 	DATA 	Keypress: b
312.1469 	DATA 	Keypress: b
312.2296 	DATA 	Keypress: lshift
312.2302 	DATA 	Keypress: t
312.3297 	DATA 	Keypress: b
312.5139 	DATA 	Keypress: b
312.6979 	DATA 	Keypress: b
312.8633 	DATA 	Keypress: b
313.0480 	DATA 	Keypress: b
313.2136 	DATA 	Keypress: b
313.3966 	DATA 	Keypress: b
313.5797 	DATA 	Keypress: b
313.7639 	DATA 	Keypress: b
313.9464 	DATA 	Keypress: b
314.1304 	DATA 	Keypress: b
314.3137 	DATA 	Keypress: b
314.5137 	DATA 	Keypress: b
314.6966 	DATA 	Keypress: b
314.8809 	DATA 	Keypress: b
315.0797 	DATA 	Keypress: b
315.2302 	DATA 	Keypress: lshift
315.2307 	DATA 	Keypress: t
315.2471 	DATA 	Keypress: b
315.6303 	DATA 	Keypress: b
315.8304 	DATA 	Keypress: b
316.2133 	DATA 	Keypress: b
316.3800 	DATA 	Keypress: b
316.5651 	DATA 	Keypress: b
316.7646 	DATA 	Keypress: b
316.9308 	DATA 	Keypress: b
317.0961 	DATA 	Keypress: b
317.2470 	DATA 	Keypress: b
317.3802 	DATA 	Keypress: b
317.5475 	DATA 	Keypress: b
317.7135 	DATA 	Keypress: b
317.8796 	DATA 	Keypress: b
318.0464 	DATA 	Keypress: b
318.2297 	DATA 	Keypress: lshift
318.2302 	DATA 	Keypress: t
318.2462 	DATA 	Keypress: b
318.4133 	DATA 	Keypress: b
318.5628 	DATA 	Keypress: b
318.7145 	DATA 	Keypress: b
318.8802 	DATA 	Keypress: b
319.2134 	DATA 	Keypress: b
319.3634 	DATA 	Keypress: b
319.5306 	DATA 	Keypress: b
319.5764 	DATA 	End trial
319.7465 	DATA 	Keypress: b
321.2298 	DATA 	Keypress: lshift
321.2303 	DATA 	Keypress: t
324.2299 	DATA 	Keypress: lshift
324.2304 	DATA 	Keypress: t
327.2300 	DATA 	Keypress: lshift
327.2306 	DATA 	Keypress: t
330.2302 	DATA 	Keypress: lshift
330.2308 	DATA 	Keypress: t
333.2302 	DATA 	Keypress: lshift
333.2308 	DATA 	Keypress: t
336.2299 	DATA 	Keypress: lshift
336.2305 	DATA 	Keypress: t
336.5669 	DATA 	Begin trial
337.1133 	DATA 	Keypress: b
337.3136 	DATA 	Keypress: b
337.4960 	DATA 	Keypress: b
337.6468 	DATA 	Keypress: b
337.8139 	DATA 	Keypress: b
337.9636 	DATA 	Keypress: b
338.1144 	DATA 	Keypress: b
338.2468 	DATA 	Keypress: b
338.4308 	DATA 	Keypress: b
338.5801 	DATA 	Keypress: b
338.7303 	DATA 	Keypress: b
338.8965 	DATA 	Keypress: b
339.0629 	DATA 	Keypress: b
339.2304 	DATA 	Keypress: b
339.2317 	DATA 	Keypress: lshift
339.2323 	DATA 	Keypress: t
339.3973 	DATA 	Keypress: b
339.5798 	DATA 	Keypress: b
339.7305 	DATA 	Keypress: b
339.8803 	DATA 	Keypress: b
340.0631 	DATA 	Keypress: b
340.2463 	DATA 	Keypress: b
340.4296 	DATA 	Keypress: b
340.5968 	DATA 	Keypress: b
340.7800 	DATA 	Keypress: b
340.9472 	DATA 	Keypress: b
341.1134 	DATA 	Keypress: b
341.2629 	DATA 	Keypress: b
341.4298 	DATA 	Keypress: b
341.6141 	DATA 	Keypress: b
341.7798 	DATA 	Keypress: b
341.9637 	DATA 	Keypress: b
342.1634 	DATA 	Keypress: b
342.2297 	DATA 	Keypress: lshift
342.2303 	DATA 	Keypress: t
342.3302 	DATA 	Keypress: b
342.4969 	DATA 	Keypress: b
342.6634 	DATA 	Keypress: b
343.0634 	DATA 	Keypress: b
343.2466 	DATA 	Keypress: b
343.4296 	DATA 	Keypress: b
343.6131 	DATA 	Keypress: b
343.7830 	DATA 	Keypress: b
343.9488 	DATA 	Keypress: b
344.1311 	DATA 	Keypress: b
344.2967 	DATA 	Keypress: b
344.4971 	DATA 	Keypress: b
344.6801 	DATA 	Keypress: b
344.8630 	DATA 	Keypress: b
345.0469 	DATA 	Keypress: b
345.2303 	DATA 	Keypress: lshift
345.2308 	DATA 	Keypress: t
345.2799 	DATA 	Keypress: b
345.4796 	DATA 	Keypress: b
345.5996 	DATA 	End trial
345.7292 	DATA 	Keypress: b
345.9291 	DATA 	Keypress: b
348.2297 	DATA 	Keypress: lshift
348.2303 	DATA 	Keypress: t
351.2301 	DATA 	Keypress: lshift
351.2307 	DATA 	Keypress: t
354.2301 	DATA 	Keypress: lshift
354.2307 	DATA 	Keypress: t
357.2296 	DATA 	Keypress: lshift
357.2301 	DATA 	Keypress: t
360.2298 	DATA 	Keypress: lshift
360.2303 	DATA 	Keypress: t
363.2296 	DATA 	Keypress: lshift
363.2302 	DATA 	Keypress: t
366.2298 	DATA 	Keypress: lshift
366.2303 	DATA 	Keypress: t
366.6001 	DATA 	Begin trial
367.0636 	DATA 	Keypress: b
367.2965 	DATA 	Keypress: b
367.4967 	DATA 	Keypress: b
367.6472 	DATA 	Keypress: b
367.8303 	DATA 	Keypress: b
368.0130 	DATA 	Keypress: b
368.1802 	DATA 	Keypress: b
368.3470 	DATA 	Keypress: b
368.5300 	DATA 	Keypress: b
368.7141 	DATA 	Keypress: b
368.8797 	DATA 	Keypress: b
369.0468 	DATA 	Keypress: b
369.2294 	DATA 	Keypress: b
369.2305 	DATA 	Keypress: lshift
369.2310 	DATA 	Keypress: t
369.3964 	DATA 	Keypress: b
369.5968 	DATA 	Keypress: b
369.7795 	DATA 	Keypress: b
369.9632 	DATA 	Keypress: b
370.1800 	DATA 	Keypress: b
370.3807 	DATA 	Keypress: b
370.5797 	DATA 	Keypress: b
370.7796 	DATA 	Keypress: b
370.9638 	DATA 	Keypress: b
371.1633 	DATA 	Keypress: b
371.5300 	DATA 	Keypress: b
371.7632 	DATA 	Keypress: b
371.9636 	DATA 	Keypress: b
372.1971 	DATA 	Keypress: b
372.2297 	DATA 	Keypress: lshift
372.2303 	DATA 	Keypress: t
372.4464 	DATA 	Keypress: b
372.6968 	DATA 	Keypress: b
372.9300 	DATA 	Keypress: b
373.1321 	DATA 	Keypress: b
373.3802 	DATA 	Keypress: b
373.6139 	DATA 	Keypress: b
373.8800 	DATA 	Keypress: b
374.1291 	DATA 	Keypress: b
374.3465 	DATA 	Keypress: b
374.5799 	DATA 	Keypress: b
374.7802 	DATA 	Keypress: b
375.0138 	DATA 	Keypress: b
375.2301 	DATA 	Keypress: lshift
375.2307 	DATA 	Keypress: t
375.2469 	DATA 	Keypress: b
375.4635 	DATA 	Keypress: b
375.7302 	DATA 	Keypress: b
375.9630 	DATA 	Keypress: b
376.1630 	DATA 	Keypress: b
376.3807 	DATA 	Keypress: b
376.5970 	DATA 	Keypress: b
376.8296 	DATA 	Keypress: b
377.0636 	DATA 	Keypress: b
377.2965 	DATA 	Keypress: b
377.5305 	DATA 	Keypress: b
377.7801 	DATA 	Keypress: b
378.0299 	DATA 	Keypress: b
378.2295 	DATA 	Keypress: lshift
378.2301 	DATA 	Keypress: t
378.2969 	DATA 	Keypress: b
378.5296 	DATA 	Keypress: b
378.7463 	DATA 	Keypress: b
378.9803 	DATA 	Keypress: b
379.1802 	DATA 	Keypress: b
379.3640 	DATA 	Keypress: b
379.5294 	DATA 	Keypress: b
379.7136 	DATA 	Keypress: b
379.9131 	DATA 	Keypress: b
380.1131 	DATA 	Keypress: b
380.2967 	DATA 	Keypress: b
380.4824 	DATA 	Keypress: b
380.6810 	DATA 	Keypress: b
380.8654 	DATA 	Keypress: b
381.0466 	DATA 	Keypress: b
381.2297 	DATA 	Keypress: lshift
381.2303 	DATA 	Keypress: t
381.2465 	DATA 	Keypress: b
381.4645 	DATA 	Keypress: b
381.6471 	DATA 	Keypress: b
381.8465 	DATA 	Keypress: b
382.0301 	DATA 	Keypress: b
382.2132 	DATA 	Keypress: b
382.4131 	DATA 	Keypress: b
382.6133 	DATA 	Keypress: b
382.7966 	DATA 	Keypress: b
382.9637 	DATA 	Keypress: b
383.1297 	DATA 	Keypress: b
383.3300 	DATA 	Keypress: b
383.5293 	DATA 	Keypress: b
383.7295 	DATA 	Keypress: b
383.9305 	DATA 	Keypress: b
384.1304 	DATA 	Keypress: b
384.2300 	DATA 	Keypress: lshift
384.2305 	DATA 	Keypress: t
384.2967 	DATA 	Keypress: b
384.4803 	DATA 	Keypress: b
384.6799 	DATA 	Keypress: b
384.8632 	DATA 	Keypress: b
385.0630 	DATA 	Keypress: b
385.2632 	DATA 	Keypress: b
385.4302 	DATA 	Keypress: b
385.5803 	DATA 	Keypress: b
385.6432 	DATA 	End trial
385.7633 	DATA 	Keypress: b
385.9639 	DATA 	Keypress: b
387.2301 	DATA 	Keypress: lshift
387.2307 	DATA 	Keypress: t
390.2303 	DATA 	Keypress: lshift
390.2308 	DATA 	Keypress: t
393.2297 	DATA 	Keypress: lshift
393.2302 	DATA 	Keypress: t
396.2297 	DATA 	Keypress: lshift
396.2303 	DATA 	Keypress: t
396.6336 	DATA 	Begin trial
397.0963 	DATA 	Keypress: b
397.3135 	DATA 	Keypress: b
397.4966 	DATA 	Keypress: b
397.7132 	DATA 	Keypress: b
397.8989 	DATA 	Keypress: b
398.1132 	DATA 	Keypress: b
398.3304 	DATA 	Keypress: b
398.7332 	DATA 	Keypress: b
398.9307 	DATA 	Keypress: b
399.1151 	DATA 	Keypress: b
399.2296 	DATA 	Keypress: lshift
399.2302 	DATA 	Keypress: t
399.3136 	DATA 	Keypress: b
399.4969 	DATA 	Keypress: b
399.6966 	DATA 	Keypress: b
399.8831 	DATA 	Keypress: b
400.0959 	DATA 	Keypress: b
400.2798 	DATA 	Keypress: b
400.4966 	DATA 	Keypress: b
400.6977 	DATA 	Keypress: b
400.8992 	DATA 	Keypress: b
401.1132 	DATA 	Keypress: b
401.2984 	DATA 	Keypress: b
401.4970 	DATA 	Keypress: b
401.6804 	DATA 	Keypress: b
401.8630 	DATA 	Keypress: b
402.0299 	DATA 	Keypress: b
402.2299 	DATA 	Keypress: lshift
402.2304 	DATA 	Keypress: t
402.2466 	DATA 	Keypress: b
402.4129 	DATA 	Keypress: b
402.5986 	DATA 	Keypress: b
402.7655 	DATA 	Keypress: b
402.9797 	DATA 	Keypress: b
403.1630 	DATA 	Keypress: b
403.3798 	DATA 	Keypress: b
403.5634 	DATA 	Keypress: b
403.7627 	DATA 	Keypress: b
403.9632 	DATA 	Keypress: b
404.1459 	DATA 	Keypress: b
404.3305 	DATA 	Keypress: b
404.5260 	DATA 	Keypress: b
404.6964 	DATA 	Keypress: b
404.8963 	DATA 	Keypress: b
405.1133 	DATA 	Keypress: b
405.2297 	DATA 	Keypress: lshift
405.2302 	DATA 	Keypress: t
405.3299 	DATA 	Keypress: b
405.5298 	DATA 	Keypress: b
405.7467 	DATA 	Keypress: b
405.9468 	DATA 	Keypress: b
406.1299 	DATA 	Keypress: b
406.3298 	DATA 	Keypress: b
406.5460 	DATA 	Keypress: b
406.7627 	DATA 	Keypress: b
406.9471 	DATA 	Keypress: b
407.1309 	DATA 	Keypress: b
407.3461 	DATA 	Keypress: b
407.5660 	DATA 	Keypress: b
407.8134 	DATA 	Keypress: b
408.0131 	DATA 	Keypress: b
408.2297 	DATA 	Keypress: b
408.2309 	DATA 	Keypress: lshift
408.2315 	DATA 	Keypress: t
408.4304 	DATA 	Keypress: b
408.6319 	DATA 	Keypress: b
408.6732 	DATA 	End trial
408.8470 	DATA 	Keypress: b
411.2299 	DATA 	Keypress: lshift
411.2305 	DATA 	Keypress: t
414.2304 	DATA 	Keypress: lshift
414.2310 	DATA 	Keypress: t
417.2305 	DATA 	Keypress: lshift
417.2310 	DATA 	Keypress: t
420.2302 	DATA 	Keypress: lshift
420.2308 	DATA 	Keypress: t
423.2298 	DATA 	Keypress: lshift
423.2304 	DATA 	Keypress: t
425.1808 	DATA 	Keypress: b
426.8088 	DATA 	start rating A
431.3464 	DATA 	Keypress: a
431.9643 	DATA 	Keypress: a
432.9112 	DATA 	Keypress: a
445.8667 	DATA 	Keypress: return
445.8669 	DATA 	RatingScale rateA_scale: (key response) rating=1
445.8669 	DATA 	RatingScale rateA_scale: rating RT=19.057
445.8670 	DATA 	RatingScale rateA_scale: history=[(4.0, 0.0), (3, 4.542), (2, 5.162), (1, 6.107), (1, 19.057)]
445.8752 	DATA 	1.0
445.8753 	DATA 	end rating A
445.9428 	DATA 	start rating B
448.6360 	DATA 	Keypress: b
451.1633 	DATA 	Keypress: return
451.1650 	DATA 	RatingScale rateB_scale: (key response) rating=5
451.1651 	DATA 	RatingScale rateB_scale: rating RT=5.222
451.1651 	DATA 	RatingScale rateB_scale: history=[(4.0, 0.0), (5, 2.707), (5, 5.222)]
451.1750 	DATA 	5.0
451.1750 	DATA 	end rating B
