1.6413 	ERROR 	avbin.dll failed to load. Try importing psychopy.visual
  as the first library (before anything that uses scipy)
  and make sure that avbin is installed.
383.4121 	DATA 	Keypress: space
383.4127 	DATA 	waiting for trigger
386.1456 	DATA 	Keypress: a
406.7455 	DATA 	Keypress: lshift
406.7461 	DATA 	Keypress: t
406.7475 	DATA 	TRIGGERED
412.7460 	DATA 	Keypress: lshift
412.7466 	DATA 	Keypress: t
416.8755 	DATA 	red.png
418.0791 	DATA 	Keypress: a
418.7457 	DATA 	Keypress: lshift
418.7464 	DATA 	Keypress: t
419.4126 	DATA 	Keypress: a
419.6621 	DATA 	Keypress: a
419.9457 	DATA 	Keypress: a
420.2121 	DATA 	Keypress: a
420.7123 	DATA 	Keypress: a
420.9125 	DATA 	Keypress: a
421.0959 	DATA 	Keypress: a
421.2626 	DATA 	Keypress: a
421.8308 	DATA 	Keypress: a
422.0639 	DATA 	Keypress: a
422.2627 	DATA 	Keypress: a
422.7788 	DATA 	Keypress: a
422.9958 	DATA 	Keypress: a
423.2293 	DATA 	Keypress: a
423.4792 	DATA 	Keypress: a
423.6790 	DATA 	Keypress: a
423.8624 	DATA 	Keypress: a
424.3456 	DATA 	Keypress: a
424.5622 	DATA 	Keypress: a
424.7460 	DATA 	Keypress: lshift
424.7465 	DATA 	Keypress: t
424.7627 	DATA 	Keypress: a
424.7950 	DATA 	end CS
424.8826 	DATA 	vend.png
430.7459 	DATA 	Keypress: lshift
430.7465 	DATA 	Keypress: t
430.7951 	DATA 	end CS
430.8932 	DATA 	blue.png
431.9959 	DATA 	Keypress: b
432.5124 	DATA 	Keypress: b
432.9290 	DATA 	Keypress: b
433.1126 	DATA 	Keypress: b
433.3125 	DATA 	Keypress: b
433.5291 	DATA 	Keypress: b
433.7137 	DATA 	Keypress: b
434.1288 	DATA 	Keypress: b
434.8791 	DATA 	Keypress: b
435.4621 	DATA 	Keypress: b
436.0121 	DATA 	Keypress: b
436.2123 	DATA 	Keypress: b
436.4455 	DATA 	Keypress: b
436.6461 	DATA 	Keypress: b
436.7462 	DATA 	Keypress: lshift
436.7467 	DATA 	Keypress: t
437.0305 	DATA 	Keypress: b
437.6288 	DATA 	Keypress: b
438.2459 	DATA 	Keypress: b
438.4792 	DATA 	Keypress: b
438.6956 	DATA 	Keypress: b
438.9455 	DATA 	Keypress: b
439.4455 	DATA 	Keypress: b
440.0459 	DATA 	Keypress: b
440.2624 	DATA 	Keypress: b
440.4623 	DATA 	Keypress: b
440.6957 	DATA 	Keypress: b
440.9121 	DATA 	Keypress: b
441.5290 	DATA 	Keypress: b
442.0959 	DATA 	Keypress: b
442.7124 	DATA 	Keypress: b
442.7466 	DATA 	Keypress: lshift
442.7472 	DATA 	Keypress: t
442.9625 	DATA 	Keypress: b
443.1957 	DATA 	Keypress: b
443.4290 	DATA 	Keypress: b
444.1290 	DATA 	Keypress: b
444.6791 	DATA 	Keypress: b
445.2624 	DATA 	Keypress: b
445.4791 	DATA 	Keypress: b
445.7130 	DATA 	Keypress: b
445.7950 	DATA 	end CS
445.8938 	DATA 	vend.png
445.9791 	DATA 	Keypress: b
448.7457 	DATA 	Keypress: lshift
448.7465 	DATA 	Keypress: t
451.7953 	DATA 	end CS
451.9108 	DATA 	green.png
454.7466 	DATA 	Keypress: lshift
454.7472 	DATA 	Keypress: t
457.7952 	DATA 	end CS
457.8895 	DATA 	vend.png
460.7459 	DATA 	Keypress: lshift
460.7467 	DATA 	Keypress: t
463.7954 	DATA 	end CS
463.9127 	DATA 	yellow.png
466.7459 	DATA 	Keypress: lshift
466.7464 	DATA 	Keypress: t
470.7951 	DATA 	end CS
470.8897 	DATA 	vend.png
472.7459 	DATA 	Keypress: lshift
472.7464 	DATA 	Keypress: t
476.7950 	DATA 	end CS
476.8861 	DATA 	red.png
477.6957 	DATA 	Keypress: a
478.4806 	DATA 	Keypress: a
478.7462 	DATA 	Keypress: lshift
478.7468 	DATA 	Keypress: t
479.1308 	DATA 	Keypress: a
479.3788 	DATA 	Keypress: a
479.5958 	DATA 	Keypress: a
479.7957 	DATA 	Keypress: a
479.9791 	DATA 	Keypress: a
480.1960 	DATA 	Keypress: a
480.3958 	DATA 	Keypress: a
480.5956 	DATA 	Keypress: a
480.8122 	DATA 	Keypress: a
481.0288 	DATA 	Keypress: a
481.2290 	DATA 	Keypress: a
481.4457 	DATA 	Keypress: a
481.6624 	DATA 	Keypress: a
481.8788 	DATA 	Keypress: a
482.0788 	DATA 	Keypress: a
482.5123 	DATA 	Keypress: a
482.7290 	DATA 	Keypress: a
483.1458 	DATA 	Keypress: a
483.3624 	DATA 	Keypress: a
483.5625 	DATA 	Keypress: a
483.7642 	DATA 	Keypress: a
483.9792 	DATA 	Keypress: a
484.1792 	DATA 	Keypress: a
484.3956 	DATA 	Keypress: a
484.7459 	DATA 	Keypress: lshift
484.7466 	DATA 	Keypress: t
485.0958 	DATA 	Keypress: a
485.7957 	DATA 	Keypress: a
486.4788 	DATA 	Keypress: a
486.7290 	DATA 	Keypress: a
486.7953 	DATA 	end CS
486.8904 	DATA 	vend.png
486.9616 	DATA 	Keypress: a
490.7470 	DATA 	Keypress: lshift
490.7475 	DATA 	Keypress: t
492.7953 	DATA 	end CS
492.8873 	DATA 	green.png
496.7458 	DATA 	Keypress: lshift
496.7464 	DATA 	Keypress: t
502.7464 	DATA 	Keypress: lshift
502.7470 	DATA 	Keypress: t
506.7952 	DATA 	end CS
506.8872 	DATA 	vend.png
508.7460 	DATA 	Keypress: lshift
508.7466 	DATA 	Keypress: t
512.7954 	DATA 	end CS
512.8952 	DATA 	blue.png
513.9123 	DATA 	Keypress: b
514.4954 	DATA 	Keypress: b
514.7457 	DATA 	Keypress: lshift
514.7463 	DATA 	Keypress: t
514.7953 	DATA 	end CS
514.8848 	DATA 	vend.png
514.9958 	DATA 	Keypress: b
520.7462 	DATA 	Keypress: lshift
520.7468 	DATA 	Keypress: t
520.7953 	DATA 	end CS
520.8829 	DATA 	yellow.png
526.7461 	DATA 	Keypress: lshift
526.7466 	DATA 	Keypress: t
528.7954 	DATA 	end CS
528.8894 	DATA 	vend.png
532.7465 	DATA 	Keypress: lshift
532.7471 	DATA 	Keypress: t
534.7951 	DATA 	end CS
534.8895 	DATA 	red.png
535.6122 	DATA 	Keypress: a
536.0290 	DATA 	Keypress: a
536.2792 	DATA 	Keypress: a
536.4790 	DATA 	Keypress: a
536.9124 	DATA 	Keypress: a
537.1955 	DATA 	Keypress: a
537.4792 	DATA 	Keypress: a
537.7455 	DATA 	Keypress: a
538.1623 	DATA 	Keypress: a
538.3626 	DATA 	Keypress: a
538.7459 	DATA 	Keypress: lshift
538.7465 	DATA 	Keypress: t
538.7642 	DATA 	Keypress: a
538.9623 	DATA 	Keypress: a
539.2122 	DATA 	Keypress: a
539.4957 	DATA 	Keypress: a
539.7290 	DATA 	Keypress: a
539.8789 	DATA 	Keypress: a
540.2145 	DATA 	Keypress: a
540.5791 	DATA 	Keypress: a
540.7791 	DATA 	Keypress: a
541.0791 	DATA 	Keypress: a
541.3124 	DATA 	Keypress: a
541.6123 	DATA 	Keypress: a
542.0794 	DATA 	Keypress: a
542.2624 	DATA 	Keypress: a
542.5122 	DATA 	Keypress: a
542.7789 	DATA 	Keypress: a
543.0461 	DATA 	Keypress: a
543.3626 	DATA 	Keypress: a
543.7624 	DATA 	Keypress: a
543.7952 	DATA 	end CS
543.8956 	DATA 	vend.png
543.9419 	DATA 	Keypress: a
544.2122 	DATA 	Keypress: a
544.7466 	DATA 	Keypress: lshift
544.7471 	DATA 	Keypress: t
549.7954 	DATA 	end CS
549.8902 	DATA 	green.png
550.7460 	DATA 	Keypress: lshift
550.7465 	DATA 	Keypress: t
556.7467 	DATA 	Keypress: lshift
556.7472 	DATA 	Keypress: t
562.7464 	DATA 	Keypress: lshift
562.7469 	DATA 	Keypress: t
563.7951 	DATA 	end CS
563.8965 	DATA 	vend.png
568.7465 	DATA 	Keypress: lshift
568.7471 	DATA 	Keypress: t
569.7954 	DATA 	end CS
569.8949 	DATA 	blue.png
570.7125 	DATA 	Keypress: b
570.9455 	DATA 	Keypress: b
571.3122 	DATA 	Keypress: b
571.7457 	DATA 	Keypress: b
572.0455 	DATA 	Keypress: b
572.2789 	DATA 	Keypress: b
572.7959 	DATA 	Keypress: b
572.9809 	DATA 	Keypress: b
573.3455 	DATA 	Keypress: b
573.7457 	DATA 	Keypress: b
573.9289 	DATA 	Keypress: b
574.1460 	DATA 	Keypress: b
574.3789 	DATA 	Keypress: b
574.6291 	DATA 	Keypress: b
574.7464 	DATA 	Keypress: lshift
574.7471 	DATA 	Keypress: t
574.8790 	DATA 	Keypress: b
575.1122 	DATA 	Keypress: b
575.3293 	DATA 	Keypress: b
575.5791 	DATA 	Keypress: b
576.0458 	DATA 	Keypress: b
576.3288 	DATA 	Keypress: b
576.7621 	DATA 	Keypress: b
577.0291 	DATA 	Keypress: b
577.2624 	DATA 	Keypress: b
577.4789 	DATA 	Keypress: b
577.7289 	DATA 	Keypress: b
578.0624 	DATA 	Keypress: b
578.3293 	DATA 	Keypress: b
578.6625 	DATA 	Keypress: b
578.7954 	DATA 	end CS
578.8860 	DATA 	vend.png
578.9416 	DATA 	Keypress: b
579.1792 	DATA 	Keypress: b
580.7462 	DATA 	Keypress: lshift
580.7469 	DATA 	Keypress: t
584.7951 	DATA 	end CS
584.8857 	DATA 	yellow.png
586.7466 	DATA 	Keypress: lshift
586.7472 	DATA 	Keypress: t
592.7461 	DATA 	Keypress: lshift
592.7468 	DATA 	Keypress: t
598.7464 	DATA 	Keypress: lshift
598.7470 	DATA 	Keypress: t
598.7951 	DATA 	end CS
598.8981 	DATA 	vend.png
604.7470 	DATA 	Keypress: lshift
604.7475 	DATA 	Keypress: t
604.7951 	DATA 	end CS
604.9003 	DATA 	red.png
605.5459 	DATA 	Keypress: a
605.8122 	DATA 	Keypress: a
606.2291 	DATA 	Keypress: a
606.4123 	DATA 	Keypress: a
606.6458 	DATA 	Keypress: a
606.8958 	DATA 	Keypress: a
607.1123 	DATA 	Keypress: a
607.3793 	DATA 	Keypress: a
607.8457 	DATA 	Keypress: a
607.9958 	DATA 	Keypress: a
608.1624 	DATA 	Keypress: a
608.3960 	DATA 	Keypress: a
608.6291 	DATA 	Keypress: a
608.9125 	DATA 	Keypress: a
609.1121 	DATA 	Keypress: a
609.2625 	DATA 	Keypress: a
609.5641 	DATA 	Keypress: a
609.8121 	DATA 	Keypress: a
610.0955 	DATA 	Keypress: a
610.3292 	DATA 	Keypress: a
610.5124 	DATA 	Keypress: a
610.7467 	DATA 	Keypress: lshift
610.7473 	DATA 	Keypress: t
610.9790 	DATA 	Keypress: a
611.2458 	DATA 	Keypress: a
611.7122 	DATA 	Keypress: a
611.8789 	DATA 	Keypress: a
612.1622 	DATA 	Keypress: a
612.4460 	DATA 	Keypress: a
612.6958 	DATA 	Keypress: a
612.9459 	DATA 	Keypress: a
613.1791 	DATA 	Keypress: a
613.4125 	DATA 	Keypress: a
613.8126 	DATA 	Keypress: a
614.1141 	DATA 	Keypress: a
614.6125 	DATA 	Keypress: a
614.7954 	DATA 	Keypress: a
614.9307 	DATA 	Keypress: a
615.1624 	DATA 	Keypress: a
615.3958 	DATA 	Keypress: a
615.6791 	DATA 	Keypress: a
615.9458 	DATA 	Keypress: a
616.2122 	DATA 	Keypress: a
616.6124 	DATA 	Keypress: a
616.7470 	DATA 	Keypress: lshift
616.7476 	DATA 	Keypress: t
616.8627 	DATA 	Keypress: a
617.0456 	DATA 	Keypress: a
617.1958 	DATA 	Keypress: a
617.5957 	DATA 	Keypress: a
618.0792 	DATA 	Keypress: a
618.3456 	DATA 	Keypress: a
618.6791 	DATA 	Keypress: a
618.7954 	DATA 	end CS
618.8931 	DATA 	vend.png
618.8934 	DATA 	Keypress: a
619.2124 	DATA 	Keypress: a
622.7465 	DATA 	Keypress: lshift
622.7471 	DATA 	Keypress: t
624.7955 	DATA 	end CS
624.8899 	DATA 	green.png
628.7459 	DATA 	Keypress: lshift
628.7473 	DATA 	Keypress: t
633.7951 	DATA 	end CS
633.8907 	DATA 	vend.png
634.7467 	DATA 	Keypress: lshift
634.7473 	DATA 	Keypress: t
639.7956 	DATA 	end CS
639.8948 	DATA 	blue.png
640.6459 	DATA 	Keypress: b
640.7460 	DATA 	Keypress: lshift
640.7472 	DATA 	Keypress: t
640.9624 	DATA 	Keypress: b
641.2124 	DATA 	Keypress: b
641.4124 	DATA 	Keypress: b
641.6812 	DATA 	Keypress: b
641.9288 	DATA 	Keypress: b
642.1622 	DATA 	Keypress: b
642.3455 	DATA 	Keypress: b
642.6625 	DATA 	Keypress: b
642.9122 	DATA 	Keypress: b
643.0957 	DATA 	Keypress: b
643.2462 	DATA 	Keypress: b
643.5957 	DATA 	Keypress: b
643.9624 	DATA 	Keypress: b
644.1957 	DATA 	Keypress: b
644.4289 	DATA 	Keypress: b
644.5962 	DATA 	Keypress: b
644.7625 	DATA 	Keypress: b
645.0457 	DATA 	Keypress: b
645.2790 	DATA 	Keypress: b
645.4958 	DATA 	Keypress: b
645.8625 	DATA 	Keypress: b
646.0291 	DATA 	Keypress: b
646.4289 	DATA 	Keypress: b
646.6957 	DATA 	Keypress: b
646.7457 	DATA 	Keypress: lshift
646.7468 	DATA 	Keypress: t
647.1624 	DATA 	Keypress: b
647.4128 	DATA 	Keypress: b
647.7122 	DATA 	Keypress: b
647.9636 	DATA 	Keypress: b
648.1791 	DATA 	Keypress: b
648.4128 	DATA 	Keypress: b
648.6625 	DATA 	Keypress: b
648.7954 	DATA 	end CS
648.8887 	DATA 	vend.png
648.9250 	DATA 	Keypress: b
649.1769 	DATA 	Keypress: b
652.7462 	DATA 	Keypress: lshift
652.7475 	DATA 	Keypress: t
654.7954 	DATA 	end CS
654.8792 	DATA 	yellow.png
658.7469 	DATA 	Keypress: lshift
658.7475 	DATA 	Keypress: t
660.7953 	DATA 	end CS
660.8940 	DATA 	vend.png
664.7474 	DATA 	Keypress: lshift
664.7480 	DATA 	Keypress: t
666.7952 	DATA 	end CS
666.8969 	DATA 	red.png
668.0958 	DATA 	Keypress: a
668.5793 	DATA 	Keypress: a
668.8454 	DATA 	Keypress: a
669.0458 	DATA 	Keypress: a
669.5456 	DATA 	Keypress: a
669.7958 	DATA 	Keypress: a
670.0126 	DATA 	Keypress: a
670.1955 	DATA 	Keypress: a
670.4808 	DATA 	Keypress: a
670.7296 	DATA 	Keypress: a
670.7471 	DATA 	Keypress: lshift
670.7477 	DATA 	Keypress: t
671.0126 	DATA 	Keypress: a
671.2457 	DATA 	Keypress: a
671.4787 	DATA 	Keypress: a
671.6958 	DATA 	Keypress: a
672.1124 	DATA 	Keypress: a
672.3956 	DATA 	Keypress: a
672.6793 	DATA 	Keypress: a
672.8626 	DATA 	Keypress: a
673.0458 	DATA 	Keypress: a
673.3291 	DATA 	Keypress: a
673.5958 	DATA 	Keypress: a
673.7955 	DATA 	Keypress: a
673.9958 	DATA 	Keypress: a
674.2980 	DATA 	Keypress: a
674.7957 	DATA 	Keypress: a
675.0626 	DATA 	Keypress: a
675.3625 	DATA 	Keypress: a
675.7123 	DATA 	Keypress: a
676.2625 	DATA 	Keypress: a
676.6123 	DATA 	Keypress: a
676.7477 	DATA 	Keypress: lshift
676.7483 	DATA 	Keypress: t
676.7954 	DATA 	end CS
676.8976 	DATA 	vend.png
676.9958 	DATA 	Keypress: a
677.1954 	DATA 	Keypress: a
682.7460 	DATA 	Keypress: lshift
682.7473 	DATA 	Keypress: t
682.7955 	DATA 	end CS
682.8882 	DATA 	blue.png
683.6115 	DATA 	Keypress: b
683.7943 	DATA 	end CS
683.8834 	DATA 	vend.png
683.8837 	DATA 	Keypress: b
684.1292 	DATA 	Keypress: b
684.2958 	DATA 	Keypress: b
688.7480 	DATA 	Keypress: lshift
688.7486 	DATA 	Keypress: t
689.7954 	DATA 	end CS
689.8963 	DATA 	green.png
694.7468 	DATA 	Keypress: lshift
694.7475 	DATA 	Keypress: t
696.7956 	DATA 	end CS
696.8911 	DATA 	vend.png
700.7476 	DATA 	Keypress: lshift
700.7482 	DATA 	Keypress: t
702.7954 	DATA 	end CS
702.8972 	DATA 	yellow.png
706.7474 	DATA 	Keypress: lshift
706.7480 	DATA 	Keypress: t
712.7481 	DATA 	Keypress: lshift
712.7487 	DATA 	Keypress: t
713.7956 	DATA 	end CS
713.8906 	DATA 	vend.png
718.7478 	DATA 	Keypress: lshift
718.7484 	DATA 	Keypress: t
719.7953 	DATA 	end CS
719.8878 	DATA 	green.png
724.7481 	DATA 	Keypress: lshift
724.7487 	DATA 	Keypress: t
728.7954 	DATA 	end CS
728.9026 	DATA 	vend.png
730.7475 	DATA 	Keypress: lshift
730.7481 	DATA 	Keypress: t
734.7949 	DATA 	end CS
734.8895 	DATA 	red.png
736.2139 	DATA 	Keypress: a
736.6625 	DATA 	Keypress: a
736.7483 	DATA 	Keypress: lshift
736.7489 	DATA 	Keypress: t
736.8788 	DATA 	Keypress: a
737.0625 	DATA 	Keypress: a
737.2125 	DATA 	Keypress: a
737.5295 	DATA 	Keypress: a
737.7790 	DATA 	Keypress: a
737.9958 	DATA 	Keypress: a
738.1792 	DATA 	Keypress: a
738.4293 	DATA 	Keypress: a
738.6625 	DATA 	Keypress: a
738.8125 	DATA 	Keypress: a
739.1458 	DATA 	Keypress: a
739.6958 	DATA 	Keypress: a
739.9458 	DATA 	Keypress: a
740.2625 	DATA 	Keypress: a
740.4293 	DATA 	Keypress: a
740.7811 	DATA 	Keypress: a
741.0795 	DATA 	Keypress: a
741.3125 	DATA 	Keypress: a
741.5290 	DATA 	Keypress: a
741.8123 	DATA 	Keypress: a
742.0793 	DATA 	Keypress: a
742.5292 	DATA 	Keypress: a
742.6459 	DATA 	Keypress: a
742.7476 	DATA 	Keypress: lshift
742.7481 	DATA 	Keypress: t
742.7953 	DATA 	end CS
742.8959 	DATA 	vend.png
742.8963 	DATA 	Keypress: a
748.7483 	DATA 	Keypress: lshift
748.7489 	DATA 	Keypress: t
748.7957 	DATA 	end CS
748.8882 	DATA 	blue.png
749.8788 	DATA 	Keypress: b
750.1458 	DATA 	Keypress: b
750.4790 	DATA 	Keypress: b
750.6981 	DATA 	Keypress: b
751.0124 	DATA 	Keypress: b
751.2956 	DATA 	Keypress: b
751.5625 	DATA 	Keypress: b
751.8125 	DATA 	Keypress: b
752.1126 	DATA 	Keypress: b
752.3124 	DATA 	Keypress: b
752.5956 	DATA 	Keypress: b
753.0625 	DATA 	Keypress: b
753.2641 	DATA 	Keypress: b
753.4307 	DATA 	Keypress: b
753.6807 	DATA 	Keypress: b
753.8291 	DATA 	Keypress: b
754.1625 	DATA 	Keypress: b
754.3959 	DATA 	Keypress: b
754.5957 	DATA 	Keypress: b
754.7481 	DATA 	Keypress: lshift
754.7487 	DATA 	Keypress: t
754.7955 	DATA 	Keypress: b
755.0459 	DATA 	Keypress: b
755.3126 	DATA 	Keypress: b
755.4622 	DATA 	Keypress: b
755.8456 	DATA 	Keypress: b
756.3128 	DATA 	Keypress: b
756.7956 	DATA 	end CS
756.8871 	DATA 	vend.png
756.9245 	DATA 	Keypress: b
757.0961 	DATA 	Keypress: b
760.7474 	DATA 	Keypress: lshift
760.7483 	DATA 	Keypress: t
762.7957 	DATA 	end CS
762.8968 	DATA 	yellow.png
766.7482 	DATA 	Keypress: lshift
766.7488 	DATA 	Keypress: t
771.7957 	DATA 	end CS
771.8885 	DATA 	vend.png
772.7488 	DATA 	Keypress: lshift
772.7494 	DATA 	Keypress: t
777.7954 	DATA 	end CS
777.8965 	DATA 	red.png
778.7480 	DATA 	Keypress: lshift
778.7486 	DATA 	Keypress: t
779.6292 	DATA 	Keypress: a
779.9293 	DATA 	Keypress: a
780.1791 	DATA 	Keypress: a
780.3456 	DATA 	Keypress: a
780.6958 	DATA 	Keypress: a
780.9476 	DATA 	Keypress: a
781.1958 	DATA 	Keypress: a
781.4308 	DATA 	Keypress: a
781.6957 	DATA 	Keypress: a
781.8792 	DATA 	Keypress: a
782.0458 	DATA 	Keypress: a
782.3627 	DATA 	Keypress: a
782.8625 	DATA 	Keypress: a
783.0294 	DATA 	Keypress: a
783.4292 	DATA 	Keypress: a
783.6956 	DATA 	Keypress: a
784.0292 	DATA 	Keypress: a
784.2625 	DATA 	Keypress: a
784.5794 	DATA 	Keypress: a
784.7626 	DATA 	Keypress: lshift
784.7631 	DATA 	Keypress: t
784.8458 	DATA 	Keypress: a
785.1291 	DATA 	Keypress: a
785.2793 	DATA 	Keypress: a
785.4294 	DATA 	Keypress: a
785.7624 	DATA 	Keypress: a
786.2622 	DATA 	Keypress: a
786.4623 	DATA 	Keypress: a
786.6124 	DATA 	Keypress: a
786.8790 	DATA 	Keypress: a
787.0960 	DATA 	Keypress: a
787.4459 	DATA 	Keypress: a
787.7789 	DATA 	Keypress: a
787.7954 	DATA 	end CS
787.8901 	DATA 	vend.png
787.9940 	DATA 	Keypress: a
788.2976 	DATA 	Keypress: a
790.7483 	DATA 	Keypress: lshift
790.7489 	DATA 	Keypress: t
793.7954 	DATA 	end CS
793.8930 	DATA 	green.png
796.7623 	DATA 	Keypress: lshift
796.7629 	DATA 	Keypress: t
798.7955 	DATA 	end CS
798.8868 	DATA 	vend.png
802.7486 	DATA 	Keypress: lshift
802.7492 	DATA 	Keypress: t
804.7956 	DATA 	end CS
804.9007 	DATA 	blue.png
806.2956 	DATA 	Keypress: b
806.5290 	DATA 	Keypress: b
806.6962 	DATA 	Keypress: b
806.9793 	DATA 	Keypress: b
807.1291 	DATA 	Keypress: b
807.5126 	DATA 	Keypress: b
807.7458 	DATA 	Keypress: b
807.9293 	DATA 	Keypress: b
808.3459 	DATA 	Keypress: b
808.5958 	DATA 	Keypress: b
808.7625 	DATA 	Keypress: lshift
808.7631 	DATA 	Keypress: t
808.9458 	DATA 	Keypress: b
809.2289 	DATA 	Keypress: b
809.6959 	DATA 	Keypress: b
810.0291 	DATA 	Keypress: b
810.3289 	DATA 	Keypress: b
810.5123 	DATA 	Keypress: b
810.8460 	DATA 	Keypress: b
811.0790 	DATA 	Keypress: b
811.3293 	DATA 	Keypress: b
811.5626 	DATA 	Keypress: b
811.7791 	DATA 	Keypress: b
811.9459 	DATA 	Keypress: b
812.2957 	DATA 	Keypress: b
812.6127 	DATA 	Keypress: b
813.1129 	DATA 	Keypress: b
813.3122 	DATA 	Keypress: b
813.4958 	DATA 	Keypress: b
813.6458 	DATA 	Keypress: b
813.8979 	DATA 	Keypress: b
814.0790 	DATA 	Keypress: b
814.3959 	DATA 	Keypress: b
814.6792 	DATA 	Keypress: b
814.7485 	DATA 	Keypress: lshift
814.7491 	DATA 	Keypress: t
814.9460 	DATA 	Keypress: b
815.2290 	DATA 	Keypress: b
815.4644 	DATA 	Keypress: b
815.7126 	DATA 	Keypress: b
815.9456 	DATA 	Keypress: b
816.1956 	DATA 	Keypress: b
816.7292 	DATA 	Keypress: b
816.9125 	DATA 	Keypress: b
817.0625 	DATA 	Keypress: b
817.4959 	DATA 	Keypress: b
817.7459 	DATA 	Keypress: b
818.0124 	DATA 	Keypress: b
818.2792 	DATA 	Keypress: b
818.5957 	DATA 	Keypress: b
818.7957 	DATA 	end CS
818.8980 	DATA 	vend.png
818.8984 	DATA 	Keypress: b
820.7627 	DATA 	Keypress: lshift
820.7633 	DATA 	Keypress: t
824.7957 	DATA 	end CS
824.8871 	DATA 	yellow.png
826.7486 	DATA 	Keypress: lshift
826.7492 	DATA 	Keypress: t
831.7957 	DATA 	end CS
831.8900 	DATA 	vend.png
832.7624 	DATA 	Keypress: lshift
832.7630 	DATA 	Keypress: t
837.7956 	DATA 	end CS
837.8799 	DATA 	red.png
838.4795 	DATA 	Keypress: a
838.7488 	DATA 	Keypress: lshift
838.7494 	DATA 	Keypress: t
838.8289 	DATA 	Keypress: a
839.1957 	DATA 	Keypress: a
839.3789 	DATA 	Keypress: a
839.5976 	DATA 	Keypress: a
839.8292 	DATA 	Keypress: a
840.2292 	DATA 	Keypress: a
840.4126 	DATA 	Keypress: a
840.5627 	DATA 	Keypress: a
840.8292 	DATA 	Keypress: a
841.1791 	DATA 	Keypress: a
841.3956 	DATA 	Keypress: a
841.5956 	DATA 	Keypress: a
841.7959 	DATA 	Keypress: a
841.9958 	DATA 	Keypress: a
842.2961 	DATA 	Keypress: a
842.5293 	DATA 	Keypress: a
842.7291 	DATA 	Keypress: a
842.8979 	DATA 	Keypress: a
843.3477 	DATA 	Keypress: a
843.5795 	DATA 	Keypress: a
843.8292 	DATA 	Keypress: a
844.0289 	DATA 	Keypress: a
844.2957 	DATA 	Keypress: a
844.5955 	DATA 	Keypress: a
844.7624 	DATA 	Keypress: lshift
844.7630 	DATA 	Keypress: t
844.7645 	DATA 	Keypress: a
844.8958 	DATA 	Keypress: a
845.2456 	DATA 	Keypress: a
845.6461 	DATA 	Keypress: a
845.8145 	DATA 	Keypress: a
845.9625 	DATA 	Keypress: a
846.2958 	DATA 	Keypress: a
846.5126 	DATA 	Keypress: a
846.7789 	DATA 	Keypress: a
846.9292 	DATA 	Keypress: a
847.2964 	DATA 	Keypress: a
847.5293 	DATA 	Keypress: a
847.7290 	DATA 	Keypress: a
848.1477 	DATA 	Keypress: a
848.4290 	DATA 	Keypress: a
848.8959 	DATA 	Keypress: a
849.0474 	DATA 	Keypress: a
849.2125 	DATA 	Keypress: a
849.5291 	DATA 	Keypress: a
849.7789 	DATA 	Keypress: a
849.7957 	DATA 	end CS
849.8891 	DATA 	vend.png
850.0439 	DATA 	Keypress: a
850.7482 	DATA 	Keypress: lshift
850.7489 	DATA 	Keypress: t
855.7956 	DATA 	end CS
855.8853 	DATA 	blue.png
856.6979 	DATA 	Keypress: b
856.7626 	DATA 	Keypress: lshift
856.7631 	DATA 	Keypress: t
856.9791 	DATA 	Keypress: b
857.1791 	DATA 	Keypress: b
857.4458 	DATA 	Keypress: b
857.7458 	DATA 	Keypress: b
857.9962 	DATA 	Keypress: b
858.2792 	DATA 	Keypress: b
858.9126 	DATA 	Keypress: b
859.2790 	DATA 	Keypress: b
859.4956 	DATA 	Keypress: b
859.6791 	DATA 	Keypress: b
860.0459 	DATA 	Keypress: b
860.2963 	DATA 	Keypress: b
860.5478 	DATA 	Keypress: b
860.8626 	DATA 	Keypress: b
861.1123 	DATA 	Keypress: b
861.5623 	DATA 	Keypress: b
861.7954 	DATA 	end CS
861.8895 	DATA 	vend.png
861.8899 	DATA 	Keypress: b
862.7625 	DATA 	Keypress: lshift
862.7631 	DATA 	Keypress: t
867.7958 	DATA 	end CS
867.8881 	DATA 	green.png
868.7615 	DATA 	Keypress: lshift
868.7620 	DATA 	Keypress: t
873.7957 	DATA 	end CS
873.8912 	DATA 	vend.png
874.7625 	DATA 	Keypress: lshift
874.7631 	DATA 	Keypress: t
879.7957 	DATA 	end CS
879.8884 	DATA 	yellow.png
880.7624 	DATA 	Keypress: lshift
880.7629 	DATA 	Keypress: t
886.7623 	DATA 	Keypress: lshift
886.7629 	DATA 	Keypress: t
886.7957 	DATA 	end CS
886.8925 	DATA 	vend.png
892.7626 	DATA 	Keypress: lshift
892.7632 	DATA 	Keypress: t
892.7958 	DATA 	end CS
892.8884 	DATA 	red.png
893.5123 	DATA 	Keypress: a
893.7623 	DATA 	Keypress: a
894.0624 	DATA 	Keypress: a
894.2458 	DATA 	Keypress: a
894.6956 	DATA 	Keypress: a
894.8790 	DATA 	Keypress: a
895.0458 	DATA 	Keypress: a
895.2126 	DATA 	Keypress: a
895.7126 	DATA 	Keypress: a
895.8628 	DATA 	Keypress: a
896.3792 	DATA 	Keypress: a
896.6292 	DATA 	Keypress: a
896.8792 	DATA 	Keypress: a
897.1148 	DATA 	Keypress: a
897.4126 	DATA 	Keypress: a
898.0630 	DATA 	Keypress: a
898.6458 	DATA 	Keypress: a
898.7628 	DATA 	Keypress: lshift
898.7633 	DATA 	Keypress: t
898.8131 	DATA 	Keypress: a
899.0626 	DATA 	Keypress: a
899.2460 	DATA 	Keypress: a
899.4126 	DATA 	Keypress: a
899.6957 	DATA 	Keypress: a
899.7958 	DATA 	end CS
899.8927 	DATA 	vend.png
899.9246 	DATA 	Keypress: a
900.1315 	DATA 	Keypress: a
904.7624 	DATA 	Keypress: lshift
904.7630 	DATA 	Keypress: t
905.7956 	DATA 	end CS
905.8961 	DATA 	green.png
910.7626 	DATA 	Keypress: lshift
910.7632 	DATA 	Keypress: t
916.7624 	DATA 	Keypress: lshift
916.7630 	DATA 	Keypress: t
919.7957 	DATA 	end CS
919.8993 	DATA 	vend.png
922.7626 	DATA 	Keypress: lshift
922.7632 	DATA 	Keypress: t
925.7935 	DATA 	end CS
925.8754 	DATA 	blue.png
926.6977 	DATA 	Keypress: b
927.0646 	DATA 	Keypress: b
927.3459 	DATA 	Keypress: b
927.6457 	DATA 	Keypress: b
927.7958 	DATA 	end CS
927.8927 	DATA 	vend.png
927.9792 	DATA 	Keypress: b
928.2625 	DATA 	Keypress: b
928.7626 	DATA 	Keypress: lshift
928.7631 	DATA 	Keypress: t
933.7958 	DATA 	end CS
933.8910 	DATA 	yellow.png
934.7623 	DATA 	Keypress: lshift
934.7628 	DATA 	Keypress: t
940.7625 	DATA 	Keypress: lshift
940.7631 	DATA 	Keypress: t
941.7959 	DATA 	end CS
941.8930 	DATA 	vend.png
946.7626 	DATA 	Keypress: lshift
946.7632 	DATA 	Keypress: t
947.7958 	DATA 	end CS
947.8793 	DATA 	red.png
948.9626 	DATA 	Keypress: a
949.2316 	DATA 	Keypress: a
949.7960 	DATA 	Keypress: a
949.9978 	DATA 	Keypress: a
950.5626 	DATA 	Keypress: a
950.8126 	DATA 	Keypress: a
951.0798 	DATA 	Keypress: a
951.4124 	DATA 	Keypress: a
951.6624 	DATA 	Keypress: a
952.1955 	DATA 	Keypress: a
952.4625 	DATA 	Keypress: a
952.7625 	DATA 	Keypress: lshift
952.7631 	DATA 	Keypress: t
953.0125 	DATA 	Keypress: a
953.2459 	DATA 	Keypress: a
953.4958 	DATA 	Keypress: a
953.7459 	DATA 	Keypress: a
953.9792 	DATA 	Keypress: a
954.2122 	DATA 	Keypress: a
954.8462 	DATA 	Keypress: a
955.1477 	DATA 	Keypress: a
955.5960 	DATA 	Keypress: a
955.7456 	DATA 	Keypress: a
955.9789 	DATA 	Keypress: a
956.5295 	DATA 	Keypress: a
956.7625 	DATA 	Keypress: a
957.0458 	DATA 	Keypress: a
957.2958 	DATA 	Keypress: a
957.6125 	DATA 	Keypress: a
958.1959 	DATA 	Keypress: a
958.4625 	DATA 	Keypress: a
958.7626 	DATA 	Keypress: lshift
958.7632 	DATA 	Keypress: t
958.7956 	DATA 	end CS
958.8951 	DATA 	vend.png
959.0293 	DATA 	Keypress: a
959.3124 	DATA 	Keypress: a
964.7625 	DATA 	Keypress: lshift
964.7630 	DATA 	Keypress: t
964.7960 	DATA 	end CS
964.9017 	DATA 	green.png
965.7642 	DATA 	Keypress: b
970.7628 	DATA 	Keypress: lshift
970.7634 	DATA 	Keypress: t
976.7626 	DATA 	Keypress: lshift
976.7632 	DATA 	Keypress: t
978.7957 	DATA 	end CS
978.8887 	DATA 	vend.png
982.7627 	DATA 	Keypress: lshift
982.7633 	DATA 	Keypress: t
984.7958 	DATA 	end CS
984.8873 	DATA 	blue.png
985.7125 	DATA 	Keypress: b
986.0792 	DATA 	Keypress: b
986.3641 	DATA 	Keypress: b
986.9290 	DATA 	Keypress: b
987.3633 	DATA 	Keypress: b
987.8127 	DATA 	Keypress: b
988.2484 	DATA 	Keypress: b
988.7624 	DATA 	Keypress: lshift
988.7630 	DATA 	Keypress: t
988.8458 	DATA 	Keypress: b
989.1290 	DATA 	Keypress: b
989.6625 	DATA 	Keypress: b
989.9459 	DATA 	Keypress: b
990.4959 	DATA 	Keypress: b
990.7957 	DATA 	Keypress: b
991.3795 	DATA 	Keypress: b
991.6792 	DATA 	Keypress: b
992.2291 	DATA 	Keypress: b
992.4626 	DATA 	Keypress: b
992.7126 	DATA 	Keypress: b
992.9460 	DATA 	Keypress: b
993.1459 	DATA 	Keypress: b
993.3957 	DATA 	Keypress: b
993.7958 	DATA 	end CS
993.8969 	DATA 	vend.png
993.8973 	DATA 	Keypress: b
994.0958 	DATA 	Keypress: b
994.7628 	DATA 	Keypress: lshift
994.7633 	DATA 	Keypress: t
999.7955 	DATA 	end CS
999.8884 	DATA 	yellow.png
1000.7627 	DATA 	Keypress: lshift
1000.7632 	DATA 	Keypress: t
1006.7627 	DATA 	Keypress: lshift
1006.7633 	DATA 	Keypress: t
1012.7626 	DATA 	Keypress: lshift
1012.7631 	DATA 	Keypress: t
1013.7958 	DATA 	end CS
1013.9019 	DATA 	vend.png
1018.7626 	DATA 	Keypress: lshift
1018.7632 	DATA 	Keypress: t
1019.7958 	DATA 	end CS
1019.8925 	DATA 	red.png
1020.6962 	DATA 	Keypress: a
1020.9792 	DATA 	Keypress: a
1021.3294 	DATA 	Keypress: a
1021.8959 	DATA 	Keypress: a
1022.2126 	DATA 	Keypress: a
1022.8290 	DATA 	Keypress: a
1023.0459 	DATA 	Keypress: a
1023.4292 	DATA 	Keypress: a
1023.6458 	DATA 	Keypress: a
1024.0456 	DATA 	Keypress: a
1024.2625 	DATA 	Keypress: a
1024.7628 	DATA 	Keypress: lshift
1024.7634 	DATA 	Keypress: t
1024.7792 	DATA 	Keypress: a
1025.0126 	DATA 	Keypress: a
1025.2124 	DATA 	Keypress: a
1025.6647 	DATA 	Keypress: a
1025.8959 	DATA 	Keypress: a
1026.3625 	DATA 	Keypress: a
1026.5960 	DATA 	Keypress: a
1026.7961 	DATA 	Keypress: a
1027.0129 	DATA 	Keypress: a
1027.2289 	DATA 	Keypress: a
1027.4625 	DATA 	Keypress: a
1027.7959 	DATA 	end CS
1027.8927 	DATA 	vend.png
1028.0625 	DATA 	Keypress: a
1028.3124 	DATA 	Keypress: a
1030.7626 	DATA 	Keypress: lshift
1030.7632 	DATA 	Keypress: t
1033.7957 	DATA 	end CS
1033.8889 	DATA 	green.png
1036.7626 	DATA 	Keypress: lshift
1036.7632 	DATA 	Keypress: t
1042.7626 	DATA 	Keypress: lshift
1042.7632 	DATA 	Keypress: t
1043.7957 	DATA 	end CS
1043.8946 	DATA 	vend.png
1048.7626 	DATA 	Keypress: lshift
1048.7631 	DATA 	Keypress: t
1049.7959 	DATA 	end CS
1049.8904 	DATA 	blue.png
1050.7126 	DATA 	Keypress: b
1051.0290 	DATA 	Keypress: b
1051.3626 	DATA 	Keypress: b
1051.8790 	DATA 	Keypress: b
1052.5624 	DATA 	Keypress: b
1053.2478 	DATA 	Keypress: b
1053.5296 	DATA 	Keypress: b
1053.9125 	DATA 	Keypress: b
1054.4127 	DATA 	Keypress: b
1054.6124 	DATA 	Keypress: b
1054.7625 	DATA 	Keypress: lshift
1054.7631 	DATA 	Keypress: t
1054.9309 	DATA 	Keypress: b
1055.3123 	DATA 	Keypress: b
1055.4816 	DATA 	Keypress: b
1056.2477 	DATA 	Keypress: b
1056.5956 	DATA 	Keypress: b
1057.1292 	DATA 	Keypress: b
1057.2961 	DATA 	Keypress: b
1057.6459 	DATA 	Keypress: b
1057.9958 	DATA 	Keypress: b
1058.4124 	DATA 	Keypress: b
1058.8294 	DATA 	Keypress: b
1059.2124 	DATA 	Keypress: b
1059.6794 	DATA 	Keypress: b
1059.7958 	DATA 	end CS
1059.8877 	DATA 	vend.png
1060.7627 	DATA 	Keypress: lshift
1060.7633 	DATA 	Keypress: t
1065.7958 	DATA 	end CS
1065.8885 	DATA 	yellow.png
1066.7628 	DATA 	Keypress: lshift
1066.7633 	DATA 	Keypress: t
1072.7624 	DATA 	Keypress: lshift
1072.7630 	DATA 	Keypress: t
1072.7959 	DATA 	end CS
1072.8878 	DATA 	vend.png
1078.7629 	DATA 	Keypress: lshift
1078.7634 	DATA 	Keypress: t
1078.7957 	DATA 	end CS
1078.8918 	DATA 	red.png
1079.5126 	DATA 	Keypress: a
1079.7957 	DATA 	Keypress: a
1080.1792 	DATA 	Keypress: a
1080.7961 	DATA 	Keypress: a
1081.4292 	DATA 	Keypress: a
1082.0625 	DATA 	Keypress: a
1082.3458 	DATA 	Keypress: a
1082.6964 	DATA 	Keypress: a
1083.1793 	DATA 	Keypress: a
1083.3464 	DATA 	Keypress: a
1083.7463 	DATA 	Keypress: a
1084.1290 	DATA 	Keypress: a
1084.3123 	DATA 	Keypress: a
1084.7627 	DATA 	Keypress: lshift
1084.7633 	DATA 	Keypress: t
1085.0627 	DATA 	Keypress: a
1085.4123 	DATA 	Keypress: a
1085.9623 	DATA 	Keypress: a
1086.1302 	DATA 	Keypress: a
1086.5959 	DATA 	Keypress: a
1087.0623 	DATA 	Keypress: a
1087.2797 	DATA 	Keypress: a
1087.8294 	DATA 	Keypress: a
1088.3793 	DATA 	Keypress: a
1088.5627 	DATA 	Keypress: a
1088.7811 	DATA 	Keypress: a
1088.9958 	DATA 	Keypress: a
1089.1956 	DATA 	Keypress: a
1089.5792 	DATA 	Keypress: a
1089.7626 	DATA 	Keypress: a
1089.7959 	DATA 	end CS
1089.8912 	DATA 	vend.png
1089.9604 	DATA 	Keypress: a
1090.7624 	DATA 	Keypress: lshift
1090.7630 	DATA 	Keypress: t
1095.7959 	DATA 	end CS
1095.8935 	DATA 	blue.png
1096.6457 	DATA 	Keypress: b
1096.7624 	DATA 	Keypress: lshift
1096.7630 	DATA 	Keypress: t
1096.9647 	DATA 	Keypress: b
1097.1792 	DATA 	Keypress: b
1097.6296 	DATA 	Keypress: b
1097.9459 	DATA 	Keypress: b
1098.4626 	DATA 	Keypress: b
1098.6623 	DATA 	Keypress: b
1099.3627 	DATA 	Keypress: b
1099.6957 	DATA 	Keypress: b
1100.0626 	DATA 	Keypress: b
1100.4628 	DATA 	Keypress: b
1100.9298 	DATA 	Keypress: b
1101.1292 	DATA 	Keypress: b
1101.6296 	DATA 	Keypress: b
1101.8458 	DATA 	Keypress: b
1102.3961 	DATA 	Keypress: b
1102.5979 	DATA 	Keypress: b
1102.7626 	DATA 	Keypress: lshift
1102.7632 	DATA 	Keypress: t
1103.0624 	DATA 	Keypress: b
1103.5294 	DATA 	Keypress: b
1103.6962 	DATA 	Keypress: b
1104.1292 	DATA 	Keypress: b
1105.0295 	DATA 	Keypress: b
1105.3458 	DATA 	Keypress: b
1105.6460 	DATA 	Keypress: b
1105.9083 	DATA 	Keypress: b
1106.7459 	DATA 	Keypress: b
1106.7960 	DATA 	end CS
1106.8979 	DATA 	vend.png
1107.0792 	DATA 	Keypress: b
1108.7626 	DATA 	Keypress: lshift
1108.7632 	DATA 	Keypress: t
1112.7959 	DATA 	end CS
1112.8908 	DATA 	green.png
1114.7627 	DATA 	Keypress: lshift
1114.7632 	DATA 	Keypress: t
1116.7960 	DATA 	end CS
1116.8883 	DATA 	vend.png
1120.7626 	DATA 	Keypress: lshift
1120.7632 	DATA 	Keypress: t
1122.7959 	DATA 	end CS
1122.8923 	DATA 	yellow.png
1126.7626 	DATA 	Keypress: lshift
1126.7631 	DATA 	Keypress: t
1132.7627 	DATA 	Keypress: lshift
1132.7633 	DATA 	Keypress: t
1134.7961 	DATA 	end CS
1134.8904 	DATA 	vend.png
1138.7626 	DATA 	Keypress: lshift
1138.7631 	DATA 	Keypress: t
1140.7960 	DATA 	end CS
1140.8954 	DATA 	green.png
1144.7629 	DATA 	Keypress: lshift
1144.7634 	DATA 	Keypress: t
1150.7627 	DATA 	Keypress: lshift
1150.7633 	DATA 	Keypress: t
1150.7961 	DATA 	end CS
1150.8977 	DATA 	vend.png
1156.7627 	DATA 	Keypress: lshift
1156.7633 	DATA 	Keypress: t
1156.7958 	DATA 	end CS
1156.8962 	DATA 	red.png
1157.8126 	DATA 	Keypress: a
1158.1313 	DATA 	Keypress: a
1158.4627 	DATA 	Keypress: a
1158.9295 	DATA 	Keypress: a
1159.1791 	DATA 	Keypress: a
1159.4792 	DATA 	Keypress: a
1159.8298 	DATA 	Keypress: a
1160.1793 	DATA 	Keypress: a
1160.5623 	DATA 	Keypress: a
1160.9630 	DATA 	Keypress: a
1161.1792 	DATA 	Keypress: a
1161.3467 	DATA 	Keypress: a
1161.8126 	DATA 	Keypress: a
1162.0293 	DATA 	Keypress: a
1162.5477 	DATA 	Keypress: a
1162.7624 	DATA 	Keypress: lshift
1162.7630 	DATA 	Keypress: t
1162.8958 	DATA 	Keypress: a
1163.2293 	DATA 	Keypress: a
1163.4794 	DATA 	Keypress: a
1163.7129 	DATA 	Keypress: a
1164.1960 	DATA 	Keypress: a
1164.3960 	DATA 	Keypress: a
1165.1816 	DATA 	Keypress: a
1165.4459 	DATA 	Keypress: a
1165.7458 	DATA 	Keypress: a
1165.7961 	DATA 	end CS
1165.8921 	DATA 	vend.png
1166.0458 	DATA 	Keypress: a
1168.7626 	DATA 	Keypress: lshift
1168.7631 	DATA 	Keypress: t
1171.7960 	DATA 	end CS
1171.8855 	DATA 	blue.png
1172.6119 	DATA 	Keypress: b
1172.9284 	DATA 	Keypress: b
1173.3120 	DATA 	Keypress: b
1173.7627 	DATA 	Keypress: b
1174.1624 	DATA 	Keypress: b
1174.4294 	DATA 	Keypress: b
1174.7624 	DATA 	Keypress: lshift
1174.7630 	DATA 	Keypress: t
1174.9626 	DATA 	Keypress: b
1175.2293 	DATA 	Keypress: b
1175.6966 	DATA 	Keypress: b
1176.0293 	DATA 	Keypress: b
1176.4126 	DATA 	Keypress: b
1176.7461 	DATA 	Keypress: b
1177.0125 	DATA 	Keypress: b
1177.4462 	DATA 	Keypress: b
1177.7125 	DATA 	Keypress: b
1177.9795 	DATA 	Keypress: b
1178.5295 	DATA 	Keypress: b
1178.8624 	DATA 	Keypress: b
1179.3293 	DATA 	Keypress: b
1179.5292 	DATA 	Keypress: b
1179.9294 	DATA 	Keypress: b
1180.2960 	DATA 	Keypress: b
1180.6290 	DATA 	Keypress: b
1180.7624 	DATA 	Keypress: lshift
1180.7630 	DATA 	Keypress: t
1180.7958 	DATA 	end CS
1180.8913 	DATA 	vend.png
1180.9774 	DATA 	Keypress: b
1186.7626 	DATA 	Keypress: lshift
1186.7632 	DATA 	Keypress: t
1186.7960 	DATA 	end CS
1186.8868 	DATA 	yellow.png
1192.7625 	DATA 	Keypress: lshift
1192.7631 	DATA 	Keypress: t
1196.7958 	DATA 	end CS
1196.8903 	DATA 	vend.png
1198.7628 	DATA 	Keypress: lshift
1198.7634 	DATA 	Keypress: t
1202.7960 	DATA 	end CS
1202.8905 	DATA 	red.png
1203.3976 	DATA 	Keypress: a
1203.6792 	DATA 	Keypress: a
1204.0297 	DATA 	Keypress: a
1204.7627 	DATA 	Keypress: lshift
1204.7632 	DATA 	Keypress: t
1204.7648 	DATA 	Keypress: a
1205.4290 	DATA 	Keypress: a
1206.1458 	DATA 	Keypress: a
1206.3794 	DATA 	Keypress: a
1206.7123 	DATA 	Keypress: a
1207.2126 	DATA 	Keypress: a
1207.3957 	DATA 	Keypress: a
1207.7293 	DATA 	Keypress: a
1208.0959 	DATA 	Keypress: a
1208.2630 	DATA 	Keypress: a
1208.7959 	DATA 	end CS
1208.8911 	DATA 	vend.png
1208.9082 	DATA 	Keypress: a
1209.2128 	DATA 	Keypress: a
1210.7625 	DATA 	Keypress: lshift
1210.7631 	DATA 	Keypress: t
1214.7958 	DATA 	end CS
1214.8859 	DATA 	green.png
1216.7627 	DATA 	Keypress: lshift
1216.7633 	DATA 	Keypress: t
1219.7960 	DATA 	end CS
1219.8906 	DATA 	vend.png
1222.7628 	DATA 	Keypress: lshift
1222.7634 	DATA 	Keypress: t
1225.7961 	DATA 	end CS
1225.8914 	DATA 	blue.png
1226.9961 	DATA 	Keypress: b
1227.3810 	DATA 	Keypress: b
1227.7460 	DATA 	Keypress: b
1228.3299 	DATA 	Keypress: b
1228.7626 	DATA 	Keypress: lshift
1228.7632 	DATA 	Keypress: t
1228.8623 	DATA 	Keypress: b
1229.4128 	DATA 	Keypress: b
1229.6793 	DATA 	Keypress: b
1229.8960 	DATA 	Keypress: b
1230.2293 	DATA 	Keypress: b
1230.6957 	DATA 	Keypress: b
1230.8790 	DATA 	Keypress: b
1231.2127 	DATA 	Keypress: b
1231.6124 	DATA 	Keypress: b
1231.8126 	DATA 	Keypress: b
1231.9625 	DATA 	Keypress: b
1232.4625 	DATA 	Keypress: b
1232.8291 	DATA 	Keypress: b
1233.3123 	DATA 	Keypress: b
1233.5125 	DATA 	Keypress: b
1233.8484 	DATA 	Keypress: b
1234.3145 	DATA 	Keypress: b
1234.5292 	DATA 	Keypress: b
1234.7628 	DATA 	Keypress: lshift
1234.7634 	DATA 	Keypress: t
1234.9962 	DATA 	Keypress: b
1235.5791 	DATA 	Keypress: b
1235.7625 	DATA 	Keypress: b
1235.9627 	DATA 	Keypress: b
1236.1792 	DATA 	Keypress: b
1236.3624 	DATA 	Keypress: b
1236.5627 	DATA 	Keypress: b
1236.7458 	DATA 	Keypress: b
1236.9292 	DATA 	Keypress: b
1237.2293 	DATA 	Keypress: b
1237.7124 	DATA 	Keypress: b
1238.8959 	DATA 	Keypress: b
1239.2626 	DATA 	Keypress: b
1239.8796 	DATA 	Keypress: b
1240.0795 	DATA 	Keypress: b
1240.6814 	DATA 	Keypress: b
1240.7628 	DATA 	Keypress: lshift
1240.7634 	DATA 	Keypress: t
1240.7960 	DATA 	end CS
1240.8975 	DATA 	vend.png
1240.8979 	DATA 	Keypress: b
1241.1790 	DATA 	Keypress: b
1246.7628 	DATA 	Keypress: lshift
1246.7635 	DATA 	Keypress: t
1246.7960 	DATA 	end CS
1246.9022 	DATA 	yellow.png
1252.7625 	DATA 	Keypress: lshift
1252.7631 	DATA 	Keypress: t
1254.7962 	DATA 	end CS
1254.8794 	DATA 	vend.png
1260.7960 	DATA 	end CS
1867.3983 	DATA 	Mouse: Left button down, pos=(248,490)
1867.4916 	DATA 	Mouse:  Left button up, pos=(248,490)
1898.6977 	DATA 	Keypress: escape
