1.6164 	ERROR 	avbin.dll failed to load. Try importing psychopy.visual
  as the first library (before anything that uses scipy)
  and make sure that avbin is installed.
202.8212 	DATA 	Keypress: space
202.8218 	DATA 	waiting for trigger
218.9878 	DATA 	Keypress: lshift
218.9883 	DATA 	Keypress: t
218.9899 	DATA 	TRIGGERED
221.9878 	DATA 	Keypress: lshift
221.9884 	DATA 	Keypress: t
224.9880 	DATA 	Keypress: lshift
224.9886 	DATA 	Keypress: t
227.9882 	DATA 	Keypress: lshift
227.9887 	DATA 	Keypress: t
229.1402 	DATA 	red.png
230.9880 	DATA 	Keypress: lshift
230.9886 	DATA 	Keypress: t
231.5546 	DATA 	Keypress: a
232.2879 	DATA 	Keypress: a
232.6711 	DATA 	Keypress: a
233.5881 	DATA 	Keypress: a
233.8216 	DATA 	Keypress: a
233.9879 	DATA 	Keypress: lshift
233.9885 	DATA 	Keypress: t
234.2213 	DATA 	Keypress: a
234.7548 	DATA 	Keypress: a
235.0547 	DATA 	Keypress: a
235.3045 	DATA 	Keypress: a
235.5212 	DATA 	Keypress: a
236.1381 	DATA 	Keypress: a
236.3898 	DATA 	Keypress: a
236.6046 	DATA 	Keypress: a
236.7881 	DATA 	Keypress: a
236.9878 	DATA 	Keypress: lshift
236.9883 	DATA 	Keypress: t
237.0375 	DATA 	end CS
237.1519 	DATA 	vend.png
239.9883 	DATA 	Keypress: lshift
239.9888 	DATA 	Keypress: t
242.9882 	DATA 	Keypress: lshift
242.9888 	DATA 	Keypress: t
243.0543 	DATA 	end CS
243.1533 	DATA 	blue.png
243.9714 	DATA 	Keypress: b
244.3711 	DATA 	Keypress: b
244.6047 	DATA 	Keypress: b
245.2212 	DATA 	Keypress: b
245.7048 	DATA 	Keypress: b
245.9879 	DATA 	Keypress: lshift
245.9885 	DATA 	Keypress: t
246.2381 	DATA 	Keypress: b
246.4713 	DATA 	Keypress: b
246.7045 	DATA 	Keypress: b
246.9546 	DATA 	Keypress: b
247.5231 	DATA 	Keypress: b
247.7715 	DATA 	Keypress: b
248.0046 	DATA 	Keypress: b
248.5716 	DATA 	Keypress: b
248.9883 	DATA 	Keypress: lshift
248.9889 	DATA 	Keypress: t
249.2379 	DATA 	Keypress: b
249.7712 	DATA 	Keypress: b
250.1048 	DATA 	Keypress: b
250.3894 	DATA 	Keypress: b
251.0213 	DATA 	Keypress: b
251.8715 	DATA 	Keypress: b
251.9882 	DATA 	Keypress: lshift
251.9888 	DATA 	Keypress: t
252.7045 	DATA 	Keypress: b
253.3380 	DATA 	Keypress: b
253.9049 	DATA 	Keypress: b
254.3546 	DATA 	Keypress: b
254.9046 	DATA 	Keypress: b
254.9881 	DATA 	Keypress: lshift
254.9886 	DATA 	Keypress: t
255.9050 	DATA 	Keypress: b
256.2230 	DATA 	Keypress: b
256.6380 	DATA 	Keypress: b
257.0881 	DATA 	Keypress: b
257.5718 	DATA 	Keypress: b
257.9879 	DATA 	Keypress: lshift
257.9885 	DATA 	Keypress: t
258.0543 	DATA 	end CS
258.1436 	DATA 	vend.png
258.1439 	DATA 	Keypress: b
260.9882 	DATA 	Keypress: lshift
260.9888 	DATA 	Keypress: t
263.9881 	DATA 	Keypress: lshift
263.9886 	DATA 	Keypress: t
264.0543 	DATA 	end CS
264.1539 	DATA 	green.png
266.9882 	DATA 	Keypress: lshift
266.9888 	DATA 	Keypress: t
269.9882 	DATA 	Keypress: lshift
269.9887 	DATA 	Keypress: t
270.0542 	DATA 	end CS
270.1434 	DATA 	vend.png
272.9883 	DATA 	Keypress: lshift
272.9888 	DATA 	Keypress: t
275.9883 	DATA 	Keypress: lshift
275.9890 	DATA 	Keypress: t
276.0542 	DATA 	end CS
276.1603 	DATA 	yellow.png
278.9879 	DATA 	Keypress: lshift
278.9885 	DATA 	Keypress: t
281.9883 	DATA 	Keypress: lshift
281.9888 	DATA 	Keypress: t
283.0544 	DATA 	end CS
283.1584 	DATA 	vend.png
284.9881 	DATA 	Keypress: lshift
284.9887 	DATA 	Keypress: t
287.9882 	DATA 	Keypress: lshift
287.9887 	DATA 	Keypress: t
289.0544 	DATA 	end CS
289.1456 	DATA 	red.png
290.9882 	DATA 	Keypress: lshift
290.9887 	DATA 	Keypress: t
291.0064 	DATA 	Keypress: a
291.5384 	DATA 	Keypress: a
291.7379 	DATA 	Keypress: a
291.9214 	DATA 	Keypress: a
292.1548 	DATA 	Keypress: a
292.6548 	DATA 	Keypress: a
293.0393 	DATA 	Keypress: a
293.3900 	DATA 	Keypress: a
293.7547 	DATA 	Keypress: a
293.9883 	DATA 	Keypress: lshift
293.9888 	DATA 	Keypress: t
294.3879 	DATA 	Keypress: a
294.6049 	DATA 	Keypress: a
295.4404 	DATA 	Keypress: a
295.6879 	DATA 	Keypress: a
295.8885 	DATA 	Keypress: a
296.0714 	DATA 	Keypress: a
296.9046 	DATA 	Keypress: a
296.9882 	DATA 	Keypress: lshift
296.9887 	DATA 	Keypress: t
297.4217 	DATA 	Keypress: a
298.0546 	DATA 	Keypress: a
298.2717 	DATA 	Keypress: a
298.5049 	DATA 	Keypress: a
299.0543 	DATA 	end CS
299.1425 	DATA 	vend.png
299.2859 	DATA 	Keypress: a
299.9882 	DATA 	Keypress: lshift
299.9887 	DATA 	Keypress: t
302.9883 	DATA 	Keypress: lshift
302.9888 	DATA 	Keypress: t
305.0544 	DATA 	end CS
305.1515 	DATA 	green.png
305.9881 	DATA 	Keypress: lshift
305.9887 	DATA 	Keypress: t
308.9882 	DATA 	Keypress: lshift
308.9888 	DATA 	Keypress: t
311.9880 	DATA 	Keypress: lshift
311.9886 	DATA 	Keypress: t
314.9883 	DATA 	Keypress: lshift
314.9888 	DATA 	Keypress: t
317.9883 	DATA 	Keypress: lshift
317.9889 	DATA 	Keypress: t
319.0543 	DATA 	end CS
319.1491 	DATA 	vend.png
320.9881 	DATA 	Keypress: lshift
320.9886 	DATA 	Keypress: t
323.9882 	DATA 	Keypress: lshift
323.9888 	DATA 	Keypress: t
325.0544 	DATA 	end CS
325.1469 	DATA 	blue.png
326.7547 	DATA 	Keypress: b
326.9879 	DATA 	Keypress: lshift
326.9885 	DATA 	Keypress: t
327.0545 	DATA 	end CS
327.1359 	DATA 	vend.png
327.3198 	DATA 	Keypress: b
327.5713 	DATA 	Keypress: b
327.7878 	DATA 	Keypress: b
328.0049 	DATA 	Keypress: b
329.9880 	DATA 	Keypress: lshift
329.9886 	DATA 	Keypress: t
332.9883 	DATA 	Keypress: lshift
332.9889 	DATA 	Keypress: t
333.0544 	DATA 	end CS
333.1555 	DATA 	yellow.png
335.9884 	DATA 	Keypress: lshift
335.9890 	DATA 	Keypress: t
338.9883 	DATA 	Keypress: lshift
338.9889 	DATA 	Keypress: t
341.0546 	DATA 	end CS
341.1446 	DATA 	vend.png
341.9882 	DATA 	Keypress: lshift
341.9888 	DATA 	Keypress: t
344.9881 	DATA 	Keypress: lshift
344.9887 	DATA 	Keypress: t
347.0544 	DATA 	end CS
347.1382 	DATA 	red.png
347.9881 	DATA 	Keypress: lshift
347.9886 	DATA 	Keypress: t
348.1048 	DATA 	Keypress: a
348.6215 	DATA 	Keypress: a
348.8212 	DATA 	Keypress: a
349.0381 	DATA 	Keypress: a
349.2380 	DATA 	Keypress: a
349.4064 	DATA 	Keypress: a
349.5885 	DATA 	Keypress: a
349.7718 	DATA 	Keypress: a
349.9715 	DATA 	Keypress: a
350.1712 	DATA 	Keypress: a
350.3382 	DATA 	Keypress: a
350.5547 	DATA 	Keypress: a
350.7381 	DATA 	Keypress: a
350.9546 	DATA 	Keypress: a
350.9883 	DATA 	Keypress: lshift
350.9888 	DATA 	Keypress: t
351.1382 	DATA 	Keypress: a
351.3378 	DATA 	Keypress: a
351.5381 	DATA 	Keypress: a
351.9396 	DATA 	Keypress: a
352.1714 	DATA 	Keypress: a
352.3547 	DATA 	Keypress: a
352.7549 	DATA 	Keypress: a
352.9547 	DATA 	Keypress: a
353.1381 	DATA 	Keypress: a
353.3547 	DATA 	Keypress: a
353.5548 	DATA 	Keypress: a
353.9881 	DATA 	Keypress: lshift
353.9887 	DATA 	Keypress: t
354.1881 	DATA 	Keypress: a
354.4053 	DATA 	Keypress: a
354.6048 	DATA 	Keypress: a
355.0714 	DATA 	Keypress: a
355.2715 	DATA 	Keypress: a
355.4546 	DATA 	Keypress: a
355.9885 	DATA 	Keypress: a
356.0545 	DATA 	end CS
356.1384 	DATA 	vend.png
356.2194 	DATA 	Keypress: a
356.4051 	DATA 	Keypress: a
356.6047 	DATA 	Keypress: a
356.9884 	DATA 	Keypress: lshift
356.9890 	DATA 	Keypress: t
359.9881 	DATA 	Keypress: lshift
359.9886 	DATA 	Keypress: t
362.0544 	DATA 	end CS
362.1543 	DATA 	green.png
362.9883 	DATA 	Keypress: lshift
362.9888 	DATA 	Keypress: t
365.9883 	DATA 	Keypress: lshift
365.9888 	DATA 	Keypress: t
368.9885 	DATA 	Keypress: lshift
368.9890 	DATA 	Keypress: t
371.9880 	DATA 	Keypress: lshift
371.9885 	DATA 	Keypress: t
374.9883 	DATA 	Keypress: lshift
374.9888 	DATA 	Keypress: t
376.0544 	DATA 	end CS
376.1491 	DATA 	vend.png
377.9883 	DATA 	Keypress: lshift
377.9888 	DATA 	Keypress: t
380.9880 	DATA 	Keypress: lshift
380.9887 	DATA 	Keypress: t
382.0546 	DATA 	end CS
382.1466 	DATA 	blue.png
383.2218 	DATA 	Keypress: b
383.7716 	DATA 	Keypress: b
383.9881 	DATA 	Keypress: lshift
383.9887 	DATA 	Keypress: t
384.0217 	DATA 	Keypress: b
384.7048 	DATA 	Keypress: b
385.1547 	DATA 	Keypress: b
385.6717 	DATA 	Keypress: b
385.9216 	DATA 	Keypress: b
386.1550 	DATA 	Keypress: b
386.3731 	DATA 	Keypress: b
386.6051 	DATA 	Keypress: b
386.9882 	DATA 	Keypress: lshift
386.9888 	DATA 	Keypress: t
387.3380 	DATA 	Keypress: b
387.5550 	DATA 	Keypress: b
387.7712 	DATA 	Keypress: b
388.2546 	DATA 	Keypress: b
388.4715 	DATA 	Keypress: b
388.7047 	DATA 	Keypress: b
389.2214 	DATA 	Keypress: b
389.5396 	DATA 	Keypress: b
389.9381 	DATA 	Keypress: b
389.9883 	DATA 	Keypress: lshift
389.9889 	DATA 	Keypress: t
390.1884 	DATA 	Keypress: b
390.7715 	DATA 	Keypress: b
391.0546 	DATA 	end CS
391.1464 	DATA 	vend.png
391.3047 	DATA 	Keypress: b
392.9880 	DATA 	Keypress: lshift
392.9886 	DATA 	Keypress: t
395.9881 	DATA 	Keypress: lshift
395.9887 	DATA 	Keypress: t
397.0547 	DATA 	end CS
397.1413 	DATA 	yellow.png
398.9886 	DATA 	Keypress: lshift
398.9892 	DATA 	Keypress: t
401.9883 	DATA 	Keypress: lshift
401.9889 	DATA 	Keypress: t
404.9884 	DATA 	Keypress: lshift
404.9890 	DATA 	Keypress: t
407.9882 	DATA 	Keypress: lshift
407.9888 	DATA 	Keypress: t
410.9885 	DATA 	Keypress: lshift
410.9891 	DATA 	Keypress: t
411.0547 	DATA 	end CS
411.1559 	DATA 	vend.png
413.9882 	DATA 	Keypress: lshift
413.9887 	DATA 	Keypress: t
416.9881 	DATA 	Keypress: lshift
416.9887 	DATA 	Keypress: t
417.0546 	DATA 	end CS
417.1422 	DATA 	red.png
418.0239 	DATA 	Keypress: a
418.2881 	DATA 	Keypress: a
418.5548 	DATA 	Keypress: a
418.7880 	DATA 	Keypress: a
419.0714 	DATA 	Keypress: a
419.7546 	DATA 	Keypress: a
419.9214 	DATA 	Keypress: a
419.9881 	DATA 	Keypress: lshift
419.9887 	DATA 	Keypress: t
420.0715 	DATA 	Keypress: a
420.3715 	DATA 	Keypress: a
420.6213 	DATA 	Keypress: a
420.8716 	DATA 	Keypress: a
421.1699 	DATA 	Keypress: a
421.8215 	DATA 	Keypress: a
422.0882 	DATA 	Keypress: a
422.3402 	DATA 	Keypress: a
422.6048 	DATA 	Keypress: a
422.9214 	DATA 	Keypress: a
422.9880 	DATA 	Keypress: lshift
422.9885 	DATA 	Keypress: t
423.5716 	DATA 	Keypress: a
424.0050 	DATA 	Keypress: a
424.1714 	DATA 	Keypress: a
424.4218 	DATA 	Keypress: a
424.7216 	DATA 	Keypress: a
425.3736 	DATA 	Keypress: a
425.6711 	DATA 	Keypress: a
425.9399 	DATA 	Keypress: a
425.9882 	DATA 	Keypress: lshift
425.9888 	DATA 	Keypress: t
426.2217 	DATA 	Keypress: a
426.5048 	DATA 	Keypress: a
427.1050 	DATA 	Keypress: a
427.2890 	DATA 	Keypress: a
427.5383 	DATA 	Keypress: a
427.7715 	DATA 	Keypress: a
428.0214 	DATA 	Keypress: a
428.2550 	DATA 	Keypress: a
428.9883 	DATA 	Keypress: lshift
428.9889 	DATA 	Keypress: t
429.0215 	DATA 	Keypress: a
429.3064 	DATA 	Keypress: a
429.5880 	DATA 	Keypress: a
430.0051 	DATA 	Keypress: a
430.1547 	DATA 	Keypress: a
430.4050 	DATA 	Keypress: a
430.6548 	DATA 	Keypress: a
431.0546 	DATA 	end CS
431.1534 	DATA 	vend.png
431.1538 	DATA 	Keypress: a
431.4048 	DATA 	Keypress: a
431.9879 	DATA 	Keypress: lshift
431.9884 	DATA 	Keypress: t
434.9881 	DATA 	Keypress: lshift
434.9886 	DATA 	Keypress: t
437.0545 	DATA 	end CS
437.1465 	DATA 	green.png
437.9882 	DATA 	Keypress: lshift
437.9889 	DATA 	Keypress: t
440.9882 	DATA 	Keypress: lshift
440.9888 	DATA 	Keypress: t
443.9883 	DATA 	Keypress: lshift
443.9889 	DATA 	Keypress: t
446.0548 	DATA 	end CS
446.1461 	DATA 	vend.png
446.9884 	DATA 	Keypress: lshift
446.9892 	DATA 	Keypress: t
449.9886 	DATA 	Keypress: lshift
449.9892 	DATA 	Keypress: t
452.0546 	DATA 	end CS
452.1466 	DATA 	blue.png
452.8383 	DATA 	Keypress: b
452.9882 	DATA 	Keypress: lshift
452.9888 	DATA 	Keypress: t
453.3213 	DATA 	Keypress: b
453.5047 	DATA 	Keypress: b
454.0714 	DATA 	Keypress: b
454.5384 	DATA 	Keypress: b
454.8065 	DATA 	Keypress: b
455.1215 	DATA 	Keypress: b
455.5884 	DATA 	Keypress: b
455.8550 	DATA 	Keypress: b
455.9883 	DATA 	Keypress: lshift
455.9888 	DATA 	Keypress: t
456.1216 	DATA 	Keypress: b
456.6549 	DATA 	Keypress: b
456.9049 	DATA 	Keypress: b
457.1905 	DATA 	Keypress: b
457.6048 	DATA 	Keypress: b
457.7548 	DATA 	Keypress: b
458.4219 	DATA 	Keypress: b
458.6719 	DATA 	Keypress: b
458.9399 	DATA 	Keypress: b
458.9884 	DATA 	Keypress: lshift
458.9890 	DATA 	Keypress: t
459.3882 	DATA 	Keypress: b
459.8069 	DATA 	Keypress: b
460.0717 	DATA 	Keypress: b
460.3383 	DATA 	Keypress: b
460.5215 	DATA 	Keypress: b
460.6882 	DATA 	Keypress: b
460.9714 	DATA 	Keypress: b
461.0547 	DATA 	end CS
461.1435 	DATA 	vend.png
461.2358 	DATA 	Keypress: b
461.9882 	DATA 	Keypress: lshift
461.9888 	DATA 	Keypress: t
464.9884 	DATA 	Keypress: lshift
464.9889 	DATA 	Keypress: t
467.0547 	DATA 	end CS
467.1434 	DATA 	yellow.png
467.9882 	DATA 	Keypress: lshift
467.9888 	DATA 	Keypress: t
470.9882 	DATA 	Keypress: lshift
470.9888 	DATA 	Keypress: t
473.0546 	DATA 	end CS
473.1577 	DATA 	vend.png
473.9884 	DATA 	Keypress: lshift
473.9890 	DATA 	Keypress: t
476.9885 	DATA 	Keypress: lshift
476.9890 	DATA 	Keypress: t
479.0549 	DATA 	end CS
479.1510 	DATA 	red.png
479.9883 	DATA 	Keypress: lshift
479.9890 	DATA 	Keypress: t
480.3381 	DATA 	Keypress: a
480.8382 	DATA 	Keypress: a
481.3551 	DATA 	Keypress: a
481.6717 	DATA 	Keypress: a
482.2881 	DATA 	Keypress: a
482.4714 	DATA 	Keypress: a
482.6214 	DATA 	Keypress: a
482.8715 	DATA 	Keypress: a
482.9884 	DATA 	Keypress: lshift
482.9889 	DATA 	Keypress: t
483.1216 	DATA 	Keypress: a
483.4048 	DATA 	Keypress: a
483.6883 	DATA 	Keypress: a
484.3217 	DATA 	Keypress: a
484.7205 	DATA 	Keypress: a
484.9050 	DATA 	Keypress: a
485.1884 	DATA 	Keypress: a
485.5051 	DATA 	Keypress: a
485.9885 	DATA 	Keypress: lshift
485.9890 	DATA 	Keypress: t
486.1053 	DATA 	Keypress: a
486.3736 	DATA 	Keypress: a
486.6550 	DATA 	Keypress: a
486.9050 	DATA 	Keypress: a
487.1880 	DATA 	Keypress: a
487.8382 	DATA 	Keypress: a
488.1047 	DATA 	Keypress: a
488.3881 	DATA 	Keypress: a
488.6398 	DATA 	Keypress: a
488.9215 	DATA 	Keypress: a
488.9881 	DATA 	Keypress: lshift
488.9887 	DATA 	Keypress: t
489.0550 	DATA 	end CS
489.1604 	DATA 	vend.png
489.3881 	DATA 	Keypress: a
491.9882 	DATA 	Keypress: lshift
491.9888 	DATA 	Keypress: t
494.9884 	DATA 	Keypress: lshift
494.9890 	DATA 	Keypress: t
495.0547 	DATA 	end CS
495.1435 	DATA 	blue.png
495.8204 	DATA 	Keypress: b
496.0549 	DATA 	end CS
496.1434 	DATA 	vend.png
496.3555 	DATA 	Keypress: b
497.9885 	DATA 	Keypress: lshift
497.9890 	DATA 	Keypress: t
500.9884 	DATA 	Keypress: lshift
500.9889 	DATA 	Keypress: t
502.0548 	DATA 	end CS
502.1430 	DATA 	green.png
503.9884 	DATA 	Keypress: lshift
503.9890 	DATA 	Keypress: t
506.9886 	DATA 	Keypress: lshift
506.9892 	DATA 	Keypress: t
509.0548 	DATA 	end CS
509.1469 	DATA 	vend.png
509.9883 	DATA 	Keypress: lshift
509.9888 	DATA 	Keypress: t
512.9884 	DATA 	Keypress: lshift
512.9890 	DATA 	Keypress: t
515.0547 	DATA 	end CS
515.1441 	DATA 	yellow.png
515.9882 	DATA 	Keypress: lshift
515.9888 	DATA 	Keypress: t
518.9883 	DATA 	Keypress: lshift
518.9889 	DATA 	Keypress: t
521.9884 	DATA 	Keypress: lshift
521.9889 	DATA 	Keypress: t
524.9880 	DATA 	Keypress: lshift
524.9886 	DATA 	Keypress: t
526.0549 	DATA 	end CS
526.1456 	DATA 	vend.png
527.9885 	DATA 	Keypress: lshift
527.9891 	DATA 	Keypress: t
530.9884 	DATA 	Keypress: lshift
530.9889 	DATA 	Keypress: t
532.0549 	DATA 	end CS
532.1523 	DATA 	green.png
533.9884 	DATA 	Keypress: lshift
533.9890 	DATA 	Keypress: t
536.9884 	DATA 	Keypress: lshift
536.9889 	DATA 	Keypress: t
539.9888 	DATA 	Keypress: lshift
539.9893 	DATA 	Keypress: t
541.0548 	DATA 	end CS
541.1559 	DATA 	vend.png
542.9882 	DATA 	Keypress: lshift
542.9888 	DATA 	Keypress: t
545.9885 	DATA 	Keypress: lshift
545.9890 	DATA 	Keypress: t
547.0550 	DATA 	end CS
547.1327 	DATA 	red.png
547.7883 	DATA 	Keypress: a
548.2882 	DATA 	Keypress: a
548.5051 	DATA 	Keypress: a
548.8383 	DATA 	Keypress: a
548.9882 	DATA 	Keypress: lshift
548.9888 	DATA 	Keypress: t
549.1716 	DATA 	Keypress: a
549.5215 	DATA 	Keypress: a
550.2715 	DATA 	Keypress: a
550.6884 	DATA 	Keypress: a
551.0235 	DATA 	Keypress: a
551.7383 	DATA 	Keypress: a
551.9885 	DATA 	Keypress: lshift
551.9890 	DATA 	Keypress: t
552.1384 	DATA 	Keypress: a
552.7217 	DATA 	Keypress: a
553.3716 	DATA 	Keypress: a
553.9383 	DATA 	Keypress: a
554.1217 	DATA 	Keypress: a
554.4715 	DATA 	Keypress: a
554.7715 	DATA 	Keypress: a
554.9884 	DATA 	Keypress: lshift
554.9891 	DATA 	Keypress: t
555.0548 	DATA 	end CS
555.1402 	DATA 	vend.png
555.1672 	DATA 	Keypress: a
557.9883 	DATA 	Keypress: lshift
557.9889 	DATA 	Keypress: t
560.9884 	DATA 	Keypress: lshift
560.9890 	DATA 	Keypress: t
561.0548 	DATA 	end CS
561.1468 	DATA 	blue.png
561.7884 	DATA 	Keypress: b
562.1737 	DATA 	Keypress: b
562.7383 	DATA 	Keypress: b
563.2718 	DATA 	Keypress: b
563.6051 	DATA 	Keypress: b
563.8718 	DATA 	Keypress: b
563.9885 	DATA 	Keypress: lshift
563.9890 	DATA 	Keypress: t
564.1050 	DATA 	Keypress: b
564.2549 	DATA 	Keypress: b
564.4381 	DATA 	Keypress: b
564.9380 	DATA 	Keypress: b
565.2719 	DATA 	Keypress: b
565.9549 	DATA 	Keypress: b
566.6051 	DATA 	Keypress: b
566.8720 	DATA 	Keypress: b
566.9883 	DATA 	Keypress: lshift
566.9890 	DATA 	Keypress: t
567.3552 	DATA 	Keypress: b
567.8220 	DATA 	Keypress: b
568.1733 	DATA 	Keypress: b
568.7382 	DATA 	Keypress: b
569.0216 	DATA 	Keypress: b
569.0549 	DATA 	end CS
569.1452 	DATA 	vend.png
569.2366 	DATA 	Keypress: b
569.9883 	DATA 	Keypress: lshift
569.9889 	DATA 	Keypress: t
572.9884 	DATA 	Keypress: lshift
572.9891 	DATA 	Keypress: t
575.0550 	DATA 	end CS
575.1463 	DATA 	yellow.png
575.9883 	DATA 	Keypress: lshift
575.9889 	DATA 	Keypress: t
578.9883 	DATA 	Keypress: lshift
578.9893 	DATA 	Keypress: t
581.9887 	DATA 	Keypress: lshift
581.9893 	DATA 	Keypress: t
584.0550 	DATA 	end CS
584.1586 	DATA 	vend.png
584.9884 	DATA 	Keypress: lshift
584.9890 	DATA 	Keypress: t
587.9883 	DATA 	Keypress: lshift
587.9888 	DATA 	Keypress: t
590.0550 	DATA 	end CS
590.1360 	DATA 	red.png
590.9882 	DATA 	Keypress: lshift
590.9887 	DATA 	Keypress: t
591.1883 	DATA 	Keypress: a
591.6572 	DATA 	Keypress: a
591.9716 	DATA 	Keypress: a
592.3049 	DATA 	Keypress: a
592.6548 	DATA 	Keypress: a
593.0216 	DATA 	Keypress: a
593.5886 	DATA 	Keypress: a
593.9551 	DATA 	Keypress: a
593.9882 	DATA 	Keypress: lshift
593.9887 	DATA 	Keypress: t
594.3384 	DATA 	Keypress: a
594.8905 	DATA 	Keypress: a
595.2714 	DATA 	Keypress: a
595.8385 	DATA 	Keypress: a
596.3885 	DATA 	Keypress: a
596.8717 	DATA 	Keypress: a
596.9882 	DATA 	Keypress: lshift
596.9887 	DATA 	Keypress: t
597.0551 	DATA 	Keypress: a
597.3382 	DATA 	Keypress: a
597.6883 	DATA 	Keypress: a
598.1717 	DATA 	Keypress: a
598.6882 	DATA 	Keypress: a
599.2048 	DATA 	Keypress: a
599.3882 	DATA 	Keypress: a
599.5883 	DATA 	Keypress: a
599.9382 	DATA 	Keypress: a
599.9885 	DATA 	Keypress: lshift
599.9891 	DATA 	Keypress: t
600.0549 	DATA 	end CS
600.1539 	DATA 	vend.png
600.1543 	DATA 	Keypress: a
602.9882 	DATA 	Keypress: lshift
602.9888 	DATA 	Keypress: t
605.9883 	DATA 	Keypress: lshift
605.9889 	DATA 	Keypress: t
606.0549 	DATA 	end CS
606.1518 	DATA 	green.png
608.9883 	DATA 	Keypress: lshift
608.9888 	DATA 	Keypress: t
611.0551 	DATA 	end CS
611.1349 	DATA 	vend.png
611.9885 	DATA 	Keypress: lshift
611.9890 	DATA 	Keypress: t
614.9885 	DATA 	Keypress: lshift
614.9890 	DATA 	Keypress: t
617.0553 	DATA 	end CS
617.1444 	DATA 	blue.png
617.9219 	DATA 	Keypress: b
617.9885 	DATA 	Keypress: lshift
617.9891 	DATA 	Keypress: t
618.3215 	DATA 	Keypress: b
619.1552 	DATA 	Keypress: b
619.4384 	DATA 	Keypress: b
619.8720 	DATA 	Keypress: b
620.2884 	DATA 	Keypress: b
620.6221 	DATA 	Keypress: b
620.9885 	DATA 	Keypress: lshift
620.9890 	DATA 	Keypress: t
621.0884 	DATA 	Keypress: b
621.3882 	DATA 	Keypress: b
621.5882 	DATA 	Keypress: b
622.0051 	DATA 	Keypress: b
622.2883 	DATA 	Keypress: b
622.6735 	DATA 	Keypress: b
623.3049 	DATA 	Keypress: b
623.7884 	DATA 	Keypress: b
623.9383 	DATA 	Keypress: b
623.9884 	DATA 	Keypress: lshift
623.9889 	DATA 	Keypress: t
624.2885 	DATA 	Keypress: b
624.9555 	DATA 	Keypress: b
625.3383 	DATA 	Keypress: b
625.7215 	DATA 	Keypress: b
626.3881 	DATA 	Keypress: b
626.7718 	DATA 	Keypress: b
626.9884 	DATA 	Keypress: lshift
626.9889 	DATA 	Keypress: t
627.0382 	DATA 	Keypress: b
627.3385 	DATA 	Keypress: b
627.6217 	DATA 	Keypress: b
628.0385 	DATA 	Keypress: b
628.5718 	DATA 	Keypress: b
629.3214 	DATA 	Keypress: b
629.5070 	DATA 	Keypress: b
629.9382 	DATA 	Keypress: b
629.9884 	DATA 	Keypress: lshift
629.9890 	DATA 	Keypress: t
630.4215 	DATA 	Keypress: b
630.8219 	DATA 	Keypress: b
631.0549 	DATA 	end CS
631.1616 	DATA 	vend.png
631.5049 	DATA 	Keypress: b
632.9885 	DATA 	Keypress: lshift
632.9891 	DATA 	Keypress: t
635.9886 	DATA 	Keypress: lshift
635.9891 	DATA 	Keypress: t
637.0550 	DATA 	end CS
637.1448 	DATA 	yellow.png
638.9884 	DATA 	Keypress: lshift
638.9890 	DATA 	Keypress: t
641.9884 	DATA 	Keypress: lshift
641.9890 	DATA 	Keypress: t
644.0550 	DATA 	end CS
644.1370 	DATA 	vend.png
644.9884 	DATA 	Keypress: lshift
644.9891 	DATA 	Keypress: t
647.9887 	DATA 	Keypress: lshift
647.9893 	DATA 	Keypress: t
650.0549 	DATA 	end CS
650.1423 	DATA 	red.png
650.9883 	DATA 	Keypress: lshift
650.9888 	DATA 	Keypress: t
651.0221 	DATA 	Keypress: a
651.5053 	DATA 	Keypress: a
651.7050 	DATA 	Keypress: a
651.9550 	DATA 	Keypress: a
652.2215 	DATA 	Keypress: a
652.4887 	DATA 	Keypress: a
652.7717 	DATA 	Keypress: a
653.0218 	DATA 	Keypress: a
653.2714 	DATA 	Keypress: a
653.6883 	DATA 	Keypress: a
653.9884 	DATA 	Keypress: lshift
653.9889 	DATA 	Keypress: t
654.1549 	DATA 	Keypress: a
654.6216 	DATA 	Keypress: a
654.8051 	DATA 	Keypress: a
655.0716 	DATA 	Keypress: a
655.5551 	DATA 	Keypress: a
655.7717 	DATA 	Keypress: a
656.0215 	DATA 	Keypress: a
656.7549 	DATA 	Keypress: a
656.9551 	DATA 	Keypress: a
656.9883 	DATA 	Keypress: lshift
656.9888 	DATA 	Keypress: t
657.4548 	DATA 	Keypress: a
657.6573 	DATA 	Keypress: a
657.9049 	DATA 	Keypress: a
658.1051 	DATA 	Keypress: a
658.3340 	DATA 	Keypress: a
658.7543 	DATA 	Keypress: a
659.2545 	DATA 	Keypress: a
659.7711 	DATA 	Keypress: a
659.9879 	DATA 	Keypress: lshift
659.9884 	DATA 	Keypress: t
659.9910 	DATA 	Keypress: a
660.2044 	DATA 	Keypress: a
660.4377 	DATA 	Keypress: a
660.6718 	DATA 	Keypress: a
661.1051 	DATA 	Keypress: a
661.3218 	DATA 	Keypress: a
661.5404 	DATA 	Keypress: a
662.0549 	DATA 	Keypress: a
662.0564 	DATA 	end CS
662.1625 	DATA 	vend.png
662.4721 	DATA 	Keypress: a
662.9885 	DATA 	Keypress: lshift
662.9890 	DATA 	Keypress: t
665.9883 	DATA 	Keypress: lshift
665.9888 	DATA 	Keypress: t
668.0552 	DATA 	end CS
668.1439 	DATA 	blue.png
668.8723 	DATA 	Keypress: b
668.9887 	DATA 	Keypress: lshift
668.9892 	DATA 	Keypress: t
669.1237 	DATA 	Keypress: b
669.3554 	DATA 	Keypress: b
669.6219 	DATA 	Keypress: b
670.1550 	DATA 	Keypress: b
670.6217 	DATA 	Keypress: b
671.0383 	DATA 	Keypress: b
671.5550 	DATA 	Keypress: b
671.9717 	DATA 	Keypress: b
671.9885 	DATA 	Keypress: lshift
671.9891 	DATA 	Keypress: t
672.4384 	DATA 	Keypress: b
672.9550 	DATA 	Keypress: b
673.1740 	DATA 	Keypress: b
673.4218 	DATA 	Keypress: b
673.6405 	DATA 	Keypress: b
673.8884 	DATA 	Keypress: b
674.0552 	DATA 	end CS
674.1423 	DATA 	vend.png
674.3202 	DATA 	Keypress: b
674.9884 	DATA 	Keypress: lshift
674.9890 	DATA 	Keypress: t
677.9885 	DATA 	Keypress: lshift
677.9891 	DATA 	Keypress: t
680.0550 	DATA 	end CS
680.1523 	DATA 	green.png
680.9884 	DATA 	Keypress: lshift
680.9890 	DATA 	Keypress: t
683.9884 	DATA 	Keypress: lshift
683.9889 	DATA 	Keypress: t
686.0551 	DATA 	end CS
686.1434 	DATA 	vend.png
686.9884 	DATA 	Keypress: lshift
686.9890 	DATA 	Keypress: t
689.9884 	DATA 	Keypress: lshift
689.9890 	DATA 	Keypress: t
692.0552 	DATA 	end CS
692.1441 	DATA 	yellow.png
692.9888 	DATA 	Keypress: lshift
692.9893 	DATA 	Keypress: t
695.9885 	DATA 	Keypress: lshift
695.9894 	DATA 	Keypress: t
698.9886 	DATA 	Keypress: lshift
698.9891 	DATA 	Keypress: t
699.0552 	DATA 	end CS
699.1366 	DATA 	vend.png
701.9885 	DATA 	Keypress: lshift
701.9891 	DATA 	Keypress: t
704.9883 	DATA 	Keypress: lshift
704.9889 	DATA 	Keypress: t
705.0550 	DATA 	end CS
705.1501 	DATA 	red.png
706.0215 	DATA 	Keypress: a
706.2716 	DATA 	Keypress: a
706.5215 	DATA 	Keypress: a
706.9884 	DATA 	Keypress: a
707.3550 	DATA 	Keypress: a
707.6050 	DATA 	Keypress: a
707.8217 	DATA 	Keypress: a
707.9886 	DATA 	Keypress: lshift
707.9891 	DATA 	Keypress: t
708.0387 	DATA 	Keypress: a
708.2552 	DATA 	Keypress: a
708.4552 	DATA 	Keypress: a
708.7052 	DATA 	Keypress: a
709.1551 	DATA 	Keypress: a
709.3720 	DATA 	Keypress: a
709.6219 	DATA 	Keypress: a
710.3051 	DATA 	Keypress: a
710.5072 	DATA 	Keypress: a
710.9720 	DATA 	Keypress: a
710.9884 	DATA 	Keypress: lshift
710.9890 	DATA 	Keypress: t
711.1740 	DATA 	Keypress: a
711.3885 	DATA 	Keypress: a
711.6218 	DATA 	Keypress: a
711.8550 	DATA 	Keypress: a
712.0552 	DATA 	end CS
712.1504 	DATA 	vend.png
712.2885 	DATA 	Keypress: a
713.9887 	DATA 	Keypress: lshift
713.9893 	DATA 	Keypress: t
716.9886 	DATA 	Keypress: lshift
716.9891 	DATA 	Keypress: t
718.0553 	DATA 	end CS
718.1511 	DATA 	green.png
719.9886 	DATA 	Keypress: lshift
719.9891 	DATA 	Keypress: t
722.9886 	DATA 	Keypress: lshift
722.9892 	DATA 	Keypress: t
725.9886 	DATA 	Keypress: lshift
725.9891 	DATA 	Keypress: t
728.9886 	DATA 	Keypress: lshift
728.9892 	DATA 	Keypress: t
731.9884 	DATA 	Keypress: lshift
731.9889 	DATA 	Keypress: t
732.0551 	DATA 	end CS
732.1522 	DATA 	vend.png
734.9886 	DATA 	Keypress: lshift
734.9892 	DATA 	Keypress: t
737.9885 	DATA 	Keypress: lshift
737.9890 	DATA 	Keypress: t
738.0553 	DATA 	end CS
738.1474 	DATA 	blue.png
738.9220 	DATA 	Keypress: b
739.2217 	DATA 	Keypress: b
739.4723 	DATA 	Keypress: b
739.7571 	DATA 	Keypress: b
740.0409 	DATA 	Keypress: b
740.0551 	DATA 	end CS
740.1467 	DATA 	vend.png
740.4873 	DATA 	Keypress: b
740.9884 	DATA 	Keypress: lshift
740.9892 	DATA 	Keypress: t
743.9884 	DATA 	Keypress: lshift
743.9890 	DATA 	Keypress: t
746.0554 	DATA 	end CS
746.1517 	DATA 	yellow.png
746.9885 	DATA 	Keypress: lshift
746.9891 	DATA 	Keypress: t
749.9886 	DATA 	Keypress: lshift
749.9892 	DATA 	Keypress: t
752.9886 	DATA 	Keypress: lshift
752.9892 	DATA 	Keypress: t
754.0553 	DATA 	end CS
754.1611 	DATA 	vend.png
755.9887 	DATA 	Keypress: lshift
755.9892 	DATA 	Keypress: t
758.9885 	DATA 	Keypress: lshift
758.9890 	DATA 	Keypress: t
760.0555 	DATA 	end CS
760.1447 	DATA 	red.png
760.8884 	DATA 	Keypress: a
761.2051 	DATA 	Keypress: a
761.7723 	DATA 	Keypress: a
761.9886 	DATA 	Keypress: lshift
761.9892 	DATA 	Keypress: t
762.2719 	DATA 	Keypress: a
762.6049 	DATA 	Keypress: a
762.9242 	DATA 	Keypress: a
763.2384 	DATA 	Keypress: a
763.5052 	DATA 	Keypress: a
763.7885 	DATA 	Keypress: a
764.1054 	DATA 	Keypress: a
764.6387 	DATA 	Keypress: a
764.9553 	DATA 	Keypress: a
764.9884 	DATA 	Keypress: lshift
764.9889 	DATA 	Keypress: t
765.2554 	DATA 	Keypress: a
765.8550 	DATA 	Keypress: a
766.1055 	DATA 	Keypress: a
766.3745 	DATA 	Keypress: a
766.6225 	DATA 	Keypress: a
766.9052 	DATA 	Keypress: a
767.1552 	DATA 	Keypress: a
767.3885 	DATA 	Keypress: a
767.6387 	DATA 	Keypress: a
767.9885 	DATA 	Keypress: lshift
767.9890 	DATA 	Keypress: t
768.0551 	DATA 	Keypress: a
768.5552 	DATA 	Keypress: a
768.8391 	DATA 	Keypress: a
769.0885 	DATA 	Keypress: a
769.3216 	DATA 	Keypress: a
769.5386 	DATA 	Keypress: a
769.9719 	DATA 	Keypress: a
770.4215 	DATA 	Keypress: a
770.7217 	DATA 	Keypress: a
770.9886 	DATA 	Keypress: lshift
770.9891 	DATA 	Keypress: t
771.0554 	DATA 	end CS
771.1585 	DATA 	vend.png
771.1589 	DATA 	Keypress: a
771.5053 	DATA 	Keypress: a
773.9887 	DATA 	Keypress: lshift
773.9893 	DATA 	Keypress: t
776.9885 	DATA 	Keypress: lshift
776.9890 	DATA 	Keypress: t
777.0552 	DATA 	end CS
777.1568 	DATA 	green.png
779.9885 	DATA 	Keypress: lshift
779.9890 	DATA 	Keypress: t
782.9885 	DATA 	Keypress: lshift
782.9890 	DATA 	Keypress: t
785.9884 	DATA 	Keypress: lshift
785.9889 	DATA 	Keypress: t
788.9884 	DATA 	Keypress: lshift
788.9890 	DATA 	Keypress: t
791.0555 	DATA 	end CS
791.1470 	DATA 	vend.png
791.9886 	DATA 	Keypress: lshift
791.9892 	DATA 	Keypress: t
794.9885 	DATA 	Keypress: lshift
794.9891 	DATA 	Keypress: t
797.0556 	DATA 	end CS
797.1480 	DATA 	blue.png
797.9218 	DATA 	Keypress: b
797.9886 	DATA 	Keypress: lshift
797.9893 	DATA 	Keypress: t
798.4385 	DATA 	Keypress: b
798.7054 	DATA 	Keypress: b
799.1553 	DATA 	Keypress: b
799.6739 	DATA 	Keypress: b
800.0881 	DATA 	Keypress: b
800.3350 	DATA 	Keypress: b
800.5685 	DATA 	Keypress: b
800.7848 	DATA 	Keypress: b
800.9853 	DATA 	Keypress: lshift
800.9854 	DATA 	Keypress: t
801.0185 	DATA 	Keypress: b
801.2508 	DATA 	Keypress: b
801.5008 	DATA 	Keypress: b
801.9388 	DATA 	Keypress: b
802.2885 	DATA 	Keypress: b
802.9219 	DATA 	Keypress: b
803.1889 	DATA 	Keypress: b
803.6885 	DATA 	Keypress: b
803.8883 	DATA 	Keypress: b
803.9885 	DATA 	Keypress: lshift
803.9891 	DATA 	Keypress: t
804.1220 	DATA 	Keypress: b
804.4907 	DATA 	Keypress: b
805.0890 	DATA 	Keypress: b
806.0217 	DATA 	Keypress: b
806.0555 	DATA 	end CS
806.1471 	DATA 	vend.png
806.2552 	DATA 	Keypress: b
806.9887 	DATA 	Keypress: lshift
806.9892 	DATA 	Keypress: t
809.9885 	DATA 	Keypress: lshift
809.9891 	DATA 	Keypress: t
812.0554 	DATA 	end CS
812.1586 	DATA 	yellow.png
812.9885 	DATA 	Keypress: lshift
812.9891 	DATA 	Keypress: t
815.9885 	DATA 	Keypress: lshift
815.9891 	DATA 	Keypress: t
818.9889 	DATA 	Keypress: lshift
818.9894 	DATA 	Keypress: t
821.9886 	DATA 	Keypress: lshift
821.9892 	DATA 	Keypress: t
824.9887 	DATA 	Keypress: lshift
824.9892 	DATA 	Keypress: t
826.0554 	DATA 	end CS
826.1491 	DATA 	vend.png
827.9887 	DATA 	Keypress: lshift
827.9892 	DATA 	Keypress: t
830.9887 	DATA 	Keypress: lshift
830.9893 	DATA 	Keypress: t
832.0553 	DATA 	end CS
832.1479 	DATA 	red.png
832.8050 	DATA 	Keypress: a
833.0387 	DATA 	Keypress: a
833.4053 	DATA 	Keypress: a
833.7883 	DATA 	Keypress: a
833.9887 	DATA 	Keypress: lshift
833.9892 	DATA 	Keypress: t
834.2051 	DATA 	Keypress: a
834.4243 	DATA 	Keypress: a
834.7222 	DATA 	Keypress: a
835.0552 	DATA 	Keypress: a
835.5220 	DATA 	Keypress: a
835.9219 	DATA 	Keypress: a
836.1221 	DATA 	Keypress: a
836.4885 	DATA 	Keypress: a
836.7574 	DATA 	Keypress: a
836.9887 	DATA 	Keypress: lshift
836.9893 	DATA 	Keypress: t
837.0054 	DATA 	Keypress: a
837.2554 	DATA 	Keypress: a
837.4717 	DATA 	Keypress: a
837.6885 	DATA 	Keypress: a
837.9218 	DATA 	Keypress: a
838.3887 	DATA 	Keypress: a
838.6387 	DATA 	Keypress: a
838.9051 	DATA 	Keypress: a
839.1551 	DATA 	Keypress: a
839.3885 	DATA 	Keypress: a
839.9718 	DATA 	Keypress: a
839.9887 	DATA 	Keypress: lshift
839.9892 	DATA 	Keypress: t
840.0555 	DATA 	end CS
840.1522 	DATA 	vend.png
840.2192 	DATA 	Keypress: a
840.4559 	DATA 	Keypress: a
842.9886 	DATA 	Keypress: lshift
842.9891 	DATA 	Keypress: t
845.9885 	DATA 	Keypress: lshift
845.9891 	DATA 	Keypress: t
846.0556 	DATA 	end CS
846.1366 	DATA 	green.png
848.9887 	DATA 	Keypress: lshift
848.9892 	DATA 	Keypress: t
851.9888 	DATA 	Keypress: lshift
851.9895 	DATA 	Keypress: t
854.9887 	DATA 	Keypress: lshift
854.9892 	DATA 	Keypress: t
856.0554 	DATA 	end CS
856.1536 	DATA 	vend.png
857.9887 	DATA 	Keypress: lshift
857.9892 	DATA 	Keypress: t
860.9885 	DATA 	Keypress: lshift
860.9891 	DATA 	Keypress: t
862.0555 	DATA 	end CS
862.1474 	DATA 	blue.png
863.1053 	DATA 	Keypress: b
863.5885 	DATA 	Keypress: b
863.9884 	DATA 	Keypress: lshift
863.9890 	DATA 	Keypress: t
864.2885 	DATA 	Keypress: b
864.6887 	DATA 	Keypress: b
865.3217 	DATA 	Keypress: b
865.7552 	DATA 	Keypress: b
866.3051 	DATA 	Keypress: b
866.7382 	DATA 	Keypress: b
866.9886 	DATA 	Keypress: lshift
866.9892 	DATA 	Keypress: t
867.2390 	DATA 	Keypress: b
867.8218 	DATA 	Keypress: b
868.2218 	DATA 	Keypress: b
868.4553 	DATA 	Keypress: b
868.6884 	DATA 	Keypress: b
869.4391 	DATA 	Keypress: b
869.9887 	DATA 	Keypress: lshift
869.9892 	DATA 	Keypress: t
870.2219 	DATA 	Keypress: b
870.5554 	DATA 	Keypress: b
870.7884 	DATA 	Keypress: b
870.9886 	DATA 	Keypress: b
871.2052 	DATA 	Keypress: b
871.4220 	DATA 	Keypress: b
871.8385 	DATA 	Keypress: b
872.0554 	DATA 	end CS
872.1545 	DATA 	vend.png
872.9887 	DATA 	Keypress: lshift
872.9893 	DATA 	Keypress: t
875.9885 	DATA 	Keypress: lshift
875.9891 	DATA 	Keypress: t
878.0557 	DATA 	end CS
878.1409 	DATA 	yellow.png
878.9887 	DATA 	Keypress: lshift
878.9893 	DATA 	Keypress: t
881.9888 	DATA 	Keypress: lshift
881.9893 	DATA 	Keypress: t
884.9886 	DATA 	Keypress: lshift
884.9891 	DATA 	Keypress: t
885.0558 	DATA 	end CS
885.1508 	DATA 	vend.png
887.9887 	DATA 	Keypress: lshift
887.9893 	DATA 	Keypress: t
890.9885 	DATA 	Keypress: lshift
890.9891 	DATA 	Keypress: t
891.0558 	DATA 	end CS
891.1518 	DATA 	red.png
891.9551 	DATA 	Keypress: a
892.4222 	DATA 	Keypress: a
892.6553 	DATA 	Keypress: a
892.8885 	DATA 	Keypress: a
893.5075 	DATA 	Keypress: a
893.9888 	DATA 	Keypress: lshift
893.9893 	DATA 	Keypress: t
894.3385 	DATA 	Keypress: a
894.7058 	DATA 	Keypress: a
894.9246 	DATA 	Keypress: a
895.1719 	DATA 	Keypress: a
895.5407 	DATA 	Keypress: a
895.9553 	DATA 	Keypress: a
896.3553 	DATA 	Keypress: a
896.8719 	DATA 	Keypress: a
896.9885 	DATA 	Keypress: lshift
896.9890 	DATA 	Keypress: t
897.0889 	DATA 	Keypress: a
897.2721 	DATA 	Keypress: a
897.4390 	DATA 	Keypress: a
897.6388 	DATA 	Keypress: a
898.0240 	DATA 	Keypress: a
898.4054 	DATA 	Keypress: a
898.6055 	DATA 	Keypress: a
898.8221 	DATA 	Keypress: a
899.4722 	DATA 	Keypress: a
899.9885 	DATA 	Keypress: lshift
899.9891 	DATA 	Keypress: t
900.1719 	DATA 	Keypress: a
900.5223 	DATA 	Keypress: a
900.7384 	DATA 	Keypress: a
900.9718 	DATA 	Keypress: a
901.2221 	DATA 	Keypress: a
901.4225 	DATA 	Keypress: a
901.6551 	DATA 	Keypress: a
901.8582 	DATA 	Keypress: a
902.0555 	DATA 	end CS
902.1567 	DATA 	vend.png
902.1571 	DATA 	Keypress: a
902.9888 	DATA 	Keypress: lshift
902.9894 	DATA 	Keypress: t
905.9886 	DATA 	Keypress: lshift
905.9892 	DATA 	Keypress: t
908.0558 	DATA 	end CS
908.1435 	DATA 	blue.png
908.8385 	DATA 	Keypress: b
908.9887 	DATA 	Keypress: lshift
908.9892 	DATA 	Keypress: t
909.2717 	DATA 	Keypress: b
909.4891 	DATA 	Keypress: b
909.7052 	DATA 	Keypress: b
910.3049 	DATA 	Keypress: b
910.6385 	DATA 	Keypress: b
911.0074 	DATA 	Keypress: b
911.3385 	DATA 	Keypress: b
911.7413 	DATA 	Keypress: b
911.9886 	DATA 	Keypress: lshift
911.9892 	DATA 	Keypress: t
912.1384 	DATA 	Keypress: b
912.3217 	DATA 	Keypress: b
912.5053 	DATA 	Keypress: b
912.9055 	DATA 	Keypress: b
913.3052 	DATA 	Keypress: b
913.5052 	DATA 	Keypress: b
913.6719 	DATA 	Keypress: b
913.8553 	DATA 	Keypress: b
914.0719 	DATA 	Keypress: b
914.4052 	DATA 	Keypress: b
914.8054 	DATA 	Keypress: b
914.9887 	DATA 	Keypress: lshift
914.9893 	DATA 	Keypress: t
915.2386 	DATA 	Keypress: b
915.4385 	DATA 	Keypress: b
915.6227 	DATA 	Keypress: b
915.8052 	DATA 	Keypress: b
916.0053 	DATA 	Keypress: b
916.3722 	DATA 	Keypress: b
916.7884 	DATA 	Keypress: b
917.1407 	DATA 	Keypress: b
917.4719 	DATA 	Keypress: b
917.8885 	DATA 	Keypress: b
917.9889 	DATA 	Keypress: lshift
917.9894 	DATA 	Keypress: t
918.2888 	DATA 	Keypress: b
918.4560 	DATA 	Keypress: b
918.6720 	DATA 	Keypress: b
919.0385 	DATA 	Keypress: b
919.0559 	DATA 	end CS
919.1453 	DATA 	vend.png
919.4228 	DATA 	Keypress: b
920.9887 	DATA 	Keypress: lshift
920.9892 	DATA 	Keypress: t
923.9887 	DATA 	Keypress: lshift
923.9893 	DATA 	Keypress: t
925.0554 	DATA 	end CS
925.1435 	DATA 	green.png
926.9876 	DATA 	Keypress: lshift
926.9880 	DATA 	Keypress: t
929.0557 	DATA 	end CS
929.1432 	DATA 	vend.png
929.9884 	DATA 	Keypress: lshift
929.9890 	DATA 	Keypress: t
932.9887 	DATA 	Keypress: lshift
932.9892 	DATA 	Keypress: t
935.0558 	DATA 	end CS
935.1472 	DATA 	yellow.png
935.9889 	DATA 	Keypress: lshift
935.9894 	DATA 	Keypress: t
938.9889 	DATA 	Keypress: lshift
938.9894 	DATA 	Keypress: t
941.9887 	DATA 	Keypress: lshift
941.9893 	DATA 	Keypress: t
944.9886 	DATA 	Keypress: lshift
944.9892 	DATA 	Keypress: t
947.0558 	DATA 	end CS
947.1551 	DATA 	vend.png
947.9891 	DATA 	Keypress: lshift
947.9897 	DATA 	Keypress: t
950.9887 	DATA 	Keypress: lshift
950.9893 	DATA 	Keypress: t
953.0557 	DATA 	end CS
953.1444 	DATA 	green.png
953.9885 	DATA 	Keypress: lshift
953.9891 	DATA 	Keypress: t
956.9886 	DATA 	Keypress: lshift
956.9892 	DATA 	Keypress: t
959.9893 	DATA 	Keypress: lshift
959.9898 	DATA 	Keypress: t
962.9889 	DATA 	Keypress: lshift
962.9895 	DATA 	Keypress: t
963.0558 	DATA 	end CS
963.1451 	DATA 	vend.png
965.9887 	DATA 	Keypress: lshift
965.9892 	DATA 	Keypress: t
968.9888 	DATA 	Keypress: lshift
968.9894 	DATA 	Keypress: t
969.0557 	DATA 	end CS
969.1525 	DATA 	red.png
970.0577 	DATA 	Keypress: a
970.3720 	DATA 	Keypress: a
970.7554 	DATA 	Keypress: a
971.2391 	DATA 	Keypress: a
971.5885 	DATA 	Keypress: a
971.8556 	DATA 	Keypress: a
971.9891 	DATA 	Keypress: lshift
971.9897 	DATA 	Keypress: t
972.2219 	DATA 	Keypress: a
972.5389 	DATA 	Keypress: a
972.8555 	DATA 	Keypress: a
973.1886 	DATA 	Keypress: a
973.7887 	DATA 	Keypress: a
974.1062 	DATA 	Keypress: a
974.4722 	DATA 	Keypress: a
974.8554 	DATA 	Keypress: a
974.9887 	DATA 	Keypress: lshift
974.9893 	DATA 	Keypress: t
975.1888 	DATA 	Keypress: a
975.4890 	DATA 	Keypress: a
975.8718 	DATA 	Keypress: a
976.5056 	DATA 	Keypress: a
976.8552 	DATA 	Keypress: a
977.1885 	DATA 	Keypress: a
977.4889 	DATA 	Keypress: a
977.8722 	DATA 	Keypress: a
977.9888 	DATA 	Keypress: lshift
977.9895 	DATA 	Keypress: t
978.0559 	DATA 	end CS
978.1453 	DATA 	vend.png
980.9889 	DATA 	Keypress: lshift
980.9895 	DATA 	Keypress: t
983.9891 	DATA 	Keypress: lshift
983.9896 	DATA 	Keypress: t
984.0559 	DATA 	end CS
984.1463 	DATA 	blue.png
984.9887 	DATA 	Keypress: b
985.2220 	DATA 	Keypress: b
985.9555 	DATA 	Keypress: b
986.5724 	DATA 	Keypress: b
986.9389 	DATA 	Keypress: b
986.9886 	DATA 	Keypress: lshift
986.9892 	DATA 	Keypress: t
987.3552 	DATA 	Keypress: b
987.9079 	DATA 	Keypress: b
988.2719 	DATA 	Keypress: b
988.6556 	DATA 	Keypress: b
988.9721 	DATA 	Keypress: b
989.3556 	DATA 	Keypress: b
989.6561 	DATA 	Keypress: b
989.9895 	DATA 	Keypress: lshift
989.9900 	DATA 	Keypress: t
989.9915 	DATA 	Keypress: b
990.6397 	DATA 	Keypress: b
990.9719 	DATA 	Keypress: b
991.3555 	DATA 	Keypress: b
991.6885 	DATA 	Keypress: b
992.0721 	DATA 	Keypress: b
992.3910 	DATA 	Keypress: b
992.7416 	DATA 	Keypress: b
992.9893 	DATA 	Keypress: lshift
992.9899 	DATA 	Keypress: t
993.0559 	DATA 	end CS
993.1475 	DATA 	vend.png
993.3891 	DATA 	Keypress: b
995.9887 	DATA 	Keypress: lshift
995.9892 	DATA 	Keypress: t
998.9887 	DATA 	Keypress: lshift
998.9893 	DATA 	Keypress: t
999.0559 	DATA 	end CS
999.1466 	DATA 	yellow.png
1001.9890 	DATA 	Keypress: lshift
1001.9896 	DATA 	Keypress: t
1004.9888 	DATA 	Keypress: lshift
1004.9894 	DATA 	Keypress: t
1007.9887 	DATA 	Keypress: lshift
1007.9893 	DATA 	Keypress: t
1009.0559 	DATA 	end CS
1009.1449 	DATA 	vend.png
1010.9889 	DATA 	Keypress: lshift
1010.9894 	DATA 	Keypress: t
1013.9890 	DATA 	Keypress: lshift
1013.9895 	DATA 	Keypress: t
1015.0558 	DATA 	end CS
1015.1430 	DATA 	red.png
1015.8047 	DATA 	Keypress: a
1016.2546 	DATA 	Keypress: a
1016.6219 	DATA 	Keypress: a
1016.8882 	DATA 	Keypress: a
1016.9882 	DATA 	Keypress: lshift
1016.9887 	DATA 	Keypress: t
1017.2883 	DATA 	Keypress: a
1017.5548 	DATA 	Keypress: a
1017.8714 	DATA 	Keypress: a
1018.1380 	DATA 	Keypress: a
1018.3550 	DATA 	Keypress: a
1019.0054 	DATA 	Keypress: a
1019.6054 	DATA 	Keypress: a
1019.9555 	DATA 	Keypress: a
1019.9888 	DATA 	Keypress: lshift
1019.9894 	DATA 	Keypress: t
1020.6556 	DATA 	Keypress: a
1021.0561 	DATA 	end CS
1021.1368 	DATA 	vend.png
1021.2555 	DATA 	Keypress: a
1022.9891 	DATA 	Keypress: lshift
1022.9897 	DATA 	Keypress: t
1025.9890 	DATA 	Keypress: lshift
1025.9897 	DATA 	Keypress: t
1027.0559 	DATA 	end CS
1027.1448 	DATA 	green.png
1028.9889 	DATA 	Keypress: lshift
1028.9894 	DATA 	Keypress: t
1031.9888 	DATA 	Keypress: lshift
1031.9894 	DATA 	Keypress: t
1032.0558 	DATA 	end CS
1032.1481 	DATA 	vend.png
1034.9894 	DATA 	Keypress: lshift
1034.9900 	DATA 	Keypress: t
1037.9886 	DATA 	Keypress: lshift
1037.9892 	DATA 	Keypress: t
1038.0561 	DATA 	end CS
1038.1445 	DATA 	blue.png
1038.7054 	DATA 	Keypress: b
1038.9389 	DATA 	Keypress: b
1039.1387 	DATA 	Keypress: b
1039.3552 	DATA 	Keypress: b
1039.6892 	DATA 	Keypress: b
1040.0722 	DATA 	Keypress: b
1040.3720 	DATA 	Keypress: b
1040.5721 	DATA 	Keypress: b
1040.9224 	DATA 	Keypress: b
1040.9887 	DATA 	Keypress: lshift
1040.9893 	DATA 	Keypress: t
1041.4555 	DATA 	Keypress: b
1041.6554 	DATA 	Keypress: b
1041.8387 	DATA 	Keypress: b
1042.0252 	DATA 	Keypress: b
1042.3721 	DATA 	Keypress: b
1042.7219 	DATA 	Keypress: b
1042.9888 	DATA 	Keypress: b
1043.1722 	DATA 	Keypress: b
1043.5058 	DATA 	Keypress: b
1043.8386 	DATA 	Keypress: b
1043.9891 	DATA 	Keypress: lshift
1043.9897 	DATA 	Keypress: t
1044.0222 	DATA 	Keypress: b
1044.2056 	DATA 	Keypress: b
1045.0223 	DATA 	Keypress: b
1045.2220 	DATA 	Keypress: b
1045.4221 	DATA 	Keypress: b
1045.9894 	DATA 	Keypress: b
1046.6227 	DATA 	Keypress: b
1046.9892 	DATA 	Keypress: lshift
1046.9897 	DATA 	Keypress: t
1047.6911 	DATA 	Keypress: b
1048.1052 	DATA 	Keypress: b
1048.5911 	DATA 	Keypress: b
1048.9553 	DATA 	Keypress: b
1049.9722 	DATA 	Keypress: b
1049.9890 	DATA 	Keypress: lshift
1049.9896 	DATA 	Keypress: t
1050.4413 	DATA 	Keypress: b
1050.9720 	DATA 	Keypress: b
1051.3220 	DATA 	Keypress: b
1052.1222 	DATA 	Keypress: b
1052.3054 	DATA 	Keypress: b
1052.5054 	DATA 	Keypress: b
1052.6726 	DATA 	Keypress: b
1052.9890 	DATA 	Keypress: lshift
1052.9895 	DATA 	Keypress: t
1053.0559 	DATA 	end CS
1053.1513 	DATA 	vend.png
1053.3722 	DATA 	Keypress: b
1055.9891 	DATA 	Keypress: lshift
1055.9897 	DATA 	Keypress: t
1058.9891 	DATA 	Keypress: lshift
1058.9897 	DATA 	Keypress: t
1059.0559 	DATA 	end CS
1059.1475 	DATA 	yellow.png
1061.9888 	DATA 	Keypress: lshift
1061.9894 	DATA 	Keypress: t
1064.9890 	DATA 	Keypress: lshift
1064.9896 	DATA 	Keypress: t
1067.0561 	DATA 	end CS
1067.1459 	DATA 	vend.png
1067.9899 	DATA 	Keypress: lshift
1067.9905 	DATA 	Keypress: t
1073.0560 	DATA 	end CS
